[2026-06-07 14:06:01] [INFO] 开场动画播放完毕
[2026-06-07 14:06:01] [INFO] 模式选择面板加载完毕
[2026-06-07 14:06:01] [INFO] 联机对战面板加载完毕
[2026-06-07 14:06:01] [INFO] 已切换到游戏菜单
[2026-06-07 14:06:01] [INFO] 游戏菜单加载完毕
[2026-06-07 14:06:06] [INFO] 开场动画播放完毕
[2026-06-07 14:06:07] [INFO] 模式选择面板加载完毕
[2026-06-07 14:06:07] [INFO] 联机对战面板加载完毕
[2026-06-07 14:06:08] [INFO] 已切换到游戏菜单
[2026-06-07 14:06:08] [INFO] 游戏菜单加载完毕
[2026-06-07 14:06:22] [INFO] 开始游戏按钮被点击 → 进入模式选择
[2026-06-07 14:06:23] [INFO] 开始游戏按钮被点击 → 进入模式选择
[2026-06-07 14:06:24] [INFO] 选择模式：联机对战
[2026-06-07 14:06:26] [INFO] 联机：创建房间
[2026-06-07 14:06:26] [INFO] 自动启动本地服务端...
[2026-06-07 14:06:26] [INFO] 选择模式：联机对战
[2026-06-07 14:06:27] [INFO] 联机：创建房间
[2026-06-07 14:06:27] [INFO] 自动启动本地服务端...
[2026-06-07 14:06:28] [INFO] 联机：创建房间
[2026-06-07 14:06:28] [INFO] 自动启动本地服务端...
[2026-06-07 14:06:31] [INFO] 联机：创建房间
[2026-06-07 14:06:31] [INFO] 自动启动本地服务端...
[2026-06-07 14:06:33] [INFO] 开始游戏按钮被点击 → 进入模式选择
[2026-06-07 14:06:34] [INFO] 选择模式：联机对战
[2026-06-07 14:06:41] [INFO] 开始游戏按钮被点击 → 进入模式选择
[2026-06-07 14:06:42] [INFO] 选择模式：联机对战
[2026-06-07 14:06:43] [INFO] 联机：创建房间
[2026-06-07 14:06:43] [INFO] 自动启动本地服务端...
[2026-06-07 14:06:48] [INFO] 开场动画播放完毕
[2026-06-07 14:06:49] [INFO] 模式选择面板加载完毕
[2026-06-07 14:06:49] [INFO] 联机对战面板加载完毕
[2026-06-07 14:06:49] [INFO] 已切换到游戏菜单
[2026-06-07 14:06:49] [INFO] 游戏菜单加载完毕
[2026-06-07 14:06:51] [INFO] 开始游戏按钮被点击 → 进入模式选择
[2026-06-07 14:06:52] [INFO] 开场动画播放完毕
[2026-06-07 14:06:52] [INFO] 模式选择面板加载完毕
[2026-06-07 14:06:52] [INFO] 联机对战面板加载完毕
[2026-06-07 14:06:52] [INFO] 已切换到游戏菜单
[2026-06-07 14:06:52] [INFO] 游戏菜单加载完毕
[2026-06-07 14:06:53] [INFO] 选择模式：联机对战
[2026-06-07 14:06:54] [INFO] 开始游戏按钮被点击 → 进入模式选择
[2026-06-07 14:06:55] [INFO] 选择模式：联机对战
[2026-06-07 14:06:57] [INFO] 联机：创建房间
[2026-06-07 14:06:57] [INFO] 自动启动本地服务端...
[2026-06-07 14:07:14] [INFO] 开场动画播放完毕
[2026-06-07 14:07:14] [INFO] 模式选择面板加载完毕
[2026-06-07 14:07:14] [INFO] 联机对战面板加载完毕
[2026-06-07 14:07:14] [INFO] 已切换到游戏菜单
[2026-06-07 14:07:14] [INFO] 游戏菜单加载完毕
[2026-06-07 14:07:41] [INFO] 开场动画播放完毕
[2026-06-07 14:07:41] [INFO] 模式选择面板加载完毕
[2026-06-07 14:07:41] [INFO] 联机对战面板加载完毕
[2026-06-07 14:07:41] [INFO] 已切换到游戏菜单
[2026-06-07 14:07:41] [INFO] 游戏菜单加载完毕
[2026-06-07 14:07:43] [INFO] 开始游戏按钮被点击 → 进入模式选择
[2026-06-07 14:07:44] [INFO] 开始游戏按钮被点击 → 进入模式选择
[2026-06-07 14:07:44] [INFO] 选择模式：联机对战
[2026-06-07 14:07:45] [INFO] 选择模式：联机对战
[2026-06-07 14:07:47] [INFO] 联机：创建房间
[2026-06-07 14:07:47] [INFO] 服务端已在运行（端口 8080 被占用），跳过启动
[2026-06-07 14:07:47] [INFO] 联机：创建房间
[2026-06-07 14:07:48] [INFO] 服务端已在运行（端口 8080 被占用），跳过启动
[2026-06-07 14:08:22] [INFO] 开场动画播放完毕
[2026-06-07 14:08:22] [INFO] 模式选择面板加载完毕
[2026-06-07 14:08:22] [INFO] 联机对战面板加载完毕
[2026-06-07 14:08:22] [INFO] 已切换到游戏菜单
[2026-06-07 14:08:22] [INFO] 游戏菜单加载完毕
[2026-06-07 14:08:26] [INFO] 开场动画播放完毕
[2026-06-07 14:08:27] [INFO] 模式选择面板加载完毕
[2026-06-07 14:08:27] [INFO] 联机对战面板加载完毕
[2026-06-07 14:08:27] [INFO] 已切换到游戏菜单
[2026-06-07 14:08:27] [INFO] 游戏菜单加载完毕
[2026-06-07 14:08:28] [INFO] 开始游戏按钮被点击 → 进入模式选择
[2026-06-07 14:08:31] [INFO] 选择模式：联机对战
[2026-06-07 14:08:32] [INFO] 开始游戏按钮被点击 → 进入模式选择
[2026-06-07 14:08:32] [INFO] 选择模式：联机对战
[2026-06-07 14:08:33] [INFO] 联机：创建房间
[2026-06-07 14:08:33] [INFO] 服务端已在运行（端口 8080 被占用），跳过启动
[2026-06-07 14:08:57] [INFO] 联机：创建房间
[2026-06-07 14:08:57] [INFO] 自动启动本地服务端...
[2026-06-07 14:09:47] [INFO] 开场动画播放完毕
[2026-06-07 14:09:47] [INFO] 模式选择面板加载完毕
[2026-06-07 14:09:47] [INFO] 联机对战面板加载完毕
[2026-06-07 14:09:47] [INFO] 已切换到游戏菜单
[2026-06-07 14:09:47] [INFO] 游戏菜单加载完毕
[2026-06-07 14:09:49] [INFO] 开场动画播放完毕
[2026-06-07 14:09:49] [INFO] 模式选择面板加载完毕
[2026-06-07 14:09:49] [INFO] 联机对战面板加载完毕
[2026-06-07 14:09:49] [INFO] 已切换到游戏菜单
[2026-06-07 14:09:49] [INFO] 游戏菜单加载完毕
[2026-06-07 14:09:50] [INFO] 开始游戏按钮被点击 → 进入模式选择
[2026-06-07 14:09:51] [INFO] 开始游戏按钮被点击 → 进入模式选择
[2026-06-07 14:09:55] [INFO] 选择模式：联机对战
[2026-06-07 14:09:56] [INFO] 联机：创建房间
[2026-06-07 14:09:56] [INFO] 服务端已在运行（端口 8080 被占用），跳过启动
[2026-06-07 14:09:57] [INFO] 选择模式：联机对战
[2026-06-07 14:10:00] [INFO] 联机：加入房间 7851
[2026-06-07 14:11:15] [INFO] 开场动画播放完毕
[2026-06-07 14:11:16] [INFO] 模式选择面板加载完毕
[2026-06-07 14:11:16] [INFO] 联机对战面板加载完毕
[2026-06-07 14:11:16] [INFO] 已切换到游戏菜单
[2026-06-07 14:11:16] [INFO] 游戏菜单加载完毕
[2026-06-07 14:11:27] [INFO] 开场动画播放完毕
[2026-06-07 14:11:28] [INFO] 模式选择面板加载完毕
[2026-06-07 14:11:28] [INFO] 联机对战面板加载完毕
[2026-06-07 14:11:28] [INFO] 已切换到游戏菜单
[2026-06-07 14:11:28] [INFO] 游戏菜单加载完毕
[2026-06-07 14:11:31] [INFO] 开始游戏按钮被点击 → 进入模式选择
[2026-06-07 14:11:36] [INFO] 开场动画播放完毕
[2026-06-07 14:11:36] [INFO] 模式选择面板加载完毕
[2026-06-07 14:11:36] [INFO] 联机对战面板加载完毕
[2026-06-07 14:11:36] [INFO] 已切换到游戏菜单
[2026-06-07 14:11:36] [INFO] 游戏菜单加载完毕
[2026-06-07 14:11:39] [INFO] 开始游戏按钮被点击 → 进入模式选择
[2026-06-07 14:11:39] [INFO] 选择模式：双人对战
[2026-06-07 14:11:45] [INFO] 开场动画播放完毕
[2026-06-07 14:11:45] [INFO] 模式选择面板加载完毕
[2026-06-07 14:11:45] [INFO] 联机对战面板加载完毕
[2026-06-07 14:11:45] [INFO] 已切换到游戏菜单
[2026-06-07 14:11:45] [INFO] 游戏菜单加载完毕
[2026-06-07 14:11:48] [INFO] 选择模式：联机对战
[2026-06-07 14:11:50] [INFO] 开始游戏按钮被点击 → 进入模式选择
[2026-06-07 14:11:51] [INFO] 选择模式：联机对战
[2026-06-07 14:11:52] [INFO] 联机：创建房间
[2026-06-07 14:11:52] [INFO] 服务端已在运行（端口 8080 被占用），跳过启动
[2026-06-07 14:11:54] [INFO] 联机：创建房间
[2026-06-07 14:11:54] [INFO] 服务端已在运行（端口 8080 被占用），跳过启动
[2026-06-07 14:11:58] [INFO] 开始游戏按钮被点击 → 进入模式选择
[2026-06-07 14:11:58] [INFO] 选择模式：联机对战
[2026-06-07 14:12:02] [INFO] 联机：加入房间 7825
[2026-06-07 14:12:07] [INFO] naiLong 投掷出了 1 点
[2026-06-07 14:12:07] [INFO] naiLong 投掷出了 1 点
[2026-06-07 14:12:07] [INFO] naiLong 走了 1 步，到达格子 #1
[2026-06-07 14:12:08] [INFO] naiLong 进入 [小吃街] 格子（索引 1）
[2026-06-07 14:12:08] [INFO] naiLong 触发事件：重返高中 —— HP-20，停止一回合
[2026-06-07 14:12:09] [WARN] naiLong 生命减少 20，当前 HP=80
[2026-06-07 14:12:09] [INFO] ====== 第 1 回合 ======
[2026-06-07 14:12:09] [INFO] 轮到 xiaoMei（我） 行动
[2026-06-07 14:12:09] [INFO] ====== 第 1 回合 ======
[2026-06-07 14:12:09] [INFO] 轮到 xiaoMei（对方） 行动
[2026-06-07 14:12:11] [INFO] xiaoMei 投掷出了 4 点
[2026-06-07 14:12:11] [INFO] xiaoMei 投掷出了 4 点
[2026-06-07 14:12:11] [INFO] xiaoMei 走了 4 步，到达格子 #4
[2026-06-07 14:12:12] [INFO] xiaoMei 进入 [体育馆1] 格子（索引 4）
[2026-06-07 14:12:13] [WARN] xiaoMei 金钱减少 2000，当前 $8000
[2026-06-07 14:12:13] [WARN] xiaoMei 金钱减少 2000，当前 $8000
[2026-06-07 14:12:13] [INFO] xiaoMei 购买了 体育馆1，花费 $2000
[2026-06-07 14:12:13] [INFO] 轮到 xiaoMei（对方） 行动
[2026-06-07 14:12:15] [INFO] 轮到 xiaoMei（我） 行动
[2026-06-07 14:12:21] [INFO] xiaoMei 投掷出了 1 点
[2026-06-07 14:12:21] [INFO] xiaoMei 投掷出了 1 点
[2026-06-07 14:12:21] [INFO] xiaoMei 走了 1 步，到达格子 #5
[2026-06-07 14:12:22] [INFO] xiaoMei 进入 [旅馆] 格子（索引 5）
[2026-06-07 14:12:23] [WARN] xiaoMei 金钱减少 3000，当前 $5000
[2026-06-07 14:12:23] [WARN] xiaoMei 金钱减少 3000，当前 $5000
[2026-06-07 14:12:23] [INFO] xiaoMei 购买了 旅馆，花费 $3000
[2026-06-07 14:12:23] [INFO] ====== 第 2 回合 ======
[2026-06-07 14:12:23] [INFO] 轮到 naiLong（对方） 行动
[2026-06-07 14:12:23] [INFO] ====== 第 2 回合 ======
[2026-06-07 14:12:23] [INFO] 轮到 naiLong（我） 行动
