[2026-06-01 16:08:34] [INFO] 开场动画播放完毕
[2026-06-01 16:08:34] [INFO] 已切换到游戏菜单
[2026-06-01 16:08:34] [INFO] 游戏菜单加载完毕
[2026-06-01 16:08:43] [INFO] 开场动画播放完毕
[2026-06-01 16:08:43] [INFO] 已切换到游戏菜单
[2026-06-01 16:08:43] [INFO] 游戏菜单加载完毕
[2026-06-01 16:08:45] [INFO] 开场动画播放完毕
[2026-06-01 16:08:45] [INFO] 已切换到游戏菜单
[2026-06-01 16:08:45] [INFO] 游戏菜单加载完毕
[2026-06-01 16:08:48] [INFO] 开始游戏按钮被点击
[2026-06-01 16:08:49] [INFO] 游戏模式：双人对战
[2026-06-01 16:14:01] [INFO] 开场动画播放完毕
[2026-06-01 16:14:01] [INFO] 模式选择面板加载完毕
[2026-06-01 16:14:01] [INFO] 已切换到游戏菜单
[2026-06-01 16:14:01] [INFO] 游戏菜单加载完毕
[2026-06-01 16:14:03] [INFO] 开始游戏按钮被点击 → 进入模式选择
[2026-06-01 16:14:56] [INFO] 开场动画播放完毕
[2026-06-01 16:14:56] [INFO] 模式选择面板加载完毕
[2026-06-01 16:14:56] [INFO] 已切换到游戏菜单
[2026-06-01 16:14:56] [INFO] 游戏菜单加载完毕
[2026-06-01 16:14:59] [INFO] 开始游戏按钮被点击 → 进入模式选择
[2026-06-01 16:15:06] [INFO] 选择模式：双人对战
[2026-06-01 16:15:08] [INFO] naiLong 投掷出了 4 点
[2026-06-01 16:15:08] [INFO] ====== 第 1 回合 ======
[2026-06-01 16:15:10] [INFO] naiLong 进入 [体育馆1] 格子（索引 4）
[2026-06-01 16:15:11] [WARN] naiLong 金钱减少 2000，当前 $8000
[2026-06-01 16:15:15] [INFO] xiaoMei 投掷出了 2 点
[2026-06-01 16:15:15] [INFO] ====== 第 2 回合 ======
[2026-06-01 16:15:16] [INFO] xiaoMei 进入 [居民楼1] 格子（索引 2）
[2026-06-01 16:15:17] [WARN] xiaoMei 金钱减少 1500，当前 $8500
[2026-06-01 16:15:19] [INFO] naiLong 投掷出了 5 点
[2026-06-01 16:15:19] [INFO] ====== 第 3 回合 ======
[2026-06-01 16:15:20] [INFO] naiLong 进入 [医院] 格子（索引 9）
[2026-06-01 16:15:23] [INFO] xiaoMei 投掷出了 5 点
[2026-06-01 16:15:23] [INFO] ====== 第 4 回合 ======
[2026-06-01 16:15:25] [INFO] xiaoMei 进入 [抽卡点] 格子（索引 7）
[2026-06-01 16:15:25] [INFO] xiaoMei 抽到了 [万能骰子]
[2026-06-01 16:15:28] [INFO] naiLong 投掷出了 1 点
[2026-06-01 16:15:28] [INFO] ====== 第 5 回合 ======
[2026-06-01 16:15:29] [INFO] naiLong 进入 [居民楼3] 格子（索引 10）
[2026-06-01 16:15:30] [WARN] naiLong 金钱减少 1500，当前 $6500
[2026-06-01 16:15:31] [INFO] xiaoMei 投掷出了 2 点
[2026-06-01 16:15:31] [INFO] ====== 第 6 回合 ======
[2026-06-01 16:15:32] [INFO] xiaoMei 进入 [医院] 格子（索引 9）
[2026-06-01 16:15:35] [INFO] naiLong 投掷出了 5 点
[2026-06-01 16:15:35] [INFO] ====== 第 7 回合 ======
[2026-06-01 16:15:36] [INFO] naiLong 进入 [牢中] 格子（索引 15）
[2026-06-01 16:15:40] [INFO] xiaoMei 投掷出了 2 点
[2026-06-01 16:15:40] [INFO] ====== 第 8 回合 ======
[2026-06-01 16:15:41] [INFO] xiaoMei 进入 [公园] 格子（索引 11）
[2026-06-01 16:15:42] [WARN] xiaoMei 金钱减少 8000，当前 $500
[2026-06-01 16:15:52] [INFO] 开场动画播放完毕
[2026-06-01 16:15:52] [INFO] 模式选择面板加载完毕
[2026-06-01 16:15:52] [INFO] 已切换到游戏菜单
[2026-06-01 16:15:52] [INFO] 游戏菜单加载完毕
[2026-06-01 16:15:53] [INFO] 开始游戏按钮被点击 → 进入模式选择
[2026-06-01 16:15:54] [INFO] 选择模式：人机对战
[2026-06-01 16:15:54] [INFO] AI 模式已开启：玩家2（AI·xiaoMei）由 AI 控制
[2026-06-01 16:15:55] [INFO] naiLong 投掷出了 6 点
[2026-06-01 16:15:55] [INFO] ====== 第 1 回合 ======
[2026-06-01 16:15:57] [INFO] naiLong 进入 [空地] 格子（索引 6）
[2026-06-01 16:15:58] [INFO] AI·xiaoMei（AI）决定使用道具：路障，目标：AI·xiaoMei
[2026-06-01 16:15:59] [INFO] AI·xiaoMei 投掷出了 4 点
[2026-06-01 16:15:59] [INFO] ====== 第 2 回合 ======
[2026-06-01 16:16:00] [INFO] AI·xiaoMei 进入 [体育馆1] 格子（索引 4）
[2026-06-01 16:16:00] [WARN] AI·xiaoMei 金钱减少 2000，当前 $8000
[2026-06-01 16:16:25] [INFO] 开场动画播放完毕
[2026-06-01 16:16:26] [INFO] 模式选择面板加载完毕
[2026-06-01 16:16:26] [INFO] 已切换到游戏菜单
[2026-06-01 16:16:26] [INFO] 游戏菜单加载完毕
[2026-06-01 16:16:34] [INFO] 开始游戏按钮被点击 → 进入模式选择
[2026-06-01 16:16:35] [INFO] 选择模式：人机对战
[2026-06-01 16:16:35] [INFO] AI 模式已开启：玩家2（AI·xiaoMei）由 AI 控制
[2026-06-01 16:16:36] [INFO] naiLong 投掷出了 6 点
[2026-06-01 16:16:36] [INFO] ====== 第 1 回合 ======
[2026-06-01 16:16:38] [INFO] naiLong 进入 [空地] 格子（索引 6）
[2026-06-01 16:16:39] [INFO] AI·xiaoMei（AI）决定使用道具：路障，目标：AI·xiaoMei
[2026-06-01 16:16:40] [INFO] AI·xiaoMei 投掷出了 1 点
[2026-06-01 16:16:40] [INFO] ====== 第 2 回合 ======
[2026-06-01 16:16:41] [INFO] AI·xiaoMei 进入 [小吃街] 格子（索引 1）
[2026-06-01 16:16:41] [INFO] AI·xiaoMei 触发事件：中彩票 —— +$3000
[2026-06-01 16:16:42] [INFO] AI·xiaoMei 金钱增加 3000，当前 $13000
[2026-06-01 16:50:41] [INFO] 开场动画播放完毕
[2026-06-01 16:50:41] [INFO] 模式选择面板加载完毕
[2026-06-01 16:50:41] [INFO] 已切换到游戏菜单
[2026-06-01 16:50:41] [INFO] 游戏菜单加载完毕
[2026-06-01 16:52:03] [INFO] 开场动画播放完毕
[2026-06-01 16:52:03] [INFO] 模式选择面板加载完毕
[2026-06-01 16:52:03] [INFO] 已切换到游戏菜单
[2026-06-01 16:52:03] [INFO] 游戏菜单加载完毕
[2026-06-01 16:52:06] [INFO] 开始游戏按钮被点击 → 进入模式选择
[2026-06-01 16:52:08] [INFO] 选择模式：人机对战
[2026-06-01 16:52:08] [INFO] AI 模式已开启：玩家2（AI·xiaoMei）由 AI 控制
[2026-06-01 16:52:10] [INFO] naiLong 投掷出了 6 点
[2026-06-01 16:52:10] [INFO] ====== 第 1 回合 ======
[2026-06-01 16:52:12] [INFO] naiLong 进入 [空地] 格子（索引 6）
[2026-06-01 16:52:14] [INFO] AI·xiaoMei 投掷出了 4 点
[2026-06-01 16:52:14] [INFO] ====== 第 2 回合 ======
[2026-06-01 16:52:15] [INFO] AI·xiaoMei 进入 [体育馆1] 格子（索引 4）
[2026-06-01 16:52:15] [WARN] AI·xiaoMei 金钱减少 2000，当前 $8000
[2026-06-01 16:52:19] [INFO] naiLong 投掷出了 2 点
[2026-06-01 16:52:19] [INFO] ====== 第 3 回合 ======
[2026-06-01 16:52:20] [INFO] naiLong 进入 [商店] 格子（索引 8）
[2026-06-01 16:52:24] [WARN] naiLong 金钱减少 2000，当前 $8000
[2026-06-01 16:52:26] [INFO] AI·xiaoMei（AI）决定使用道具：升级卡，目标：AI·xiaoMei
[2026-06-01 16:52:29] [INFO] AI·xiaoMei 投掷出了 3 点
[2026-06-01 16:52:29] [INFO] ====== 第 4 回合 ======
[2026-06-01 16:52:30] [INFO] AI·xiaoMei 进入 [抽卡点] 格子（索引 7）
[2026-06-01 16:52:30] [INFO] AI·xiaoMei 抽到了 [地雷]
[2026-06-01 16:52:34] [INFO] [商店] 埋雷成功
[2026-06-01 16:52:39] [INFO] naiLong 投掷出了 4 点
[2026-06-01 16:52:39] [INFO] ====== 第 5 回合 ======
[2026-06-01 16:52:40] [INFO] naiLong 进入 [空地] 格子（索引 12）
[2026-06-01 16:52:41] [INFO] AI·xiaoMei（AI）决定使用道具：地雷，目标：AI·xiaoMei
[2026-06-01 16:52:41] [INFO] [抽卡点] 埋雷成功
[2026-06-01 16:52:41] [INFO] AI·xiaoMei 投掷出了 4 点
[2026-06-01 16:52:41] [INFO] ====== 第 6 回合 ======
[2026-06-01 16:52:42] [WARN] [商店] 地雷引爆！
[2026-06-01 16:52:42] [WARN] AI·xiaoMei 生命减少 40，当前 HP=60
[2026-06-01 16:52:45] [INFO] AI·xiaoMei 进入 [公园] 格子（索引 11）
[2026-06-01 16:52:48] [INFO] [空地] 埋雷成功
[2026-06-01 16:52:50] [INFO] naiLong 投掷出了 3 点
[2026-06-01 16:52:50] [INFO] ====== 第 7 回合 ======
[2026-06-01 16:52:51] [INFO] naiLong 进入 [牢中] 格子（索引 15）
[2026-06-01 16:52:54] [INFO] AI·xiaoMei 投掷出了 1 点
[2026-06-01 16:52:54] [INFO] ====== 第 8 回合 ======
[2026-06-01 16:52:54] [WARN] [空地] 地雷引爆！
[2026-06-01 16:52:54] [WARN] AI·xiaoMei 生命减少 40，当前 HP=20
[2026-06-01 16:52:57] [INFO] AI·xiaoMei 进入 [空地] 格子（索引 12）
[2026-06-01 16:52:59] [INFO] AI·xiaoMei（AI）决定使用道具：包子，目标：AI·xiaoMei
[2026-06-01 16:52:59] [INFO] AI·xiaoMei 生命增加 20，当前 HP=40
[2026-06-01 16:52:59] [INFO] AI·xiaoMei 投掷出了 5 点
[2026-06-01 16:52:59] [INFO] ====== 第 9 回合 ======
[2026-06-01 16:53:01] [INFO] AI·xiaoMei 进入 [体育馆2] 格子（索引 17）
[2026-06-01 16:53:01] [WARN] AI·xiaoMei 金钱减少 2000，当前 $6000
[2026-06-01 16:53:04] [INFO] AI·xiaoMei（AI）决定使用道具：地雷，目标：AI·xiaoMei
[2026-06-01 16:53:04] [INFO] [体育馆2] 埋雷成功
[2026-06-01 16:53:05] [INFO] AI·xiaoMei 投掷出了 1 点
[2026-06-01 16:53:05] [INFO] ====== 第 10 回合 ======
[2026-06-01 16:53:05] [INFO] AI·xiaoMei 进入 [居民楼5] 格子（索引 18）
[2026-06-01 16:53:05] [WARN] AI·xiaoMei 金钱减少 1500，当前 $4500
[2026-06-01 16:53:09] [INFO] naiLong 投掷出了 6 点
[2026-06-01 16:53:09] [INFO] ====== 第 11 回合 ======
[2026-06-01 16:53:10] [WARN] [体育馆2] 地雷引爆！
[2026-06-01 16:53:10] [WARN] naiLong 生命减少 40，当前 HP=60
[2026-06-01 16:53:12] [INFO] naiLong 进入 [医院2] 格子（索引 21）
[2026-06-01 16:53:16] [WARN] naiLong 金钱减少 500，当前 $7500
[2026-06-01 16:53:18] [INFO] AI·xiaoMei（AI）决定使用道具：偷取，目标：naiLong
[2026-06-01 16:53:18] [WARN] naiLong 金钱减少 750，当前 $6750
[2026-06-01 16:53:18] [INFO] AI·xiaoMei 金钱增加 750，当前 $5250
[2026-06-01 16:53:20] [INFO] AI·xiaoMei 投掷出了 3 点
[2026-06-01 16:53:20] [INFO] ====== 第 12 回合 ======
[2026-06-01 16:53:21] [INFO] AI·xiaoMei 进入 [医院2] 格子（索引 21）
[2026-06-01 16:53:25] [INFO] naiLong 投掷出了 5 点
[2026-06-01 16:53:25] [INFO] ====== 第 13 回合 ======
[2026-06-01 16:53:26] [INFO] naiLong 进入 [超市] 格子（索引 26）
[2026-06-01 16:53:30] [INFO] AI·xiaoMei 投掷出了 3 点
[2026-06-01 16:53:30] [INFO] ====== 第 14 回合 ======
[2026-06-01 16:53:31] [INFO] AI·xiaoMei 进入 [皇家赌场] 格子（索引 24）
[2026-06-01 16:55:52] [INFO] 开场动画播放完毕
[2026-06-01 16:55:52] [INFO] 模式选择面板加载完毕
[2026-06-01 16:55:52] [INFO] 已切换到游戏菜单
[2026-06-01 16:55:52] [INFO] 游戏菜单加载完毕
[2026-06-01 16:55:53] [INFO] 制作团队按钮被点击
[2026-06-01 16:55:57] [INFO] 游戏说明按钮被点击
[2026-06-01 16:56:00] [INFO] 开始游戏按钮被点击 → 进入模式选择
[2026-06-01 16:56:02] [INFO] 开始游戏按钮被点击 → 进入模式选择
[2026-06-01 16:56:04] [INFO] 选择模式：人机对战
[2026-06-01 16:56:04] [INFO] AI 模式已开启：玩家2（AI·xiaoMei）由 AI 控制
[2026-06-01 16:56:05] [INFO] naiLong 投掷出了 3 点
[2026-06-01 16:56:05] [INFO] ====== 第 1 回合 ======
[2026-06-01 16:56:07] [INFO] naiLong 进入 [居民楼2] 格子（索引 3）
[2026-06-01 16:56:08] [WARN] naiLong 金钱减少 1500，当前 $8500
[2026-06-01 16:56:09] [INFO] AI·xiaoMei 投掷出了 5 点
[2026-06-01 16:56:09] [INFO] ====== 第 2 回合 ======
[2026-06-01 16:56:11] [INFO] AI·xiaoMei 进入 [旅馆] 格子（索引 5）
[2026-06-01 16:56:11] [WARN] AI·xiaoMei 金钱减少 3000，当前 $7000
[2026-06-01 16:56:19] [INFO] naiLong 投掷出了 6 点
[2026-06-01 16:56:19] [INFO] ====== 第 3 回合 ======
[2026-06-01 16:56:21] [INFO] naiLong 进入 [医院] 格子（索引 9）
[2026-06-01 16:56:24] [INFO] AI·xiaoMei（AI）决定使用道具：升级卡，目标：AI·xiaoMei
[2026-06-01 16:56:27] [INFO] AI·xiaoMei 投掷出了 3 点
[2026-06-01 16:56:27] [INFO] ====== 第 4 回合 ======
[2026-06-01 16:56:28] [INFO] AI·xiaoMei 进入 [商店] 格子（索引 8）
[2026-06-01 18:46:41] [INFO] 开场动画播放完毕
[2026-06-01 18:46:41] [INFO] 模式选择面板加载完毕
[2026-06-01 18:46:41] [INFO] 已切换到游戏菜单
[2026-06-01 18:46:42] [INFO] 游戏菜单加载完毕
[2026-06-01 18:46:43] [INFO] 开始游戏按钮被点击 → 进入模式选择
[2026-06-01 18:46:44] [INFO] 选择模式：人机对战
[2026-06-01 18:46:44] [INFO] AI 模式已开启：玩家2（AI·xiaoMei）由 AI 控制
[2026-06-01 18:46:48] [INFO] naiLong 投掷出了 2 点
[2026-06-01 18:46:48] [INFO] ====== 第 1 回合 ======
[2026-06-01 18:46:50] [INFO] naiLong 进入 [居民楼1] 格子（索引 2）
[2026-06-01 18:46:51] [WARN] naiLong 金钱减少 1500，当前 $8500
[2026-06-01 18:46:51] [INFO] AI·xiaoMei 投掷出了 5 点
[2026-06-01 18:46:51] [INFO] ====== 第 2 回合 ======
[2026-06-01 18:46:53] [INFO] AI·xiaoMei 进入 [旅馆] 格子（索引 5）
[2026-06-01 18:46:53] [WARN] AI·xiaoMei 金钱减少 3000，当前 $7000
[2026-06-01 18:47:04] [INFO] naiLong 投掷出了 3 点
[2026-06-01 18:47:04] [INFO] ====== 第 3 回合 ======
[2026-06-01 18:47:05] [INFO] naiLong 进入 [旅馆] 格子（索引 5）
[2026-06-01 18:47:15] [INFO] AI·xiaoMei（AI）决定使用道具：升级卡，目标：AI·xiaoMei
[2026-06-01 18:47:20] [INFO] AI·xiaoMei 投掷出了 5 点
[2026-06-01 18:47:20] [INFO] ====== 第 4 回合 ======
[2026-06-01 18:47:22] [INFO] AI·xiaoMei 进入 [居民楼3] 格子（索引 10）
[2026-06-01 18:47:22] [WARN] AI·xiaoMei 金钱减少 1500，当前 $5500
[2026-06-01 18:47:36] [INFO] naiLong 投掷出了 1 点
[2026-06-01 18:47:36] [INFO] ====== 第 5 回合 ======
[2026-06-01 18:47:37] [INFO] naiLong 进入 [空地] 格子（索引 6）
[2026-06-01 18:47:38] [INFO] AI·xiaoMei（AI）决定使用道具：地雷，目标：AI·xiaoMei
[2026-06-01 18:47:38] [INFO] [居民楼3] 埋雷成功
[2026-06-01 18:47:38] [INFO] AI·xiaoMei 投掷出了 3 点
[2026-06-01 18:47:38] [INFO] ====== 第 6 回合 ======
[2026-06-01 18:47:39] [INFO] AI·xiaoMei 进入 [居民楼4] 格子（索引 13）
[2026-06-01 18:47:39] [WARN] AI·xiaoMei 金钱减少 1500，当前 $4000
[2026-06-01 18:47:44] [INFO] naiLong 投掷出了 4 点
[2026-06-01 18:47:44] [INFO] ====== 第 7 回合 ======
[2026-06-01 18:47:45] [WARN] [居民楼3] 地雷引爆！
[2026-06-01 18:47:45] [WARN] naiLong 生命减少 40，当前 HP=60
[2026-06-01 18:47:46] [INFO] naiLong 进入 [居民楼3] 格子（索引 10）
[2026-06-01 18:47:47] [WARN] naiLong 金钱减少 400，当前 $8100
[2026-06-01 18:47:47] [INFO] AI·xiaoMei 金钱增加 400，当前 $4400
[2026-06-01 18:47:48] [INFO] AI·xiaoMei（AI）决定使用道具：偷取，目标：naiLong
[2026-06-01 18:47:48] [WARN] naiLong 金钱减少 810，当前 $7290
[2026-06-01 18:47:48] [INFO] AI·xiaoMei 金钱增加 810，当前 $5210
[2026-06-01 18:47:51] [INFO] AI·xiaoMei 投掷出了 3 点
[2026-06-01 18:47:51] [INFO] ====== 第 8 回合 ======
[2026-06-01 18:47:52] [INFO] AI·xiaoMei 进入 [抽卡点2] 格子（索引 16）
[2026-06-01 18:47:52] [INFO] AI·xiaoMei 抽到了 [路障]
[2026-06-01 18:47:56] [INFO] naiLong 投掷出了 5 点
[2026-06-01 18:47:56] [INFO] ====== 第 9 回合 ======
[2026-06-01 18:47:58] [INFO] naiLong 进入 [牢中] 格子（索引 15）
[2026-06-01 18:48:00] [INFO] AI·xiaoMei 投掷出了 5 点
[2026-06-01 18:48:00] [INFO] ====== 第 10 回合 ======
[2026-06-01 18:48:02] [INFO] AI·xiaoMei 进入 [医院2] 格子（索引 21）
[2026-06-01 18:48:05] [INFO] AI·xiaoMei 投掷出了 3 点
[2026-06-01 18:48:05] [INFO] ====== 第 11 回合 ======
[2026-06-01 18:48:06] [INFO] AI·xiaoMei 进入 [皇家赌场] 格子（索引 24）
[2026-06-01 18:48:06] [INFO] AI·xiaoMei（AI）进入皇家赌场，资金 $5210
[2026-06-01 18:48:07] [INFO] AI·xiaoMei（AI）第 1/3 把，下注 $521
[2026-06-01 18:48:07] [WARN] AI·xiaoMei 金钱减少 521，当前 $4689
[2026-06-01 18:48:10] [INFO] AI·xiaoMei 金钱增加 1042，当前 $5731
[2026-06-01 18:48:10] [INFO] AI·xiaoMei（AI）中了 2 倍！获得 $1042
[2026-06-01 18:48:11] [INFO] AI·xiaoMei（AI）第 2/3 把，下注 $573
[2026-06-01 18:48:11] [WARN] AI·xiaoMei 金钱减少 573，当前 $5158
[2026-06-01 18:48:14] [INFO] AI·xiaoMei 金钱增加 1146，当前 $6304
[2026-06-01 18:48:14] [INFO] AI·xiaoMei（AI）中了 2 倍！获得 $1146
[2026-06-01 18:48:15] [INFO] AI·xiaoMei（AI）第 3/3 把，下注 $630
[2026-06-01 18:48:15] [WARN] AI·xiaoMei 金钱减少 630，当前 $5674
[2026-06-01 18:48:18] [INFO] AI·xiaoMei（AI）第 3 把没中
[2026-06-01 18:48:22] [INFO] AI·xiaoMei 投掷出了 5 点
[2026-06-01 18:48:22] [INFO] ====== 第 12 回合 ======
[2026-06-01 18:48:24] [INFO] AI·xiaoMei 进入 [空地] 格子（索引 29）
[2026-06-01 18:48:28] [INFO] naiLong 投掷出了 5 点
[2026-06-01 18:48:28] [INFO] ====== 第 13 回合 ======
[2026-06-01 18:48:30] [INFO] naiLong 进入 [居民楼7] 格子（索引 20）
[2026-06-01 18:48:31] [WARN] naiLong 金钱减少 1500，当前 $5790
[2026-06-01 18:48:32] [INFO] AI·xiaoMei 投掷出了 1 点
[2026-06-01 18:48:32] [INFO] ====== 第 14 回合 ======
[2026-06-01 18:48:33] [INFO] AI·xiaoMei 进入 [null] 格子（索引 0）
[2026-06-01 18:54:41] [INFO] 开场动画播放完毕
[2026-06-01 18:54:41] [INFO] 模式选择面板加载完毕
[2026-06-01 18:54:41] [INFO] 已切换到游戏菜单
[2026-06-01 18:54:41] [INFO] 游戏菜单加载完毕
[2026-06-01 18:54:42] [INFO] 开始游戏按钮被点击 → 进入模式选择
[2026-06-01 18:54:43] [INFO] 选择模式：双人对战
[2026-06-01 19:00:06] [INFO] naiLong 投掷出了 3 点
[2026-06-01 19:00:06] [INFO] ====== 第 1 回合 ======
[2026-06-01 19:00:07] [INFO] naiLong 进入 [居民楼2] 格子（索引 3）
[2026-06-01 19:00:09] [INFO] xiaoMei 投掷出了 5 点
[2026-06-01 19:00:09] [INFO] ====== 第 2 回合 ======
[2026-06-01 19:00:10] [INFO] xiaoMei 进入 [旅馆] 格子（索引 5）
[2026-06-01 19:01:44] [INFO] naiLong 投掷出了 5 点
[2026-06-01 19:01:44] [INFO] ====== 第 1 回合 ======
[2026-06-01 19:01:46] [INFO] naiLong 进入 [旅馆] 格子（索引 5）
[2026-06-01 19:01:47] [WARN] naiLong 金钱减少 3000，当前 $7000
[2026-06-01 19:03:18] [INFO] 开场动画播放完毕
[2026-06-01 19:03:18] [INFO] 模式选择面板加载完毕
[2026-06-01 19:03:18] [INFO] 已切换到游戏菜单
[2026-06-01 19:03:18] [INFO] 游戏菜单加载完毕
[2026-06-01 19:03:20] [INFO] 开始游戏按钮被点击 → 进入模式选择
[2026-06-01 19:03:20] [INFO] 选择模式：人机对战
[2026-06-01 19:03:20] [INFO] AI 模式已开启：玩家2（AI·xiaoMei）由 AI 控制
[2026-06-01 19:03:22] [INFO] naiLong 投掷出了 6 点
[2026-06-01 19:03:22] [INFO] ====== 第 1 回合 ======
[2026-06-01 19:03:24] [INFO] naiLong 进入 [空地] 格子（索引 6）
[2026-06-01 19:03:26] [INFO] AI·xiaoMei 投掷出了 4 点
[2026-06-01 19:03:26] [INFO] ====== 第 2 回合 ======
[2026-06-01 19:03:27] [INFO] AI·xiaoMei 进入 [体育馆1] 格子（索引 4）
[2026-06-01 19:03:27] [WARN] AI·xiaoMei 金钱减少 2000，当前 $8000
[2026-06-01 19:03:39] [INFO] [空地] 埋雷成功
[2026-06-01 19:03:46] [INFO] naiLong 投掷出了 18 点
[2026-06-01 19:03:46] [INFO] ====== 第 3 回合 ======
[2026-06-01 19:03:51] [INFO] naiLong 进入 [皇家赌场] 格子（索引 24）
[2026-06-01 19:03:58] [WARN] naiLong 金钱减少 5000，当前 $5000
[2026-06-01 19:04:05] [WARN] naiLong 金钱减少 4000，当前 $1000
[2026-06-01 19:04:13] [WARN] naiLong 金钱减少 1000，当前 $0
[2026-06-01 19:04:17] [INFO] AI·xiaoMei（AI）决定使用道具：升级卡，目标：AI·xiaoMei
[2026-06-01 19:04:19] [INFO] AI·xiaoMei 投掷出了 1 点
[2026-06-01 19:04:19] [INFO] ====== 第 4 回合 ======
[2026-06-01 19:04:20] [INFO] AI·xiaoMei 进入 [旅馆] 格子（索引 5）
[2026-06-01 19:04:20] [WARN] AI·xiaoMei 金钱减少 3000，当前 $5000
[2026-06-01 21:18:05] [INFO] 开场动画播放完毕
[2026-06-01 21:18:05] [INFO] 模式选择面板加载完毕
[2026-06-01 21:18:05] [INFO] 已切换到游戏菜单
[2026-06-01 21:18:05] [INFO] 游戏菜单加载完毕
[2026-06-01 21:18:11] [INFO] 开场动画播放完毕
[2026-06-01 21:18:11] [INFO] 模式选择面板加载完毕
[2026-06-01 21:18:11] [INFO] 已切换到游戏菜单
[2026-06-01 21:18:11] [INFO] 游戏菜单加载完毕
[2026-06-01 21:27:29] [INFO] 开场动画播放完毕
[2026-06-01 21:27:29] [INFO] 模式选择面板加载完毕
[2026-06-01 21:27:29] [INFO] 已切换到游戏菜单
[2026-06-01 21:27:29] [INFO] 游戏菜单加载完毕
[2026-06-01 21:27:53] [INFO] 游戏说明按钮被点击
[2026-06-01 21:27:56] [INFO] 制作团队按钮被点击
[2026-06-01 21:27:58] [INFO] 开始游戏按钮被点击 → 进入模式选择
[2026-06-01 21:28:10] [INFO] 选择模式：双人对战
[2026-06-01 21:29:55] [INFO] 开场动画播放完毕
[2026-06-01 21:29:55] [INFO] 模式选择面板加载完毕
[2026-06-01 21:29:55] [INFO] 已切换到游戏菜单
[2026-06-01 21:29:55] [INFO] 游戏菜单加载完毕
[2026-06-01 21:29:57] [INFO] 开始游戏按钮被点击 → 进入模式选择
[2026-06-01 21:44:26] [INFO] 开场动画播放完毕
[2026-06-01 21:44:26] [INFO] 模式选择面板加载完毕
[2026-06-01 21:44:26] [INFO] 已切换到游戏菜单
[2026-06-01 21:44:26] [INFO] 游戏菜单加载完毕
[2026-06-01 21:44:30] [INFO] 制作团队按钮被点击
[2026-06-01 21:44:32] [INFO] 游戏说明按钮被点击
[2026-06-01 21:44:34] [INFO] 开始游戏按钮被点击 → 进入模式选择
[2026-06-01 21:44:35] [INFO] 选择模式：人机对战
[2026-06-01 21:44:35] [INFO] AI 模式已开启：玩家2（AI·xiaoMei）由 AI 控制
[2026-06-01 21:44:38] [INFO] naiLong 投掷出了 1 点
[2026-06-01 21:44:38] [INFO] ====== 第 1 回合 ======
[2026-06-01 21:44:39] [INFO] naiLong 进入 [小吃街] 格子（索引 1）
[2026-06-01 21:44:39] [INFO] naiLong 触发事件：重返高中 —— HP-20，停止一回合
[2026-06-01 21:44:41] [WARN] naiLong 生命减少 20，当前 HP=80
[2026-06-01 21:44:43] [INFO] AI·xiaoMei 投掷出了 2 点
[2026-06-01 21:44:43] [INFO] ====== 第 2 回合 ======
[2026-06-01 21:44:44] [INFO] AI·xiaoMei 进入 [居民楼1] 格子（索引 2）
[2026-06-01 21:44:44] [WARN] AI·xiaoMei 金钱减少 1500，当前 $8500
[2026-06-01 21:44:48] [INFO] AI·xiaoMei（AI）决定使用道具：地雷，目标：AI·xiaoMei
[2026-06-01 21:44:48] [INFO] [居民楼1] 埋雷成功
[2026-06-01 21:44:49] [INFO] AI·xiaoMei 投掷出了 3 点
[2026-06-01 21:44:49] [INFO] ====== 第 3 回合 ======
[2026-06-01 21:44:50] [INFO] AI·xiaoMei 进入 [旅馆] 格子（索引 5）
[2026-06-01 21:44:50] [WARN] AI·xiaoMei 金钱减少 3000，当前 $5500
[2026-06-01 21:44:57] [INFO] naiLong 投掷出了 4 点
[2026-06-01 21:44:57] [INFO] ====== 第 4 回合 ======
[2026-06-01 21:44:58] [WARN] [居民楼1] 地雷引爆！
[2026-06-01 21:44:58] [WARN] naiLong 生命减少 40，当前 HP=40
[2026-06-01 21:45:00] [INFO] naiLong 进入 [旅馆] 格子（索引 5）
[2026-06-01 21:45:04] [INFO] AI·xiaoMei（AI）决定使用道具：升级卡，目标：AI·xiaoMei
[2026-06-01 21:45:06] [INFO] AI·xiaoMei 投掷出了 5 点
[2026-06-01 21:45:06] [INFO] ====== 第 5 回合 ======
[2026-06-01 21:45:08] [INFO] AI·xiaoMei 进入 [居民楼3] 格子（索引 10）
[2026-06-01 21:45:08] [WARN] AI·xiaoMei 金钱减少 1500，当前 $4000
[2026-06-01 21:45:30] [INFO] naiLong 投掷出了 2 点
[2026-06-01 21:45:30] [INFO] ====== 第 6 回合 ======
[2026-06-01 21:45:31] [INFO] naiLong 进入 [抽卡点] 格子（索引 7）
[2026-06-01 21:45:31] [INFO] naiLong 抽到了 [地雷]
[2026-06-01 21:45:34] [INFO] AI·xiaoMei（AI）决定使用道具：偷取，目标：naiLong
[2026-06-01 21:45:34] [WARN] naiLong 金钱减少 1000，当前 $9000
[2026-06-01 21:45:34] [INFO] AI·xiaoMei 金钱增加 1000，当前 $5000
[2026-06-01 21:45:36] [INFO] AI·xiaoMei 投掷出了 1 点
[2026-06-01 21:45:36] [INFO] ====== 第 7 回合 ======
[2026-06-01 21:45:37] [INFO] AI·xiaoMei 进入 [公园] 格子（索引 11）
[2026-06-01 21:45:41] [INFO] [抽卡点] 埋雷成功
[2026-06-01 21:46:43] [INFO] 开场动画播放完毕
[2026-06-01 21:46:43] [INFO] 模式选择面板加载完毕
[2026-06-01 21:46:43] [INFO] 已切换到游戏菜单
[2026-06-01 21:46:43] [INFO] 游戏菜单加载完毕
[2026-06-01 21:46:45] [INFO] 开始游戏按钮被点击 → 进入模式选择
[2026-06-01 21:46:46] [INFO] 选择模式：人机对战
[2026-06-01 21:46:46] [INFO] AI 模式已开启：玩家2（AI·xiaoMei）由 AI 控制
[2026-06-01 21:46:48] [INFO] naiLong 投掷出了 1 点
[2026-06-01 21:46:48] [INFO] ====== 第 1 回合 ======
[2026-06-01 21:46:49] [INFO] naiLong 进入 [小吃街] 格子（索引 1）
[2026-06-01 21:46:49] [INFO] naiLong 触发事件：顺风车 —— 向前 2 步
[2026-06-01 21:46:51] [INFO] naiLong 进入 [居民楼2] 格子（索引 3）
[2026-06-01 21:46:52] [WARN] naiLong 金钱减少 1500，当前 $8500
[2026-06-01 21:46:53] [INFO] AI·xiaoMei 投掷出了 3 点
[2026-06-01 21:46:53] [INFO] ====== 第 2 回合 ======
[2026-06-01 21:46:54] [INFO] AI·xiaoMei 进入 [居民楼2] 格子（索引 3）
[2026-06-01 21:46:56] [WARN] AI·xiaoMei 金钱减少 400，当前 $9600
[2026-06-01 21:46:56] [INFO] naiLong 金钱增加 400，当前 $8900
[2026-06-01 21:46:57] [INFO] naiLong 投掷出了 5 点
[2026-06-01 21:46:57] [INFO] ====== 第 3 回合 ======
[2026-06-01 21:46:58] [INFO] naiLong 进入 [商店] 格子（索引 8）
[2026-06-01 21:47:08] [WARN] naiLong 金钱减少 1000，当前 $7900
[2026-06-01 21:47:10] [INFO] AI·xiaoMei 投掷出了 6 点
[2026-06-01 21:47:10] [INFO] ====== 第 4 回合 ======
[2026-06-01 21:47:12] [INFO] AI·xiaoMei 进入 [医院] 格子（索引 9）
[2026-06-01 21:47:16] [WARN] AI·xiaoMei 金钱减少 960，当前 $8640
[2026-06-01 21:47:16] [INFO] naiLong 金钱增加 960，当前 $8860
[2026-06-01 21:47:18] [INFO] naiLong 投掷出了 6 点
[2026-06-01 21:47:18] [INFO] ====== 第 5 回合 ======
[2026-06-01 21:47:20] [INFO] naiLong 进入 [市民公园] 格子（索引 14）
[2026-06-01 21:47:20] [INFO] naiLong 触发事件：车祸 —— 金钱减25%
[2026-06-01 21:47:22] [WARN] naiLong 金钱减少 2215，当前 $6645
[2026-06-01 21:47:23] [INFO] AI·xiaoMei 投掷出了 5 点
[2026-06-01 21:47:23] [INFO] ====== 第 6 回合 ======
[2026-06-01 21:47:25] [INFO] AI·xiaoMei 进入 [市民公园] 格子（索引 14）
[2026-06-01 21:47:25] [INFO] AI·xiaoMei 触发事件：重返高中 —— HP-20，停止一回合
[2026-06-01 21:47:27] [WARN] AI·xiaoMei 生命减少 20，当前 HP=80
[2026-06-01 21:47:29] [INFO] naiLong 投掷出了 4 点
[2026-06-01 21:47:29] [INFO] ====== 第 7 回合 ======
[2026-06-01 21:47:30] [INFO] naiLong 进入 [居民楼5] 格子（索引 18）
[2026-06-01 21:47:32] [WARN] naiLong 金钱减少 1500，当前 $5145
[2026-06-01 21:47:34] [INFO] naiLong 投掷出了 3 点
[2026-06-01 21:47:34] [INFO] ====== 第 8 回合 ======
[2026-06-01 21:47:35] [INFO] naiLong 进入 [医院2] 格子（索引 21）
[2026-06-01 21:47:37] [INFO] AI·xiaoMei 投掷出了 3 点
[2026-06-01 21:47:37] [INFO] ====== 第 9 回合 ======
[2026-06-01 21:47:38] [INFO] AI·xiaoMei 进入 [体育馆2] 格子（索引 17）
[2026-06-01 21:47:38] [WARN] AI·xiaoMei 金钱减少 2000，当前 $6640
[2026-06-01 21:47:40] [INFO] naiLong 投掷出了 4 点
[2026-06-01 21:47:40] [INFO] ====== 第 10 回合 ======
[2026-06-01 21:47:42] [INFO] naiLong 进入 [居民楼8] 格子（索引 25）
[2026-06-01 21:47:43] [WARN] naiLong 金钱减少 1500，当前 $3645
[2026-06-01 21:47:44] [INFO] AI·xiaoMei 投掷出了 2 点
[2026-06-01 21:47:44] [INFO] ====== 第 11 回合 ======
[2026-06-01 21:47:45] [INFO] AI·xiaoMei 进入 [居民楼6] 格子（索引 19）
[2026-06-01 21:47:45] [WARN] AI·xiaoMei 金钱减少 1500，当前 $5140
[2026-06-01 21:47:49] [INFO] naiLong 投掷出了 2 点
[2026-06-01 21:47:49] [INFO] ====== 第 12 回合 ======
[2026-06-01 21:47:50] [INFO] naiLong 进入 [空地] 格子（索引 27）
[2026-06-01 21:47:51] [INFO] AI·xiaoMei 投掷出了 5 点
[2026-06-01 21:47:51] [INFO] ====== 第 13 回合 ======
[2026-06-01 21:47:52] [INFO] AI·xiaoMei 进入 [皇家赌场] 格子（索引 24）
[2026-06-01 21:47:52] [INFO] AI·xiaoMei（AI）进入皇家赌场，资金 $5140
[2026-06-01 21:47:54] [INFO] AI·xiaoMei（AI）第 1/3 把，下注 $514
[2026-06-01 21:47:56] [WARN] AI·xiaoMei 金钱减少 514，当前 $4626
[2026-06-01 21:47:58] [INFO] AI·xiaoMei（AI）第 1 把没中
[2026-06-01 21:48:00] [INFO] AI·xiaoMei（AI）第 2/3 把，下注 $462
[2026-06-01 21:48:02] [WARN] AI·xiaoMei 金钱减少 462，当前 $4164
[2026-06-01 21:48:04] [INFO] AI·xiaoMei（AI）第 2 把没中
[2026-06-01 21:48:06] [INFO] AI·xiaoMei（AI）第 3/3 把，下注 $416
[2026-06-01 21:48:07] [WARN] AI·xiaoMei 金钱减少 416，当前 $3748
[2026-06-01 21:48:10] [INFO] AI·xiaoMei（AI）第 3 把没中
[2026-06-01 21:48:13] [INFO] naiLong 投掷出了 6 点
[2026-06-01 21:48:13] [INFO] ====== 第 14 回合 ======
[2026-06-01 21:48:15] [INFO] naiLong 进入 [居民楼2] 格子（索引 3）
[2026-06-01 21:48:16] [WARN] naiLong 金钱减少 1500，当前 $4145
[2026-06-01 21:48:18] [INFO] AI·xiaoMei 投掷出了 5 点
[2026-06-01 21:48:18] [INFO] ====== 第 15 回合 ======
[2026-06-01 21:48:19] [INFO] AI·xiaoMei 进入 [空地] 格子（索引 29）
[2026-06-01 21:48:20] [INFO] naiLong 投掷出了 6 点
[2026-06-01 21:48:20] [INFO] ====== 第 16 回合 ======
[2026-06-01 21:48:22] [INFO] naiLong 进入 [医院] 格子（索引 9）
[2026-06-01 21:48:25] [INFO] AI·xiaoMei 投掷出了 4 点
[2026-06-01 21:48:25] [INFO] ====== 第 17 回合 ======
[2026-06-01 21:48:26] [INFO] AI·xiaoMei 进入 [居民楼2] 格子（索引 3）
[2026-06-01 21:48:28] [WARN] AI·xiaoMei 金钱减少 600，当前 $5148
[2026-06-01 21:48:28] [INFO] naiLong 金钱增加 600，当前 $4745
[2026-06-01 21:48:29] [INFO] naiLong 投掷出了 6 点
[2026-06-01 21:48:29] [INFO] ====== 第 18 回合 ======
[2026-06-01 21:48:31] [INFO] naiLong 进入 [牢中] 格子（索引 15）
[2026-06-01 21:48:34] [INFO] AI·xiaoMei 投掷出了 3 点
[2026-06-01 21:48:34] [INFO] ====== 第 19 回合 ======
[2026-06-01 21:48:35] [INFO] AI·xiaoMei 进入 [空地] 格子（索引 6）
[2026-06-01 21:48:37] [INFO] AI·xiaoMei 投掷出了 4 点
[2026-06-01 21:48:37] [INFO] ====== 第 20 回合 ======
[2026-06-01 21:48:39] [INFO] AI·xiaoMei 进入 [居民楼3] 格子（索引 10）
[2026-06-01 21:48:39] [WARN] AI·xiaoMei 金钱减少 1500，当前 $3648
[2026-06-01 21:48:43] [INFO] AI·xiaoMei 投掷出了 2 点
[2026-06-01 21:48:43] [INFO] ====== 第 21 回合 ======
[2026-06-01 21:48:44] [INFO] AI·xiaoMei 进入 [空地] 格子（索引 12）
[2026-06-01 21:48:45] [INFO] naiLong 投掷出了 3 点
[2026-06-01 21:48:45] [INFO] ====== 第 22 回合 ======
[2026-06-01 21:48:47] [INFO] naiLong 进入 [居民楼5] 格子（索引 18）
[2026-06-01 21:48:48] [WARN] naiLong 金钱减少 1500，当前 $3245
[2026-06-01 21:48:49] [INFO] AI·xiaoMei 投掷出了 5 点
[2026-06-01 21:48:49] [INFO] ====== 第 23 回合 ======
[2026-06-01 21:48:51] [INFO] AI·xiaoMei 进入 [体育馆2] 格子（索引 17）
[2026-06-01 21:48:52] [INFO] naiLong 投掷出了 6 点
[2026-06-01 21:48:52] [INFO] ====== 第 24 回合 ======
[2026-06-01 21:48:54] [INFO] naiLong 进入 [皇家赌场] 格子（索引 24）
[2026-06-01 21:49:03] [WARN] naiLong 金钱减少 200，当前 $3045
[2026-06-01 21:49:05] [INFO] naiLong 金钱增加 400，当前 $3445
[2026-06-01 21:49:12] [INFO] AI·xiaoMei 投掷出了 5 点
[2026-06-01 21:49:12] [INFO] ====== 第 25 回合 ======
[2026-06-01 21:49:14] [INFO] AI·xiaoMei 进入 [抽卡点3] 格子（索引 22）
[2026-06-01 21:49:14] [INFO] AI·xiaoMei 抽到了 [身份证]
[2026-06-01 21:49:48] [INFO] naiLong 投掷出了 2 点
[2026-06-01 21:49:48] [INFO] ====== 第 26 回合 ======
[2026-06-01 21:49:49] [INFO] naiLong 进入 [超市] 格子（索引 26）
[2026-06-01 21:50:10] [WARN] naiLong 金钱减少 2000，当前 $1445
[2026-06-01 21:50:11] [INFO] AI·xiaoMei 投掷出了 2 点
[2026-06-01 21:50:11] [INFO] ====== 第 27 回合 ======
[2026-06-01 21:50:13] [INFO] AI·xiaoMei 进入 [皇家赌场] 格子（索引 24）
[2026-06-01 21:50:13] [INFO] AI·xiaoMei（AI）进入皇家赌场，资金 $3648
[2026-06-01 21:50:14] [INFO] AI·xiaoMei（AI）第 1/3 把，下注 $364
[2026-06-01 21:50:16] [WARN] AI·xiaoMei 金钱减少 364，当前 $3284
[2026-06-01 21:50:18] [INFO] AI·xiaoMei 金钱增加 2184，当前 $5468
[2026-06-01 21:50:18] [INFO] AI·xiaoMei（AI）中了 6 倍！获得 $2184
[2026-06-01 21:50:20] [INFO] AI·xiaoMei（AI）第 2/3 把，下注 $546
[2026-06-01 21:50:22] [WARN] AI·xiaoMei 金钱减少 546，当前 $4922
[2026-06-01 21:50:24] [INFO] AI·xiaoMei 金钱增加 5460，当前 $10382
[2026-06-01 21:50:24] [INFO] AI·xiaoMei（AI）中了 10 倍！获得 $5460
[2026-06-01 21:50:26] [INFO] AI·xiaoMei（AI）第 3/3 把，下注 $1038
[2026-06-01 21:50:28] [WARN] AI·xiaoMei 金钱减少 1038，当前 $9344
[2026-06-01 21:50:30] [INFO] AI·xiaoMei（AI）第 3 把没中
[2026-06-01 21:50:33] [INFO] naiLong 投掷出了 4 点
[2026-06-01 21:50:33] [INFO] ====== 第 28 回合 ======
[2026-06-01 21:50:35] [INFO] naiLong 进入 [null] 格子（索引 0）
[2026-06-01 21:50:36] [INFO] AI·xiaoMei 投掷出了 5 点
[2026-06-01 21:50:36] [INFO] ====== 第 29 回合 ======
[2026-06-01 21:50:38] [INFO] AI·xiaoMei 进入 [空地] 格子（索引 29）
[2026-06-01 21:50:39] [INFO] naiLong 投掷出了 3 点
[2026-06-01 21:50:39] [INFO] ====== 第 30 回合 ======
[2026-06-01 21:50:40] [INFO] naiLong 进入 [居民楼2] 格子（索引 3）
[2026-06-01 21:50:42] [WARN] naiLong 金钱减少 2000，当前 $1445
[2026-06-01 21:50:43] [INFO] AI·xiaoMei 投掷出了 2 点
[2026-06-01 21:50:43] [INFO] ====== 第 31 回合 ======
[2026-06-01 21:50:44] [INFO] AI·xiaoMei 进入 [小吃街] 格子（索引 1）
[2026-06-01 21:50:44] [INFO] AI·xiaoMei 触发事件：中彩票 —— +$3000
[2026-06-01 21:50:46] [INFO] AI·xiaoMei 金钱增加 3000，当前 $14344
[2026-06-01 21:50:47] [INFO] naiLong 投掷出了 3 点
[2026-06-01 21:50:47] [INFO] ====== 第 32 回合 ======
[2026-06-01 21:50:48] [INFO] naiLong 进入 [空地] 格子（索引 6）
[2026-06-01 21:50:49] [INFO] AI·xiaoMei 投掷出了 5 点
[2026-06-01 21:50:49] [INFO] ====== 第 33 回合 ======
[2026-06-01 21:50:51] [INFO] AI·xiaoMei 进入 [空地] 格子（索引 6）
[2026-06-01 21:50:53] [INFO] naiLong 投掷出了 5 点
[2026-06-01 21:50:53] [INFO] ====== 第 34 回合 ======
[2026-06-01 21:50:54] [INFO] naiLong 进入 [公园] 格子（索引 11）
[2026-06-01 21:50:57] [INFO] AI·xiaoMei 投掷出了 2 点
[2026-06-01 21:50:57] [INFO] ====== 第 35 回合 ======
[2026-06-01 21:50:58] [INFO] AI·xiaoMei 进入 [商店] 格子（索引 8）
[2026-06-01 21:50:58] [WARN] AI·xiaoMei 金钱减少 2000，当前 $12344
[2026-06-01 21:51:00] [INFO] naiLong 投掷出了 1 点
[2026-06-01 21:51:00] [INFO] ====== 第 36 回合 ======
[2026-06-01 21:51:01] [INFO] naiLong 进入 [空地] 格子（索引 12）
[2026-06-01 21:51:02] [INFO] AI·xiaoMei（AI）决定使用道具：地雷，目标：AI·xiaoMei
[2026-06-01 21:51:02] [INFO] [商店] 埋雷成功
[2026-06-01 21:51:02] [INFO] AI·xiaoMei 投掷出了 1 点
[2026-06-01 21:51:02] [INFO] ====== 第 37 回合 ======
[2026-06-01 21:51:03] [INFO] AI·xiaoMei 进入 [医院] 格子（索引 9）
[2026-06-01 21:51:03] [WARN] AI·xiaoMei 金钱减少 500，当前 $11844
[2026-06-01 21:51:07] [INFO] naiLong 投掷出了 3 点
[2026-06-01 21:51:07] [INFO] ====== 第 38 回合 ======
[2026-06-01 21:51:08] [INFO] naiLong 进入 [牢中] 格子（索引 15）
[2026-06-01 21:51:11] [INFO] AI·xiaoMei 投掷出了 1 点
[2026-06-01 21:51:11] [INFO] ====== 第 39 回合 ======
[2026-06-01 21:51:11] [INFO] AI·xiaoMei 进入 [居民楼3] 格子（索引 10）
[2026-06-01 21:51:11] [WARN] AI·xiaoMei 金钱减少 1500，当前 $10344
[2026-06-01 21:51:18] [INFO] AI·xiaoMei 投掷出了 6 点
[2026-06-01 21:51:18] [INFO] ====== 第 40 回合 ======
[2026-06-01 21:51:20] [INFO] AI·xiaoMei 进入 [抽卡点2] 格子（索引 16）
[2026-06-01 21:51:20] [INFO] AI·xiaoMei 抽到了 [考试周]
[2026-06-01 21:51:24] [INFO] AI·xiaoMei 投掷出了 6 点
[2026-06-01 21:51:24] [INFO] ====== 第 41 回合 ======
[2026-06-01 21:51:26] [INFO] AI·xiaoMei 进入 [抽卡点3] 格子（索引 22）
[2026-06-01 21:51:26] [INFO] AI·xiaoMei 抽到了 [万能骰子]
[2026-06-01 21:51:29] [INFO] naiLong 投掷出了 3 点
[2026-06-01 21:51:29] [INFO] ====== 第 42 回合 ======
[2026-06-01 21:51:30] [INFO] naiLong 进入 [居民楼5] 格子（索引 18）
[2026-06-01 21:51:33] [INFO] AI·xiaoMei 投掷出了 6 点
[2026-06-01 21:51:33] [INFO] ====== 第 43 回合 ======
[2026-06-01 21:51:35] [INFO] AI·xiaoMei 进入 [居民楼9] 格子（索引 28）
[2026-06-01 21:51:35] [WARN] AI·xiaoMei 金钱减少 1500，当前 $8844
[2026-06-01 21:51:37] [INFO] naiLong 投掷出了 5 点
[2026-06-01 21:51:37] [INFO] ====== 第 44 回合 ======
[2026-06-01 21:51:39] [INFO] naiLong 进入 [美食城] 格子（索引 23）
[2026-06-01 21:51:39] [INFO] naiLong 触发事件：顺风车 —— 向前 2 步
[2026-06-01 21:51:41] [INFO] naiLong 进入 [居民楼8] 格子（索引 25）
[2026-06-01 21:51:44] [INFO] AI·xiaoMei 投掷出了 2 点
[2026-06-01 21:51:44] [INFO] ====== 第 45 回合 ======
[2026-06-01 21:51:45] [INFO] AI·xiaoMei 进入 [null] 格子（索引 0）
[2026-06-01 21:51:46] [INFO] naiLong 投掷出了 2 点
[2026-06-01 21:51:46] [INFO] ====== 第 46 回合 ======
[2026-06-01 21:51:47] [INFO] naiLong 进入 [空地] 格子（索引 27）
[2026-06-01 21:51:49] [INFO] AI·xiaoMei 投掷出了 5 点
[2026-06-01 21:51:49] [INFO] ====== 第 47 回合 ======
[2026-06-01 21:51:50] [INFO] AI·xiaoMei 进入 [旅馆] 格子（索引 5）
[2026-06-01 21:51:50] [WARN] AI·xiaoMei 金钱减少 3000，当前 $7844
[2026-06-01 21:51:52] [INFO] naiLong 投掷出了 5 点
[2026-06-01 21:51:52] [INFO] ====== 第 48 回合 ======
[2026-06-01 21:51:53] [INFO] naiLong 进入 [居民楼1] 格子（索引 2）
[2026-06-01 21:51:55] [WARN] naiLong 金钱减少 1500，当前 $1945
[2026-06-01 21:51:56] [INFO] AI·xiaoMei 投掷出了 2 点
[2026-06-01 21:51:56] [INFO] ====== 第 49 回合 ======
[2026-06-01 21:51:57] [INFO] AI·xiaoMei 进入 [抽卡点] 格子（索引 7）
[2026-06-01 21:51:57] [INFO] AI·xiaoMei 抽到了 [地雷]
[2026-06-01 21:52:05] [INFO] naiLong 投掷出了 2 点
[2026-06-01 21:52:05] [INFO] ====== 第 50 回合 ======
[2026-06-01 21:52:06] [INFO] naiLong 进入 [体育馆1] 格子（索引 4）
[2026-06-01 21:52:10] [INFO] AI·xiaoMei（AI）决定使用道具：地雷，目标：AI·xiaoMei
[2026-06-01 21:52:10] [INFO] [抽卡点] 埋雷成功
[2026-06-01 21:52:10] [INFO] AI·xiaoMei 投掷出了 4 点
[2026-06-01 21:52:10] [INFO] ====== 第 51 回合 ======
[2026-06-01 21:52:11] [WARN] [商店] 地雷引爆！
[2026-06-01 21:52:11] [WARN] AI·xiaoMei 生命减少 40，当前 HP=50
[2026-06-01 21:52:13] [INFO] AI·xiaoMei 进入 [公园] 格子（索引 11）
[2026-06-01 21:52:14] [INFO] naiLong 投掷出了 3 点
[2026-06-01 21:52:14] [INFO] ====== 第 52 回合 ======
[2026-06-01 21:52:15] [WARN] [抽卡点] 地雷引爆！
[2026-06-01 21:52:15] [WARN] naiLong 生命减少 40，当前 HP=60
[2026-06-01 21:52:17] [INFO] naiLong 进入 [抽卡点] 格子（索引 7）
[2026-06-01 21:52:17] [INFO] naiLong 抽到了 [包子]
[2026-06-01 21:52:19] [INFO] AI·xiaoMei 投掷出了 5 点
[2026-06-01 21:52:19] [INFO] ====== 第 53 回合 ======
[2026-06-01 21:52:21] [INFO] AI·xiaoMei 进入 [抽卡点2] 格子（索引 16）
[2026-06-01 21:52:21] [INFO] AI·xiaoMei 抽到了 [万能骰子]
[2026-06-01 21:52:26] [INFO] naiLong 生命增加 20，当前 HP=80
[2026-06-01 21:52:26] [INFO] naiLong 投掷出了 4 点
[2026-06-01 21:52:26] [INFO] ====== 第 54 回合 ======
[2026-06-01 21:52:27] [INFO] naiLong 进入 [公园] 格子（索引 11）
[2026-06-01 21:52:30] [INFO] AI·xiaoMei 投掷出了 4 点
[2026-06-01 21:52:30] [INFO] ====== 第 55 回合 ======
[2026-06-01 21:52:32] [INFO] AI·xiaoMei 进入 [居民楼7] 格子（索引 20）
[2026-06-01 21:52:32] [WARN] AI·xiaoMei 金钱减少 1500，当前 $6344
[2026-06-01 21:52:34] [INFO] naiLong 投掷出了 2 点
[2026-06-01 21:52:34] [INFO] ====== 第 56 回合 ======
[2026-06-01 21:52:35] [INFO] naiLong 进入 [居民楼4] 格子（索引 13）
[2026-06-01 21:52:37] [WARN] naiLong 金钱减少 1500，当前 $445
[2026-06-01 21:52:38] [INFO] AI·xiaoMei 投掷出了 5 点
[2026-06-01 21:52:38] [INFO] ====== 第 57 回合 ======
[2026-06-01 21:52:40] [INFO] AI·xiaoMei 进入 [居民楼8] 格子（索引 25）
[2026-06-01 21:52:41] [WARN] AI·xiaoMei 金钱减少 400，当前 $5944
[2026-06-01 21:52:41] [INFO] naiLong 金钱增加 400，当前 $845
[2026-06-01 21:52:42] [INFO] naiLong 投掷出了 5 点
[2026-06-01 21:52:42] [INFO] ====== 第 58 回合 ======
[2026-06-01 21:52:43] [INFO] naiLong 进入 [居民楼5] 格子（索引 18）
[2026-06-01 21:52:46] [INFO] AI·xiaoMei 投掷出了 2 点
[2026-06-01 21:52:46] [INFO] ====== 第 59 回合 ======
[2026-06-01 21:52:48] [INFO] AI·xiaoMei 进入 [空地] 格子（索引 27）
[2026-06-01 21:52:49] [INFO] naiLong 投掷出了 2 点
[2026-06-01 21:52:49] [INFO] ====== 第 60 回合 ======
[2026-06-01 21:52:50] [INFO] naiLong 进入 [居民楼7] 格子（索引 20）
[2026-06-01 21:52:51] [WARN] naiLong 金钱减少 400，当前 $445
[2026-06-01 21:52:51] [INFO] AI·xiaoMei 金钱增加 400，当前 $6344
[2026-06-01 21:52:53] [INFO] AI·xiaoMei 投掷出了 1 点
[2026-06-01 21:52:53] [INFO] ====== 第 61 回合 ======
[2026-06-01 21:52:54] [INFO] AI·xiaoMei 进入 [居民楼9] 格子（索引 28）
[2026-06-01 21:52:54] [WARN] AI·xiaoMei 金钱减少 1500，当前 $4844
[2026-06-01 21:52:57] [INFO] naiLong 投掷出了 4 点
[2026-06-01 21:52:57] [INFO] ====== 第 62 回合 ======
[2026-06-01 21:52:58] [INFO] naiLong 进入 [皇家赌场] 格子（索引 24）
[2026-06-01 21:53:04] [WARN] naiLong 金钱减少 100，当前 $345
[2026-06-01 21:53:06] [INFO] naiLong 金钱增加 200，当前 $545
[2026-06-01 21:53:09] [INFO] AI·xiaoMei 投掷出了 6 点
[2026-06-01 21:53:09] [INFO] ====== 第 63 回合 ======
[2026-06-01 21:53:11] [INFO] AI·xiaoMei 进入 [体育馆1] 格子（索引 4）
[2026-06-01 21:53:11] [WARN] AI·xiaoMei 金钱减少 2000，当前 $4844
[2026-06-01 21:53:13] [INFO] naiLong 投掷出了 3 点
[2026-06-01 21:53:13] [INFO] ====== 第 64 回合 ======
[2026-06-01 21:53:14] [INFO] naiLong 进入 [空地] 格子（索引 27）
[2026-06-01 21:53:15] [INFO] AI·xiaoMei 投掷出了 5 点
[2026-06-01 21:53:15] [INFO] ====== 第 65 回合 ======
[2026-06-01 21:53:17] [INFO] AI·xiaoMei 进入 [医院] 格子（索引 9）
[2026-06-01 21:53:17] [WARN] AI·xiaoMei 金钱减少 2000，当前 $2844
[2026-06-01 21:53:19] [INFO] naiLong 投掷出了 4 点
[2026-06-01 21:53:19] [INFO] ====== 第 66 回合 ======
[2026-06-01 21:53:20] [INFO] naiLong 进入 [小吃街] 格子（索引 1）
[2026-06-01 21:53:20] [INFO] naiLong 触发事件：扶老奶奶 —— +$1500
[2026-06-01 21:53:21] [INFO] naiLong 金钱增加 1500，当前 $4045
[2026-06-01 21:53:23] [INFO] AI·xiaoMei 投掷出了 6 点
[2026-06-01 21:53:23] [INFO] ====== 第 67 回合 ======
[2026-06-01 21:53:24] [INFO] AI·xiaoMei 进入 [牢中] 格子（索引 15）
[2026-06-01 21:53:27] [INFO] naiLong 投掷出了 3 点
[2026-06-01 21:53:27] [INFO] ====== 第 68 回合 ======
[2026-06-01 21:53:28] [INFO] naiLong 进入 [体育馆1] 格子（索引 4）
[2026-06-01 21:53:29] [WARN] naiLong 金钱减少 400，当前 $3645
[2026-06-01 21:53:29] [INFO] AI·xiaoMei 金钱增加 400，当前 $3244
[2026-06-01 21:53:31] [INFO] naiLong 投掷出了 2 点
[2026-06-01 21:53:31] [INFO] ====== 第 69 回合 ======
[2026-06-01 21:53:32] [INFO] naiLong 进入 [空地] 格子（索引 6）
[2026-06-01 21:53:34] [INFO] naiLong 投掷出了 5 点
[2026-06-01 21:53:34] [INFO] ====== 第 70 回合 ======
[2026-06-01 21:53:36] [INFO] naiLong 进入 [公园] 格子（索引 11）
[2026-06-01 21:53:38] [INFO] AI·xiaoMei 投掷出了 1 点
[2026-06-01 21:53:38] [INFO] ====== 第 71 回合 ======
[2026-06-01 21:53:39] [INFO] AI·xiaoMei 进入 [抽卡点2] 格子（索引 16）
[2026-06-01 21:53:39] [INFO] AI·xiaoMei 抽到了 [路障]
[2026-06-01 21:53:42] [INFO] naiLong 投掷出了 3 点
[2026-06-01 21:53:42] [INFO] ====== 第 72 回合 ======
[2026-06-01 21:53:43] [INFO] naiLong 进入 [市民公园] 格子（索引 14）
[2026-06-01 21:53:43] [INFO] naiLong 触发事件：顺风车 —— 向前 5 步
[2026-06-01 21:53:45] [INFO] naiLong 进入 [居民楼6] 格子（索引 19）
[2026-06-01 21:53:46] [WARN] naiLong 金钱减少 400，当前 $3245
[2026-06-01 21:53:46] [INFO] AI·xiaoMei 金钱增加 400，当前 $3644
[2026-06-01 21:53:47] [INFO] AI·xiaoMei 投掷出了 3 点
[2026-06-01 21:53:47] [INFO] ====== 第 73 回合 ======
[2026-06-01 21:53:49] [INFO] AI·xiaoMei 进入 [居民楼6] 格子（索引 19）
[2026-06-01 21:53:49] [WARN] AI·xiaoMei 金钱减少 1500，当前 $2144
[2026-06-01 21:53:50] [INFO] naiLong 投掷出了 1 点
[2026-06-01 21:53:50] [INFO] ====== 第 74 回合 ======
[2026-06-01 21:53:51] [INFO] naiLong 进入 [居民楼7] 格子（索引 20）
[2026-06-01 21:53:52] [WARN] naiLong 金钱减少 400，当前 $2845
[2026-06-01 21:53:52] [INFO] AI·xiaoMei 金钱增加 400，当前 $2544
[2026-06-01 21:53:53] [INFO] AI·xiaoMei 投掷出了 4 点
[2026-06-01 21:53:53] [INFO] ====== 第 75 回合 ======
[2026-06-01 21:53:54] [INFO] AI·xiaoMei 进入 [美食城] 格子（索引 23）
[2026-06-01 21:53:54] [WARN] AI·xiaoMei 触发事件：食物中毒 —— 每回合 HP-3
[2026-06-01 21:53:56] [INFO] naiLong 投掷出了 4 点
[2026-06-01 21:53:56] [INFO] ====== 第 76 回合 ======
[2026-06-01 21:53:57] [INFO] naiLong 进入 [皇家赌场] 格子（索引 24）
[2026-06-01 21:54:02] [WARN] naiLong 金钱减少 200，当前 $2645
[2026-06-01 21:54:12] [WARN] naiLong 金钱减少 2000，当前 $645
[2026-06-01 21:54:17] [INFO] AI·xiaoMei 投掷出了 3 点
[2026-06-01 21:54:17] [WARN] AI·xiaoMei 生命减少 3，当前 HP=97
[2026-06-01 21:54:17] [INFO] ====== 第 77 回合 ======
[2026-06-01 21:54:18] [INFO] AI·xiaoMei 进入 [超市] 格子（索引 26）
[2026-06-01 21:54:18] [WARN] AI·xiaoMei 金钱减少 2000，当前 $544
[2026-06-01 21:54:18] [INFO] naiLong 金钱增加 400，当前 $1045
[2026-06-01 21:54:28] [INFO] naiLong 投掷出了 3 点
[2026-06-01 21:54:28] [INFO] ====== 第 78 回合 ======
[2026-06-01 21:54:30] [INFO] naiLong 进入 [空地] 格子（索引 27）
[2026-06-01 21:54:30] [INFO] AI·xiaoMei 投掷出了 3 点
[2026-06-01 21:54:30] [WARN] AI·xiaoMei 生命减少 3，当前 HP=94
[2026-06-01 21:54:30] [INFO] ====== 第 79 回合 ======
[2026-06-01 21:54:32] [INFO] AI·xiaoMei 进入 [空地] 格子（索引 29）
[2026-06-01 21:54:32] [INFO] naiLong 投掷出了 3 点
[2026-06-01 21:54:32] [INFO] ====== 第 80 回合 ======
[2026-06-01 21:54:33] [INFO] naiLong 进入 [null] 格子（索引 0）
[2026-06-01 21:54:35] [INFO] AI·xiaoMei 投掷出了 1 点
[2026-06-01 21:54:35] [WARN] AI·xiaoMei 生命减少 3，当前 HP=91
[2026-06-01 21:54:35] [INFO] ====== 第 81 回合 ======
[2026-06-01 21:54:36] [INFO] AI·xiaoMei 进入 [null] 格子（索引 0）
[2026-06-01 21:54:36] [INFO] naiLong 投掷出了 2 点
[2026-06-01 21:54:36] [INFO] ====== 第 82 回合 ======
[2026-06-01 21:54:37] [INFO] naiLong 进入 [居民楼1] 格子（索引 2）
[2026-06-01 21:54:38] [WARN] naiLong 金钱减少 1500，当前 $1545
[2026-06-01 21:54:40] [INFO] AI·xiaoMei 投掷出了 4 点
[2026-06-01 21:54:40] [WARN] AI·xiaoMei 生命减少 3，当前 HP=88
[2026-06-01 21:54:40] [INFO] ====== 第 83 回合 ======
[2026-06-01 21:54:41] [INFO] AI·xiaoMei 进入 [体育馆1] 格子（索引 4）
[2026-06-01 21:54:42] [INFO] naiLong 投掷出了 1 点
[2026-06-01 21:54:42] [INFO] ====== 第 84 回合 ======
[2026-06-01 21:54:43] [INFO] naiLong 进入 [居民楼2] 格子（索引 3）
[2026-06-01 21:54:47] [INFO] AI·xiaoMei（AI）决定使用道具：地雷，目标：AI·xiaoMei
[2026-06-01 21:54:47] [INFO] [体育馆1] 埋雷成功
[2026-06-01 21:54:48] [INFO] AI·xiaoMei 投掷出了 6 点
[2026-06-01 21:54:48] [WARN] AI·xiaoMei 生命减少 3，当前 HP=85
[2026-06-01 21:54:48] [INFO] ====== 第 85 回合 ======
[2026-06-01 21:54:50] [INFO] AI·xiaoMei 进入 [居民楼3] 格子（索引 10）
[2026-06-01 21:54:51] [INFO] naiLong 投掷出了 3 点
[2026-06-01 21:54:51] [INFO] ====== 第 86 回合 ======
[2026-06-01 21:54:52] [WARN] [体育馆1] 地雷引爆！
[2026-06-01 21:54:52] [WARN] naiLong 生命减少 40，当前 HP=40
[2026-06-01 21:54:53] [INFO] naiLong 进入 [空地] 格子（索引 6）
[2026-06-01 21:54:54] [INFO] AI·xiaoMei（AI）决定使用道具：考试周，目标：naiLong
[2026-06-01 21:54:55] [INFO] AI·xiaoMei 投掷出了 5 点
[2026-06-01 21:54:55] [WARN] AI·xiaoMei 生命减少 3，当前 HP=82
[2026-06-01 21:54:55] [INFO] ====== 第 87 回合 ======
[2026-06-01 21:54:56] [INFO] AI·xiaoMei 进入 [牢中] 格子（索引 15）
[2026-06-01 21:55:01] [INFO] AI·xiaoMei 投掷出了 3 点
[2026-06-01 21:55:01] [WARN] AI·xiaoMei 生命减少 3，当前 HP=79
[2026-06-01 21:55:01] [INFO] ====== 第 88 回合 ======
[2026-06-01 21:55:02] [INFO] AI·xiaoMei 进入 [居民楼5] 格子（索引 18）
[2026-06-01 21:55:04] [WARN] AI·xiaoMei 金钱减少 600，当前 $1944
[2026-06-01 21:55:04] [INFO] naiLong 金钱增加 600，当前 $2145
[2026-06-01 21:55:04] [INFO] naiLong 投掷出了 1 点
[2026-06-01 21:55:04] [INFO] ====== 第 89 回合 ======
[2026-06-01 21:55:05] [INFO] naiLong 进入 [抽卡点] 格子（索引 7）
[2026-06-01 21:55:05] [INFO] naiLong 抽到了 [升级卡]
[2026-06-01 21:56:10] [INFO] naiLong 投掷出了 2 点
[2026-06-01 21:56:10] [INFO] ====== 第 90 回合 ======
[2026-06-01 21:56:11] [INFO] naiLong 进入 [医院] 格子（索引 9）
[2026-06-01 21:56:15] [INFO] AI·xiaoMei 投掷出了 3 点
[2026-06-01 21:56:15] [WARN] AI·xiaoMei 生命减少 3，当前 HP=76
[2026-06-01 21:56:15] [INFO] ====== 第 91 回合 ======
[2026-06-01 21:56:16] [INFO] AI·xiaoMei 进入 [医院2] 格子（索引 21）
[2026-06-01 21:56:16] [WARN] AI·xiaoMei 金钱减少 500，当前 $1444
[2026-06-01 21:56:18] [INFO] naiLong 投掷出了 5 点
[2026-06-01 21:56:18] [INFO] ====== 第 92 回合 ======
[2026-06-01 21:56:20] [INFO] naiLong 进入 [市民公园] 格子（索引 14）
[2026-06-01 21:56:20] [INFO] naiLong 触发事件：捡到地雷 —— 地雷卡+1
[2026-06-01 21:56:23] [INFO] AI·xiaoMei 投掷出了 3 点
[2026-06-01 21:56:23] [WARN] AI·xiaoMei 生命减少 3，当前 HP=83
[2026-06-01 21:56:23] [INFO] ====== 第 93 回合 ======
[2026-06-01 21:56:24] [INFO] AI·xiaoMei 进入 [皇家赌场] 格子（索引 24）
[2026-06-01 21:56:24] [INFO] AI·xiaoMei（AI）进入皇家赌场，资金 $1444
[2026-06-01 21:56:26] [INFO] AI·xiaoMei（AI）第 1/3 把，下注 $144
[2026-06-01 21:56:28] [WARN] AI·xiaoMei 金钱减少 144，当前 $1300
[2026-06-01 21:56:30] [INFO] AI·xiaoMei（AI）第 1 把没中
[2026-06-01 21:56:32] [INFO] AI·xiaoMei（AI）第 2/3 把，下注 $130
[2026-06-01 21:56:33] [WARN] AI·xiaoMei 金钱减少 130，当前 $1170
[2026-06-01 21:56:36] [INFO] AI·xiaoMei（AI）第 2 把没中
[2026-06-01 21:56:37] [INFO] AI·xiaoMei（AI）第 3/3 把，下注 $117
[2026-06-01 21:56:38] [WARN] AI·xiaoMei 金钱减少 117，当前 $1053
[2026-06-01 21:56:41] [INFO] AI·xiaoMei 金钱增加 234，当前 $1287
[2026-06-01 21:56:41] [INFO] AI·xiaoMei（AI）中了 2 倍！获得 $234
[2026-06-01 21:56:46] [INFO] [市民公园] 埋雷成功
[2026-06-01 21:56:47] [INFO] naiLong 投掷出了 2 点
[2026-06-01 21:56:47] [INFO] ====== 第 94 回合 ======
[2026-06-01 21:56:48] [INFO] naiLong 进入 [抽卡点2] 格子（索引 16）
[2026-06-01 21:56:48] [INFO] naiLong 抽到了 [包子]
[2026-06-01 21:56:51] [INFO] AI·xiaoMei 投掷出了 5 点
[2026-06-01 21:56:51] [WARN] AI·xiaoMei 生命减少 3，当前 HP=80
[2026-06-01 21:56:51] [INFO] ====== 第 95 回合 ======
[2026-06-01 21:56:53] [INFO] AI·xiaoMei 进入 [空地] 格子（索引 29）
[2026-06-01 21:56:53] [INFO] naiLong 投掷出了 1 点
[2026-06-01 21:56:53] [INFO] ====== 第 96 回合 ======
[2026-06-01 21:56:54] [INFO] naiLong 进入 [体育馆2] 格子（索引 17）
[2026-06-01 21:56:55] [WARN] naiLong 金钱减少 400，当前 $1745
[2026-06-01 21:56:55] [INFO] AI·xiaoMei 金钱增加 400，当前 $1687
[2026-06-01 21:56:57] [INFO] AI·xiaoMei 投掷出了 6 点
[2026-06-01 21:56:57] [WARN] AI·xiaoMei 生命减少 3，当前 HP=77
[2026-06-01 21:56:57] [INFO] ====== 第 97 回合 ======
[2026-06-01 21:56:59] [INFO] AI·xiaoMei 进入 [旅馆] 格子（索引 5）
[2026-06-01 21:57:00] [INFO] AI·xiaoMei 进入 [空地] 格子（索引 6）
[2026-06-01 21:57:01] [INFO] naiLong 投掷出了 1 点
[2026-06-01 21:57:01] [INFO] ====== 第 98 回合 ======
[2026-06-01 21:57:02] [INFO] naiLong 进入 [居民楼5] 格子（索引 18）
[2026-06-01 21:57:05] [INFO] AI·xiaoMei 投掷出了 6 点
[2026-06-01 21:57:05] [WARN] AI·xiaoMei 生命减少 3，当前 HP=74
[2026-06-01 21:57:05] [INFO] ====== 第 99 回合 ======
[2026-06-01 21:57:07] [INFO] AI·xiaoMei 进入 [空地] 格子（索引 12）
[2026-06-01 21:57:07] [INFO] naiLong 投掷出了 1 点
[2026-06-01 21:57:07] [INFO] ====== 第 100 回合 ======
[2026-06-01 21:57:08] [INFO] naiLong 进入 [居民楼6] 格子（索引 19）
[2026-06-01 21:57:10] [WARN] naiLong 金钱减少 600，当前 $1145
[2026-06-01 21:57:10] [INFO] AI·xiaoMei 金钱增加 600，当前 $4287
[2026-06-01 21:57:11] [INFO] AI·xiaoMei 投掷出了 5 点
[2026-06-01 21:57:11] [WARN] AI·xiaoMei 生命减少 3，当前 HP=71
[2026-06-01 21:57:11] [INFO] ====== 第 101 回合 ======
[2026-06-01 21:57:12] [WARN] [市民公园] 地雷引爆！
[2026-06-01 21:57:12] [WARN] AI·xiaoMei 生命减少 40，当前 HP=31
[2026-06-01 21:57:14] [INFO] AI·xiaoMei 进入 [体育馆2] 格子（索引 17）
[2026-06-01 21:57:14] [WARN] AI·xiaoMei 金钱减少 2000，当前 $2287
[2026-06-01 21:57:16] [INFO] naiLong 投掷出了 5 点
[2026-06-01 21:57:16] [INFO] ====== 第 102 回合 ======
[2026-06-01 21:57:17] [INFO] naiLong 进入 [皇家赌场] 格子（索引 24）
[2026-06-01 21:57:22] [WARN] naiLong 金钱减少 145，当前 $1000
[2026-06-01 21:57:29] [WARN] naiLong 金钱减少 1000，当前 $0
[2026-06-01 21:57:35] [INFO] AI·xiaoMei 投掷出了 3 点
[2026-06-01 21:57:35] [WARN] AI·xiaoMei 生命减少 3，当前 HP=28
[2026-06-01 21:57:35] [INFO] ====== 第 103 回合 ======
[2026-06-01 21:57:36] [INFO] AI·xiaoMei 进入 [居民楼7] 格子（索引 20）
[2026-06-01 21:57:38] [INFO] naiLong 投掷出了 3 点
[2026-06-01 21:57:38] [INFO] ====== 第 104 回合 ======
[2026-06-01 21:57:39] [INFO] naiLong 进入 [空地] 格子（索引 27）
[2026-06-01 21:57:39] [INFO] AI·xiaoMei 投掷出了 4 点
[2026-06-01 21:57:39] [WARN] AI·xiaoMei 生命减少 3，当前 HP=25
[2026-06-01 21:57:39] [INFO] ====== 第 105 回合 ======
[2026-06-01 21:57:41] [INFO] AI·xiaoMei 进入 [皇家赌场] 格子（索引 24）
[2026-06-01 21:57:41] [INFO] AI·xiaoMei（AI）进入皇家赌场，资金 $2287
[2026-06-01 21:57:43] [INFO] AI·xiaoMei（AI）第 1/3 把，下注 $228
[2026-06-01 21:57:44] [WARN] AI·xiaoMei 金钱减少 228，当前 $2059
[2026-06-01 21:57:47] [INFO] AI·xiaoMei（AI）第 1 把没中
[2026-06-01 21:57:49] [INFO] AI·xiaoMei（AI）第 2/3 把，下注 $205
[2026-06-01 21:57:50] [WARN] AI·xiaoMei 金钱减少 205，当前 $1854
[2026-06-01 21:57:53] [INFO] AI·xiaoMei（AI）第 2 把没中
[2026-06-01 21:57:55] [INFO] AI·xiaoMei（AI）第 3/3 把，下注 $185
[2026-06-01 21:57:57] [WARN] AI·xiaoMei 金钱减少 185，当前 $1669
[2026-06-01 21:57:59] [INFO] AI·xiaoMei（AI）第 3 把没中
[2026-06-01 21:58:02] [INFO] naiLong 投掷出了 3 点
[2026-06-01 21:58:02] [INFO] ====== 第 106 回合 ======
[2026-06-01 21:58:03] [INFO] naiLong 进入 [null] 格子（索引 0）
[2026-06-01 21:58:05] [INFO] AI·xiaoMei 投掷出了 5 点
[2026-06-01 21:58:05] [WARN] AI·xiaoMei 生命减少 3，当前 HP=22
[2026-06-01 21:58:05] [INFO] ====== 第 107 回合 ======
[2026-06-01 21:58:06] [INFO] AI·xiaoMei 进入 [空地] 格子（索引 29）
[2026-06-01 21:58:07] [INFO] naiLong 投掷出了 4 点
[2026-06-01 21:58:07] [INFO] ====== 第 108 回合 ======
[2026-06-01 21:58:09] [INFO] naiLong 进入 [体育馆1] 格子（索引 4）
[2026-06-01 21:58:10] [WARN] naiLong 金钱减少 400，当前 $1600
[2026-06-01 21:58:10] [INFO] AI·xiaoMei 金钱增加 400，当前 $2069
[2026-06-01 21:58:11] [INFO] AI·xiaoMei 投掷出了 3 点
[2026-06-01 21:58:11] [WARN] AI·xiaoMei 生命减少 3，当前 HP=19
[2026-06-01 21:58:11] [INFO] ====== 第 109 回合 ======
[2026-06-01 21:58:13] [INFO] AI·xiaoMei 进入 [居民楼1] 格子（索引 2）
[2026-06-01 21:58:14] [WARN] AI·xiaoMei 金钱减少 600，当前 $3469
[2026-06-01 21:58:14] [INFO] naiLong 金钱增加 600，当前 $2200
[2026-06-01 21:58:15] [INFO] naiLong 投掷出了 4 点
[2026-06-01 21:58:15] [INFO] ====== 第 110 回合 ======
[2026-06-01 21:58:16] [INFO] naiLong 进入 [商店] 格子（索引 8）
[2026-06-01 21:58:23] [WARN] naiLong 金钱减少 2000，当前 $200
[2026-06-01 21:58:26] [INFO] AI·xiaoMei 投掷出了 6 点
[2026-06-01 21:58:26] [WARN] AI·xiaoMei 生命减少 3，当前 HP=16
[2026-06-01 21:58:26] [INFO] ====== 第 111 回合 ======
[2026-06-01 21:58:27] [INFO] AI·xiaoMei 进入 [商店] 格子（索引 8）
[2026-06-01 21:58:27] [WARN] AI·xiaoMei 金钱减少 2000，当前 $1469
[2026-06-01 21:58:31] [INFO] naiLong 投掷出了 2 点
[2026-06-01 21:58:31] [INFO] ====== 第 112 回合 ======
[2026-06-01 21:58:32] [INFO] naiLong 进入 [居民楼3] 格子（索引 10）
[2026-06-01 21:58:33] [WARN] naiLong 金钱减少 600，当前 $-400
[2026-06-01 21:58:33] [ERROR] naiLong 金钱归零，游戏结束！
[2026-06-01 21:58:33] [INFO] ====== 游戏结束 ======
[2026-06-01 21:58:33] [INFO] AI·xiaoMei 获胜！剩余 $1469，HP=16
[2026-06-01 21:58:33] [INFO] naiLong 破产！剩余 $-400，HP=40
[2026-06-01 22:07:04] [INFO] 开场动画播放完毕
[2026-06-01 22:07:04] [INFO] 模式选择面板加载完毕
[2026-06-01 22:07:04] [INFO] 已切换到游戏菜单
[2026-06-01 22:07:04] [INFO] 游戏菜单加载完毕
[2026-06-01 22:11:08] [INFO] naiLong 投掷出了 6 点
[2026-06-01 22:11:08] [INFO] ====== 第 1 回合 ======
[2026-06-01 22:11:10] [INFO] naiLong 进入 [空地] 格子（索引 6）
[2026-06-01 22:11:11] [INFO] xiaoMei 投掷出了 4 点
[2026-06-01 22:11:11] [INFO] ====== 第 2 回合 ======
[2026-06-01 22:11:12] [INFO] xiaoMei 进入 [体育馆1] 格子（索引 4）
[2026-06-01 22:11:13] [WARN] xiaoMei 金钱减少 2000，当前 $8000
[2026-06-01 22:11:15] [INFO] naiLong 投掷出了 3 点
[2026-06-01 22:11:15] [INFO] ====== 第 3 回合 ======
[2026-06-01 22:11:16] [INFO] naiLong 进入 [医院] 格子（索引 9）
[2026-06-01 22:11:18] [INFO] xiaoMei 投掷出了 3 点
[2026-06-01 22:11:18] [INFO] ====== 第 4 回合 ======
[2026-06-01 22:11:20] [INFO] xiaoMei 进入 [抽卡点] 格子（索引 7）
[2026-06-01 22:11:20] [INFO] xiaoMei 抽到了 [路障]
[2026-06-01 22:11:21] [INFO] naiLong 投掷出了 3 点
[2026-06-01 22:11:21] [INFO] ====== 第 5 回合 ======
[2026-06-01 22:11:22] [INFO] naiLong 进入 [空地] 格子（索引 12）
[2026-06-01 22:11:23] [INFO] xiaoMei 投掷出了 2 点
[2026-06-01 22:11:23] [INFO] ====== 第 6 回合 ======
[2026-06-01 22:11:24] [INFO] xiaoMei 进入 [医院] 格子（索引 9）
[2026-06-01 22:11:25] [INFO] naiLong 投掷出了 2 点
[2026-06-01 22:11:25] [INFO] ====== 第 7 回合 ======
[2026-06-01 22:11:26] [INFO] naiLong 进入 [市民公园] 格子（索引 14）
[2026-06-01 22:11:26] [INFO] naiLong 触发事件：车祸 —— 金钱减25%
[2026-06-01 22:11:28] [WARN] naiLong 金钱减少 2500，当前 $7500
[2026-06-01 22:11:29] [INFO] xiaoMei 投掷出了 5 点
[2026-06-01 22:11:29] [INFO] ====== 第 8 回合 ======
[2026-06-01 22:11:31] [INFO] xiaoMei 进入 [市民公园] 格子（索引 14）
[2026-06-01 22:11:31] [INFO] xiaoMei 触发事件：中彩票 —— +$3000
[2026-06-01 22:11:32] [INFO] xiaoMei 金钱增加 3000，当前 $11000
[2026-06-01 22:11:33] [INFO] naiLong 投掷出了 6 点
[2026-06-01 22:11:33] [INFO] ====== 第 9 回合 ======
[2026-06-01 22:11:35] [INFO] naiLong 进入 [居民楼7] 格子（索引 20）
[2026-06-01 22:11:37] [INFO] xiaoMei 投掷出了 3 点
[2026-06-01 22:11:37] [INFO] ====== 第 10 回合 ======
[2026-06-01 22:11:38] [INFO] xiaoMei 进入 [体育馆2] 格子（索引 17）
[2026-06-01 22:11:40] [INFO] naiLong 投掷出了 2 点
[2026-06-01 22:11:40] [INFO] ====== 第 11 回合 ======
[2026-06-01 22:11:41] [INFO] naiLong 进入 [抽卡点3] 格子（索引 22）
[2026-06-01 22:11:41] [INFO] naiLong 抽到了 [考试周]
[2026-06-01 22:11:42] [INFO] xiaoMei 投掷出了 6 点
[2026-06-01 22:11:42] [INFO] ====== 第 12 回合 ======
[2026-06-01 22:11:44] [INFO] xiaoMei 进入 [美食城] 格子（索引 23）
[2026-06-01 22:11:44] [INFO] xiaoMei 触发事件：股票亏损 —— -$2000
[2026-06-01 22:11:46] [WARN] xiaoMei 金钱减少 2000，当前 $9000
[2026-06-01 22:11:48] [INFO] naiLong 投掷出了 5 点
[2026-06-01 22:11:48] [INFO] ====== 第 13 回合 ======
[2026-06-01 22:11:50] [INFO] naiLong 进入 [空地] 格子（索引 27）
[2026-06-01 22:11:51] [INFO] xiaoMei 投掷出了 3 点
[2026-06-01 22:11:51] [INFO] ====== 第 14 回合 ======
[2026-06-01 22:11:52] [INFO] xiaoMei 进入 [超市] 格子（索引 26）
[2026-06-01 22:11:54] [WARN] xiaoMei 金钱减少 2000，当前 $7000
[2026-06-01 22:11:55] [INFO] naiLong 投掷出了 5 点
[2026-06-01 22:11:55] [INFO] ====== 第 15 回合 ======
[2026-06-01 22:11:57] [INFO] naiLong 进入 [居民楼1] 格子（索引 2）
[2026-06-01 22:11:58] [WARN] naiLong 金钱减少 1500，当前 $8000
[2026-06-01 22:12:00] [INFO] xiaoMei 投掷出了 3 点
[2026-06-01 22:12:00] [INFO] ====== 第 16 回合 ======
[2026-06-01 22:12:01] [INFO] xiaoMei 进入 [空地] 格子（索引 29）
[2026-06-01 22:12:02] [INFO] naiLong 投掷出了 4 点
[2026-06-01 22:12:02] [INFO] ====== 第 17 回合 ======
[2026-06-01 22:12:03] [INFO] naiLong 进入 [空地] 格子（索引 6）
[2026-06-01 22:12:04] [INFO] xiaoMei 投掷出了 5 点
[2026-06-01 22:12:04] [INFO] ====== 第 18 回合 ======
[2026-06-01 22:12:06] [INFO] xiaoMei 进入 [体育馆1] 格子（索引 4）
[2026-06-01 22:12:07] [WARN] xiaoMei 金钱减少 2000，当前 $7000
[2026-06-01 22:12:08] [INFO] naiLong 投掷出了 4 点
[2026-06-01 22:12:08] [INFO] ====== 第 19 回合 ======
[2026-06-01 22:12:10] [INFO] naiLong 进入 [居民楼3] 格子（索引 10）
[2026-06-01 22:12:12] [INFO] xiaoMei 投掷出了 6 点
[2026-06-01 22:12:12] [INFO] ====== 第 20 回合 ======
[2026-06-01 22:12:14] [INFO] xiaoMei 进入 [居民楼3] 格子（索引 10）
[2026-06-01 22:12:16] [WARN] xiaoMei 金钱减少 1500，当前 $5500
[2026-06-01 22:12:17] [INFO] naiLong 投掷出了 3 点
[2026-06-01 22:12:17] [INFO] ====== 第 21 回合 ======
[2026-06-01 22:12:18] [INFO] naiLong 进入 [居民楼4] 格子（索引 13）
[2026-06-01 22:12:19] [WARN] naiLong 金钱减少 1500，当前 $6500
[2026-06-01 22:12:20] [INFO] xiaoMei 投掷出了 5 点
[2026-06-01 22:12:20] [INFO] ====== 第 22 回合 ======
[2026-06-01 22:12:21] [INFO] xiaoMei 进入 [牢中] 格子（索引 15）
[2026-06-01 22:12:23] [INFO] naiLong 投掷出了 3 点
[2026-06-01 22:12:23] [INFO] ====== 第 23 回合 ======
[2026-06-01 22:12:24] [INFO] naiLong 进入 [抽卡点2] 格子（索引 16）
[2026-06-01 22:12:24] [INFO] naiLong 抽到了 [身份证]
[2026-06-01 22:12:28] [INFO] naiLong 投掷出了 4 点
[2026-06-01 22:12:28] [INFO] ====== 第 24 回合 ======
[2026-06-01 22:12:29] [INFO] naiLong 进入 [居民楼7] 格子（索引 20）
[2026-06-01 22:12:30] [WARN] naiLong 金钱减少 1500，当前 $5000
[2026-06-01 22:12:33] [INFO] naiLong 投掷出了 5 点
[2026-06-01 22:12:33] [INFO] ====== 第 25 回合 ======
[2026-06-01 22:12:34] [INFO] naiLong 进入 [居民楼8] 格子（索引 25）
[2026-06-01 22:12:35] [WARN] naiLong 金钱减少 1500，当前 $3500
[2026-06-01 22:12:36] [INFO] xiaoMei 投掷出了 1 点
[2026-06-01 22:12:36] [INFO] ====== 第 26 回合 ======
[2026-06-01 22:12:37] [INFO] xiaoMei 进入 [抽卡点2] 格子（索引 16）
[2026-06-01 22:12:37] [INFO] xiaoMei 抽到了 [路障]
[2026-06-01 22:12:43] [INFO] naiLong 投掷出了 16 点
[2026-06-01 22:12:43] [INFO] ====== 第 27 回合 ======
[2026-06-01 22:12:47] [INFO] naiLong 进入 [公园] 格子（索引 11）
[2026-06-01 22:12:49] [INFO] xiaoMei 投掷出了 3 点
[2026-06-01 22:12:49] [INFO] ====== 第 28 回合 ======
[2026-06-01 22:12:51] [INFO] xiaoMei 进入 [居民楼6] 格子（索引 19）
[2026-06-01 22:12:52] [WARN] xiaoMei 金钱减少 1500，当前 $4000
[2026-06-01 22:12:53] [INFO] naiLong 投掷出了 6 点
[2026-06-01 22:12:53] [INFO] ====== 第 29 回合 ======
[2026-06-01 22:12:55] [INFO] naiLong 进入 [体育馆2] 格子（索引 17）
[2026-06-01 22:12:56] [WARN] naiLong 金钱减少 2000，当前 $3500
[2026-06-01 22:12:56] [INFO] xiaoMei 投掷出了 5 点
[2026-06-01 22:12:56] [INFO] ====== 第 30 回合 ======
[2026-06-01 22:12:58] [INFO] xiaoMei 进入 [皇家赌场] 格子（索引 24）
[2026-06-01 22:13:08] [INFO] naiLong 投掷出了 3 点
[2026-06-01 22:13:08] [INFO] ====== 第 31 回合 ======
[2026-06-01 22:13:09] [INFO] naiLong 进入 [居民楼7] 格子（索引 20）
[2026-06-01 22:13:10] [WARN] naiLong 金钱减少 1500，当前 $2000
[2026-06-01 22:13:11] [INFO] xiaoMei 投掷出了 1 点
[2026-06-01 22:13:11] [INFO] ====== 第 32 回合 ======
[2026-06-01 22:13:11] [INFO] xiaoMei 进入 [居民楼8] 格子（索引 25）
[2026-06-01 22:13:12] [WARN] xiaoMei 金钱减少 400，当前 $3600
[2026-06-01 22:13:12] [INFO] naiLong 金钱增加 400，当前 $2400
[2026-06-01 22:13:14] [INFO] naiLong 投掷出了 4 点
[2026-06-01 22:13:14] [INFO] ====== 第 33 回合 ======
[2026-06-01 22:13:15] [INFO] naiLong 进入 [皇家赌场] 格子（索引 24）
[2026-06-01 22:13:20] [WARN] naiLong 金钱减少 2400，当前 $0
[2026-06-01 22:13:28] [INFO] xiaoMei 投掷出了 3 点
[2026-06-01 22:13:28] [INFO] ====== 第 34 回合 ======
[2026-06-01 22:13:29] [INFO] xiaoMei 进入 [居民楼9] 格子（索引 28）
[2026-06-01 22:13:30] [WARN] xiaoMei 金钱减少 1500，当前 $2100
[2026-06-01 22:13:32] [INFO] naiLong 投掷出了 1 点
[2026-06-01 22:13:32] [INFO] ====== 第 35 回合 ======
[2026-06-01 22:13:33] [INFO] naiLong 进入 [居民楼8] 格子（索引 25）
[2026-06-01 22:13:35] [INFO] xiaoMei 投掷出了 3 点
[2026-06-01 22:13:35] [INFO] ====== 第 36 回合 ======
[2026-06-01 22:13:36] [INFO] xiaoMei 进入 [小吃街] 格子（索引 1）
[2026-06-01 22:13:36] [INFO] xiaoMei 触发事件：扶老奶奶 —— +$1500
[2026-06-01 22:13:37] [INFO] xiaoMei 金钱增加 1500，当前 $5600
[2026-06-01 22:13:37] [INFO] naiLong 投掷出了 6 点
[2026-06-01 22:13:37] [INFO] ====== 第 37 回合 ======
[2026-06-01 22:13:39] [INFO] naiLong 进入 [小吃街] 格子（索引 1）
[2026-06-01 22:13:39] [INFO] naiLong 触发事件：捡到地雷 —— 地雷卡+1
[2026-06-01 22:13:41] [INFO] xiaoMei 投掷出了 5 点
[2026-06-01 22:13:41] [INFO] ====== 第 38 回合 ======
[2026-06-01 22:13:43] [INFO] xiaoMei 进入 [空地] 格子（索引 6）
[2026-06-01 22:13:44] [INFO] naiLong 投掷出了 3 点
[2026-06-01 22:13:44] [INFO] ====== 第 39 回合 ======
[2026-06-01 22:13:45] [INFO] naiLong 进入 [体育馆1] 格子（索引 4）
[2026-06-01 22:13:46] [WARN] naiLong 金钱减少 800，当前 $1200
[2026-06-01 22:13:46] [INFO] xiaoMei 金钱增加 800，当前 $6400
[2026-06-01 22:13:48] [INFO] xiaoMei 投掷出了 1 点
[2026-06-01 22:13:48] [INFO] ====== 第 40 回合 ======
[2026-06-01 22:13:48] [INFO] xiaoMei 进入 [抽卡点] 格子（索引 7）
[2026-06-01 22:13:48] [INFO] xiaoMei 抽到了 [升级卡]
[2026-06-01 22:13:51] [INFO] naiLong 投掷出了 5 点
[2026-06-01 22:13:51] [INFO] ====== 第 41 回合 ======
[2026-06-01 22:13:53] [INFO] naiLong 进入 [医院] 格子（索引 9）
[2026-06-01 22:14:00] [INFO] xiaoMei 投掷出了 3 点
[2026-06-01 22:14:00] [INFO] ====== 第 42 回合 ======
[2026-06-01 22:14:01] [INFO] xiaoMei 进入 [居民楼3] 格子（索引 10）
[2026-06-01 22:14:02] [WARN] xiaoMei 金钱减少 1500，当前 $4900
[2026-06-01 22:14:03] [INFO] naiLong 投掷出了 6 点
[2026-06-01 22:14:03] [INFO] ====== 第 43 回合 ======
[2026-06-01 22:14:05] [INFO] naiLong 进入 [牢中] 格子（索引 15）
[2026-06-01 22:14:11] [INFO] xiaoMei 投掷出了 4 点
[2026-06-01 22:14:11] [INFO] ====== 第 44 回合 ======
[2026-06-01 22:14:12] [INFO] xiaoMei 进入 [市民公园] 格子（索引 14）
[2026-06-01 22:14:12] [INFO] xiaoMei 触发事件：学动物叫 —— +$800
[2026-06-01 22:14:13] [INFO] xiaoMei 金钱增加 800，当前 $5700
[2026-06-01 22:14:29] [INFO] naiLong 投掷出了 3 点
[2026-06-01 22:14:29] [INFO] ====== 第 1 回合 ======
[2026-06-01 22:14:31] [INFO] naiLong 进入 [居民楼2] 格子（索引 3）
[2026-06-01 22:14:32] [WARN] naiLong 金钱减少 1500，当前 $8500
[2026-06-01 22:14:39] [INFO] 开场动画播放完毕
[2026-06-01 22:14:39] [INFO] 模式选择面板加载完毕
[2026-06-01 22:14:39] [INFO] 已切换到游戏菜单
[2026-06-01 22:14:39] [INFO] 游戏菜单加载完毕
[2026-06-01 22:14:40] [INFO] 开始游戏按钮被点击 → 进入模式选择
[2026-06-01 22:14:41] [INFO] 选择模式：人机对战
[2026-06-01 22:14:41] [INFO] AI 模式已开启：玩家2（AI·xiaoMei）由 AI 控制
[2026-06-01 22:14:43] [INFO] naiLong 投掷出了 3 点
[2026-06-01 22:14:43] [INFO] ====== 第 1 回合 ======
[2026-06-01 22:14:44] [INFO] naiLong 进入 [居民楼2] 格子（索引 3）
[2026-06-01 22:14:45] [WARN] naiLong 金钱减少 1500，当前 $8500
[2026-06-01 22:14:46] [INFO] AI·xiaoMei 投掷出了 1 点
[2026-06-01 22:14:46] [INFO] ====== 第 2 回合 ======
[2026-06-01 22:14:47] [INFO] AI·xiaoMei 进入 [小吃街] 格子（索引 1）
[2026-06-01 22:14:47] [INFO] AI·xiaoMei 触发事件：车祸 —— 金钱减25%
[2026-06-01 22:14:48] [WARN] AI·xiaoMei 金钱减少 2500，当前 $7500
[2026-06-01 22:14:49] [INFO] naiLong 投掷出了 3 点
[2026-06-01 22:14:49] [INFO] ====== 第 3 回合 ======
[2026-06-01 22:14:51] [INFO] naiLong 进入 [空地] 格子（索引 6）
[2026-06-01 22:14:52] [INFO] AI·xiaoMei 投掷出了 5 点
[2026-06-01 22:14:52] [INFO] ====== 第 4 回合 ======
[2026-06-01 22:14:53] [INFO] AI·xiaoMei 进入 [空地] 格子（索引 6）
[2026-06-01 22:15:01] [INFO] naiLong 投掷出了 5 点
[2026-06-01 22:15:01] [INFO] ====== 第 5 回合 ======
[2026-06-01 22:15:02] [INFO] naiLong 进入 [公园] 格子（索引 11）
[2026-06-01 22:15:05] [WARN] naiLong 金钱减少 8000，当前 $500
[2026-06-01 22:15:06] [INFO] AI·xiaoMei 投掷出了 3 点
[2026-06-01 22:15:06] [INFO] ====== 第 6 回合 ======
[2026-06-01 22:15:07] [INFO] AI·xiaoMei 进入 [医院] 格子（索引 9）
[2026-06-01 22:15:08] [INFO] naiLong 投掷出了 6 点
[2026-06-01 22:15:08] [INFO] ====== 第 7 回合 ======
[2026-06-01 22:15:10] [INFO] naiLong 进入 [体育馆2] 格子（索引 17）
[2026-06-01 22:15:12] [INFO] AI·xiaoMei 投掷出了 4 点
[2026-06-01 22:15:12] [INFO] ====== 第 8 回合 ======
[2026-06-01 22:15:13] [INFO] AI·xiaoMei 进入 [居民楼4] 格子（索引 13）
[2026-06-01 22:15:13] [WARN] AI·xiaoMei 金钱减少 1500，当前 $6000
[2026-06-01 22:15:15] [INFO] naiLong 投掷出了 2 点
[2026-06-01 22:15:15] [INFO] ====== 第 9 回合 ======
[2026-06-01 22:15:16] [INFO] naiLong 进入 [居民楼6] 格子（索引 19）
[2026-06-01 22:15:18] [INFO] AI·xiaoMei 投掷出了 3 点
[2026-06-01 22:15:18] [INFO] ====== 第 10 回合 ======
[2026-06-01 22:15:19] [INFO] AI·xiaoMei 进入 [抽卡点2] 格子（索引 16）
[2026-06-01 22:15:19] [INFO] AI·xiaoMei 抽到了 [地雷]
[2026-06-01 22:15:21] [INFO] naiLong 投掷出了 6 点
[2026-06-01 22:15:21] [INFO] ====== 第 11 回合 ======
[2026-06-01 22:15:22] [INFO] naiLong 进入 [居民楼8] 格子（索引 25）
[2026-06-01 22:15:25] [INFO] AI·xiaoMei（AI）决定使用道具：地雷，目标：AI·xiaoMei
[2026-06-01 22:15:25] [INFO] [抽卡点2] 埋雷成功
[2026-06-01 22:15:25] [INFO] AI·xiaoMei 投掷出了 2 点
[2026-06-01 22:15:25] [INFO] ====== 第 12 回合 ======
[2026-06-01 22:15:26] [INFO] AI·xiaoMei 进入 [居民楼5] 格子（索引 18）
[2026-06-01 22:15:26] [WARN] AI·xiaoMei 金钱减少 1500，当前 $4500
[2026-06-01 22:15:28] [INFO] naiLong 投掷出了 4 点
[2026-06-01 22:15:28] [INFO] ====== 第 13 回合 ======
[2026-06-01 22:15:29] [INFO] naiLong 进入 [空地] 格子（索引 29）
[2026-06-01 22:15:29] [INFO] AI·xiaoMei 投掷出了 1 点
[2026-06-01 22:15:29] [INFO] ====== 第 14 回合 ======
[2026-06-01 22:15:30] [INFO] AI·xiaoMei 进入 [居民楼6] 格子（索引 19）
[2026-06-01 22:15:31] [INFO] naiLong 投掷出了 2 点
[2026-06-01 22:15:31] [INFO] ====== 第 15 回合 ======
[2026-06-01 22:15:32] [INFO] naiLong 进入 [小吃街] 格子（索引 1）
[2026-06-01 22:15:32] [INFO] naiLong 触发事件：顺风车 —— 向前 1 步
[2026-06-01 22:15:33] [INFO] naiLong 进入 [居民楼1] 格子（索引 2）
[2026-06-01 22:15:34] [WARN] naiLong 金钱减少 1500，当前 $1000
[2026-06-01 22:15:35] [INFO] AI·xiaoMei 投掷出了 2 点
[2026-06-01 22:15:35] [INFO] ====== 第 16 回合 ======
[2026-06-01 22:15:36] [INFO] AI·xiaoMei 进入 [医院2] 格子（索引 21）
[2026-06-01 22:15:37] [INFO] naiLong 投掷出了 1 点
[2026-06-01 22:15:37] [INFO] ====== 第 17 回合 ======
[2026-06-01 22:15:38] [INFO] naiLong 进入 [居民楼2] 格子（索引 3）
[2026-06-01 22:15:41] [INFO] AI·xiaoMei 投掷出了 1 点
[2026-06-01 22:15:41] [INFO] ====== 第 18 回合 ======
[2026-06-01 22:15:42] [INFO] AI·xiaoMei 进入 [抽卡点3] 格子（索引 22）
[2026-06-01 22:15:42] [INFO] AI·xiaoMei 抽到了 [地雷]
[2026-06-01 22:15:43] [INFO] naiLong 投掷出了 3 点
[2026-06-01 22:15:43] [INFO] ====== 第 19 回合 ======
[2026-06-01 22:15:44] [INFO] naiLong 进入 [空地] 格子（索引 6）
[2026-06-01 22:15:45] [INFO] AI·xiaoMei 投掷出了 6 点
[2026-06-01 22:15:45] [INFO] ====== 第 20 回合 ======
[2026-06-01 22:15:45] [INFO] AI·xiaoMei（AI）决定使用道具：地雷，目标：AI·xiaoMei
[2026-06-01 22:15:45] [INFO] [抽卡点3] 埋雷成功
[2026-06-01 22:15:47] [INFO] AI·xiaoMei 进入 [居民楼9] 格子（索引 28）
[2026-06-01 22:15:47] [INFO] naiLong 投掷出了 4 点
[2026-06-01 22:15:47] [INFO] ====== 第 21 回合 ======
[2026-06-01 22:15:49] [INFO] naiLong 进入 [居民楼3] 格子（索引 10）
[2026-06-01 22:15:51] [INFO] AI·xiaoMei 投掷出了 4 点
[2026-06-01 22:15:51] [INFO] ====== 第 22 回合 ======
[2026-06-01 22:15:53] [INFO] AI·xiaoMei 进入 [居民楼1] 格子（索引 2）
[2026-06-01 22:15:54] [WARN] AI·xiaoMei 金钱减少 400，当前 $6100
[2026-06-01 22:15:54] [INFO] naiLong 金钱增加 400，当前 $1400
[2026-06-01 22:15:54] [INFO] naiLong 投掷出了 3 点
[2026-06-01 22:15:54] [INFO] ====== 第 23 回合 ======
[2026-06-01 22:15:55] [INFO] naiLong 进入 [居民楼4] 格子（索引 13）
[2026-06-01 22:15:56] [WARN] naiLong 金钱减少 400，当前 $1000
[2026-06-01 22:15:56] [INFO] AI·xiaoMei 金钱增加 400，当前 $6500
[2026-06-01 22:15:57] [INFO] AI·xiaoMei 投掷出了 2 点
[2026-06-01 22:15:57] [INFO] ====== 第 24 回合 ======
[2026-06-01 22:15:58] [INFO] AI·xiaoMei 进入 [体育馆1] 格子（索引 4）
[2026-06-01 22:15:58] [WARN] AI·xiaoMei 金钱减少 2000，当前 $4500
[2026-06-01 22:16:10] [INFO] naiLong 投掷出了 1 点
[2026-06-01 22:16:10] [INFO] ====== 第 25 回合 ======
[2026-06-01 22:16:11] [INFO] naiLong 进入 [市民公园] 格子（索引 14）
[2026-06-01 22:16:11] [INFO] naiLong 触发事件：大亨投资 —— 随机地产升级
[2026-06-01 22:16:14] [INFO] AI·xiaoMei 投掷出了 4 点
[2026-06-01 22:16:14] [INFO] ====== 第 26 回合 ======
[2026-06-01 22:16:16] [INFO] AI·xiaoMei 进入 [商店] 格子（索引 8）
[2026-06-01 22:16:16] [WARN] AI·xiaoMei 金钱减少 2000，当前 $2500
[2026-06-01 22:16:17] [INFO] naiLong 投掷出了 5 点
[2026-06-01 22:16:17] [INFO] ====== 第 27 回合 ======
[2026-06-01 22:16:18] [WARN] [抽卡点2] 地雷引爆！
[2026-06-01 22:16:18] [WARN] naiLong 生命减少 40，当前 HP=60
[2026-06-01 22:16:20] [INFO] naiLong 进入 [居民楼6] 格子（索引 19）
[2026-06-01 22:16:23] [INFO] AI·xiaoMei（AI）决定使用道具：地雷，目标：AI·xiaoMei
[2026-06-01 22:16:23] [INFO] [商店] 埋雷成功
[2026-06-01 22:16:23] [INFO] AI·xiaoMei 投掷出了 6 点
[2026-06-01 22:16:23] [INFO] ====== 第 28 回合 ======
[2026-06-01 22:16:25] [INFO] AI·xiaoMei 进入 [市民公园] 格子（索引 14）
[2026-06-01 22:16:25] [INFO] AI·xiaoMei 触发事件：重返高中 —— HP-20，停止一回合
[2026-06-01 22:16:27] [WARN] AI·xiaoMei 生命减少 20，当前 HP=80
[2026-06-01 22:17:04] [INFO] naiLong 投掷出了 3 点
[2026-06-01 22:17:04] [INFO] ====== 第 29 回合 ======
[2026-06-01 22:17:05] [WARN] [抽卡点3] 地雷引爆！
[2026-06-01 22:17:05] [WARN] naiLong 生命减少 40，当前 HP=20
[2026-06-01 22:17:06] [INFO] naiLong 进入 [抽卡点3] 格子（索引 22）
[2026-06-01 22:17:06] [INFO] naiLong 抽到了 [地雷]
[2026-06-01 22:17:11] [INFO] [抽卡点3] 埋雷成功
[2026-06-01 22:17:11] [INFO] naiLong 投掷出了 3 点
[2026-06-01 22:17:11] [INFO] ====== 第 30 回合 ======
[2026-06-01 22:17:13] [INFO] naiLong 进入 [居民楼8] 格子（索引 25）
[2026-06-01 22:17:15] [INFO] AI·xiaoMei 投掷出了 2 点
[2026-06-01 22:17:15] [INFO] ====== 第 31 回合 ======
[2026-06-01 22:17:16] [INFO] AI·xiaoMei 进入 [抽卡点2] 格子（索引 16）
[2026-06-01 22:17:16] [INFO] AI·xiaoMei 抽到了 [身份证]
[2026-06-01 22:17:18] [INFO] naiLong 投掷出了 6 点
[2026-06-01 22:17:18] [INFO] ====== 第 32 回合 ======
[2026-06-01 22:17:19] [INFO] naiLong 进入 [小吃街] 格子（索引 1）
[2026-06-01 22:17:19] [INFO] naiLong 触发事件：股票亏损 —— -$2000
[2026-06-01 22:17:20] [WARN] naiLong 金钱减少 2000，当前 $1000
[2026-06-01 22:17:21] [INFO] AI·xiaoMei 投掷出了 1 点
[2026-06-01 22:17:21] [INFO] ====== 第 33 回合 ======
[2026-06-01 22:17:22] [INFO] AI·xiaoMei 进入 [体育馆2] 格子（索引 17）
[2026-06-01 22:17:23] [INFO] naiLong 投掷出了 5 点
[2026-06-01 22:17:23] [INFO] ====== 第 34 回合 ======
[2026-06-01 22:17:24] [INFO] naiLong 进入 [空地] 格子（索引 6）
[2026-06-01 22:17:25] [INFO] AI·xiaoMei 投掷出了 2 点
[2026-06-01 22:17:25] [INFO] ====== 第 35 回合 ======
[2026-06-01 22:17:26] [INFO] AI·xiaoMei 进入 [居民楼6] 格子（索引 19）
[2026-06-01 22:17:26] [INFO] naiLong 投掷出了 3 点
[2026-06-01 22:17:26] [INFO] ====== 第 36 回合 ======
[2026-06-01 22:17:27] [WARN] [商店] 地雷引爆！
[2026-06-01 22:17:27] [WARN] naiLong 生命减少 40，当前 HP=-20
[2026-06-01 22:17:27] [ERROR] naiLong HP 归零，游戏结束！
[2026-06-01 22:17:27] [INFO] ====== 游戏结束 ======
[2026-06-01 22:17:27] [INFO] AI·xiaoMei 获胜！剩余 $2500，HP=80
[2026-06-01 22:17:27] [INFO] naiLong 破产！剩余 $1000，HP=-20
[2026-06-01 22:19:56] [INFO] 开场动画播放完毕
[2026-06-01 22:19:57] [INFO] 模式选择面板加载完毕
[2026-06-01 22:19:57] [INFO] 已切换到游戏菜单
[2026-06-01 22:19:57] [INFO] 游戏菜单加载完毕
[2026-06-01 22:20:18] [INFO] 游戏说明按钮被点击
[2026-06-01 22:21:32] [INFO] 开场动画播放完毕
[2026-06-01 22:21:32] [INFO] 模式选择面板加载完毕
[2026-06-01 22:21:32] [INFO] 已切换到游戏菜单
[2026-06-01 22:21:32] [INFO] 游戏菜单加载完毕
[2026-06-01 22:21:33] [INFO] 开始游戏按钮被点击 → 进入模式选择
[2026-06-01 22:21:34] [INFO] 选择模式：人机对战
[2026-06-01 22:21:34] [INFO] AI 模式已开启：玩家2（AI·xiaoMei）由 AI 控制
[2026-06-01 22:21:40] [INFO] naiLong 投掷出了 3 点
[2026-06-01 22:21:40] [INFO] ====== 第 1 回合 ======
[2026-06-01 22:21:42] [INFO] naiLong 进入 [居民楼2] 格子（索引 3）
[2026-06-01 22:21:43] [WARN] naiLong 金钱减少 1500，当前 $8500
[2026-06-01 22:21:44] [INFO] AI·xiaoMei 投掷出了 4 点
[2026-06-01 22:21:44] [INFO] ====== 第 2 回合 ======
[2026-06-01 22:21:45] [INFO] AI·xiaoMei 进入 [体育馆1] 格子（索引 4）
[2026-06-01 22:21:45] [WARN] AI·xiaoMei 金钱减少 2000，当前 $8000
[2026-06-01 22:21:50] [WARN] naiLong 金钱减少 2000，当前 $6500
[2026-06-01 22:21:52] [INFO] naiLong 投掷出了 2 点
[2026-06-01 22:21:52] [INFO] ====== 第 3 回合 ======
[2026-06-01 22:21:53] [INFO] naiLong 进入 [居民楼6] 格子（索引 19）
[2026-06-01 22:21:55] [WARN] naiLong 金钱减少 1500，当前 $5000
[2026-06-01 22:21:56] [INFO] AI·xiaoMei 投掷出了 3 点
[2026-06-01 22:21:56] [INFO] ====== 第 4 回合 ======
[2026-06-01 22:21:57] [INFO] AI·xiaoMei 进入 [抽卡点] 格子（索引 7）
[2026-06-01 22:21:57] [INFO] AI·xiaoMei 抽到了 [包子]
[2026-06-01 22:22:03] [INFO] naiLong 抽到了 [路障]
[2026-06-01 22:22:05] [INFO] naiLong 抽到了 [偷取]
[2026-06-01 22:22:07] [INFO] naiLong 抽到了 [万能骰子]
[2026-06-01 22:22:12] [INFO] naiLong 触发事件：捡到地雷 —— 地雷卡+1
[2026-06-01 22:22:15] [INFO] naiLong 触发事件：被讹 —— -$500
[2026-06-01 22:22:16] [WARN] naiLong 金钱减少 500，当前 $4500
[2026-06-01 22:22:17] [INFO] naiLong 触发事件：中彩票 —— +$3000
[2026-06-01 22:22:18] [INFO] naiLong 金钱增加 3000，当前 $7500
[2026-06-01 22:22:18] [INFO] naiLong 触发事件：大亨投资 —— 随机地产升级
[2026-06-01 22:22:19] [INFO] naiLong 大亨投资：体育馆2 等级 0 -> 1
[2026-06-01 22:22:22] [WARN] naiLong 触发事件：食物中毒 —— 每回合 HP-3
[2026-06-01 22:22:24] [INFO] naiLong 触发事件：岔路选择
[2026-06-01 22:22:26] [INFO] naiLong 金钱增加 1000，当前 $8500
[2026-06-01 22:33:43] [INFO] 开场动画播放完毕
[2026-06-01 22:33:43] [INFO] 模式选择面板加载完毕
[2026-06-01 22:33:43] [INFO] 已切换到游戏菜单
[2026-06-01 22:33:43] [INFO] 游戏菜单加载完毕
