[2026-06-04 21:05:13] [INFO] 开场动画播放完毕
[2026-06-04 21:05:13] [INFO] 模式选择面板加载完毕
[2026-06-04 21:05:13] [INFO] 联机对战面板加载完毕
[2026-06-04 21:05:13] [INFO] 已切换到游戏菜单
[2026-06-04 21:05:13] [INFO] 游戏菜单加载完毕
[2026-06-04 21:05:15] [INFO] 开始游戏按钮被点击 → 进入模式选择
[2026-06-04 21:05:15] [INFO] 开场动画播放完毕
[2026-06-04 21:05:15] [INFO] 模式选择面板加载完毕
[2026-06-04 21:05:15] [INFO] 联机对战面板加载完毕
[2026-06-04 21:05:15] [INFO] 已切换到游戏菜单
[2026-06-04 21:05:15] [INFO] 游戏菜单加载完毕
[2026-06-04 21:05:18] [INFO] 开始游戏按钮被点击 → 进入模式选择
[2026-06-04 21:05:19] [INFO] 选择模式：联机对战
[2026-06-04 21:05:20] [INFO] 选择模式：联机对战
[2026-06-04 21:05:21] [INFO] 联机：创建房间
[2026-06-04 21:05:21] [INFO] 自动启动本地服务端...
[2026-06-04 21:05:23] [INFO] 联机：创建房间
[2026-06-04 21:05:23] [INFO] 服务端已在运行（端口 8080 被占用），跳过启动
[2026-06-04 21:05:27] [INFO] 联机：加入房间 0446
[2026-06-04 21:09:25] [INFO] 开场动画播放完毕
[2026-06-04 21:09:25] [INFO] 模式选择面板加载完毕
[2026-06-04 21:09:25] [INFO] 联机对战面板加载完毕
[2026-06-04 21:09:25] [INFO] 已切换到游戏菜单
[2026-06-04 21:09:25] [INFO] 游戏菜单加载完毕
[2026-06-04 21:09:30] [INFO] 开场动画播放完毕
[2026-06-04 21:09:31] [INFO] 模式选择面板加载完毕
[2026-06-04 21:09:31] [INFO] 联机对战面板加载完毕
[2026-06-04 21:09:31] [INFO] 已切换到游戏菜单
[2026-06-04 21:09:31] [INFO] 游戏菜单加载完毕
[2026-06-04 21:09:32] [INFO] 开场动画播放完毕
[2026-06-04 21:09:32] [INFO] 模式选择面板加载完毕
[2026-06-04 21:09:32] [INFO] 联机对战面板加载完毕
[2026-06-04 21:09:32] [INFO] 已切换到游戏菜单
[2026-06-04 21:09:32] [INFO] 游戏菜单加载完毕
[2026-06-04 21:09:34] [INFO] 开始游戏按钮被点击 → 进入模式选择
[2026-06-04 21:09:35] [INFO] 开始游戏按钮被点击 → 进入模式选择
[2026-06-04 21:09:36] [INFO] 选择模式：联机对战
[2026-06-04 21:09:37] [INFO] 选择模式：联机对战
[2026-06-04 21:09:38] [INFO] 联机：创建房间
[2026-06-04 21:09:38] [INFO] 服务端已在运行（端口 8080 被占用），跳过启动
[2026-06-04 21:09:46] [INFO] 联机：加入房间 8537
[2026-06-04 21:09:51] [INFO] naiLong 投掷出了 3 点
[2026-06-04 21:09:51] [INFO] ====== 第 1 回合 ======
[2026-06-04 21:09:52] [INFO] naiLong 进入 [居民楼2] 格子（索引 3）
[2026-06-04 21:09:56] [INFO] xiaoMei 投掷出了 4 点
[2026-06-04 21:09:56] [INFO] ====== 第 1 回合 ======
[2026-06-04 21:09:58] [INFO] xiaoMei 进入 [体育馆1] 格子（索引 4）
[2026-06-04 21:10:01] [INFO] naiLong 投掷出了 3 点
[2026-06-04 21:10:01] [INFO] ====== 第 2 回合 ======
[2026-06-04 21:10:02] [INFO] naiLong 进入 [空地] 格子（索引 6）
[2026-06-04 21:10:19] [DEBUG] 点击坐标: [72, 593]
[2026-06-04 21:10:22] [INFO] xiaoMei 投掷出了 1 点
[2026-06-04 21:10:22] [INFO] ====== 第 2 回合 ======
[2026-06-04 21:10:23] [INFO] xiaoMei 进入 [旅馆] 格子（索引 5）
[2026-06-04 21:13:57] [INFO] 开场动画播放完毕
[2026-06-04 21:13:57] [INFO] 模式选择面板加载完毕
[2026-06-04 21:13:57] [INFO] 联机对战面板加载完毕
[2026-06-04 21:13:57] [INFO] 已切换到游戏菜单
[2026-06-04 21:13:57] [INFO] 游戏菜单加载完毕
[2026-06-04 21:13:58] [INFO] 开始游戏按钮被点击 → 进入模式选择
[2026-06-04 21:13:58] [INFO] 开场动画播放完毕
[2026-06-04 21:13:58] [INFO] 模式选择面板加载完毕
[2026-06-04 21:13:58] [INFO] 联机对战面板加载完毕
[2026-06-04 21:13:58] [INFO] 已切换到游戏菜单
[2026-06-04 21:13:58] [INFO] 游戏菜单加载完毕
[2026-06-04 21:13:59] [INFO] 开始游戏按钮被点击 → 进入模式选择
[2026-06-04 21:14:02] [INFO] 选择模式：联机对战
[2026-06-04 21:14:03] [INFO] 联机：创建房间
[2026-06-04 21:14:03] [INFO] 服务端已在运行（端口 8080 被占用），跳过启动
[2026-06-04 21:14:04] [INFO] 选择模式：联机对战
[2026-06-04 21:14:07] [INFO] 联机：加入房间 9668
[2026-06-04 21:14:12] [INFO] naiLong 投掷出了 5 点
[2026-06-04 21:14:12] [INFO] ====== 第 1 回合 ======
[2026-06-04 21:14:12] [INFO] ====== 第 0 回合 ======
[2026-06-04 21:14:12] [INFO] naiLong 投掷出了 5 点
[2026-06-04 21:14:12] [INFO] naiLong 走了 5 步，到达格子 #5
[2026-06-04 21:14:13] [INFO] naiLong 进入 [旅馆] 格子（索引 5）
[2026-06-04 21:14:14] [INFO] ====== 第 0 回合 ======
[2026-06-04 21:14:14] [INFO] 轮到 xiaoMei（我） 行动
[2026-06-04 21:14:14] [INFO] ====== 第 0 回合 ======
[2026-06-04 21:14:14] [INFO] 轮到 xiaoMei（对方） 行动
[2026-06-04 21:14:18] [INFO] ====== 第 0 回合 ======
[2026-06-04 21:14:18] [INFO] xiaoMei 投掷出了 3 点
[2026-06-04 21:14:18] [INFO] ====== 第 1 回合 ======
[2026-06-04 21:14:18] [INFO] xiaoMei 投掷出了 3 点
[2026-06-04 21:14:18] [INFO] xiaoMei 走了 3 步，到达格子 #3
[2026-06-04 21:14:19] [INFO] xiaoMei 进入 [居民楼2] 格子（索引 3）
[2026-06-04 21:14:21] [INFO] ====== 第 0 回合 ======
[2026-06-04 21:14:21] [INFO] ====== 第 0 回合 ======
[2026-06-04 21:14:21] [INFO] 轮到 naiLong（我） 行动
[2026-06-04 21:14:21] [INFO] 轮到 naiLong（对方） 行动
[2026-06-04 21:17:28] [INFO] 开场动画播放完毕
[2026-06-04 21:17:28] [INFO] 模式选择面板加载完毕
[2026-06-04 21:17:28] [INFO] 联机对战面板加载完毕
[2026-06-04 21:17:28] [INFO] 已切换到游戏菜单
[2026-06-04 21:17:28] [INFO] 游戏菜单加载完毕
[2026-06-04 21:17:29] [INFO] 开始游戏按钮被点击 → 进入模式选择
[2026-06-04 21:17:29] [INFO] 开场动画播放完毕
[2026-06-04 21:17:29] [INFO] 模式选择面板加载完毕
[2026-06-04 21:17:29] [INFO] 联机对战面板加载完毕
[2026-06-04 21:17:30] [INFO] 已切换到游戏菜单
[2026-06-04 21:17:30] [INFO] 游戏菜单加载完毕
[2026-06-04 21:17:30] [INFO] 选择模式：联机对战
[2026-06-04 21:17:31] [INFO] 开始游戏按钮被点击 → 进入模式选择
[2026-06-04 21:17:32] [INFO] 选择模式：联机对战
[2026-06-04 21:17:33] [INFO] 联机：创建房间
[2026-06-04 21:17:33] [INFO] 服务端已在运行（端口 8080 被占用），跳过启动
[2026-06-04 21:17:38] [INFO] 联机：加入房间 0655
[2026-06-04 21:17:41] [INFO] naiLong 投掷出了 5 点
[2026-06-04 21:17:41] [INFO] ====== 第 0 回合 ======
[2026-06-04 21:17:41] [INFO] naiLong 投掷出了 5 点
[2026-06-04 21:17:41] [INFO] naiLong 走了 5 步，到达格子 #5
[2026-06-04 21:17:43] [INFO] naiLong 进入 [旅馆] 格子（索引 5）
[2026-06-04 21:17:44] [INFO] ====== 第 0 回合 ======
[2026-06-04 21:17:44] [INFO] 轮到 xiaoMei（我） 行动
[2026-06-04 21:17:44] [INFO] ====== 第 0 回合 ======
[2026-06-04 21:17:44] [INFO] 轮到 xiaoMei（对方） 行动
[2026-06-04 21:17:53] [INFO] ====== 第 0 回合 ======
[2026-06-04 21:17:53] [INFO] xiaoMei 投掷出了 5 点
[2026-06-04 21:17:53] [INFO] xiaoMei 投掷出了 5 点
[2026-06-04 21:17:53] [INFO] xiaoMei 走了 5 步，到达格子 #5
[2026-06-04 21:17:55] [INFO] xiaoMei 进入 [旅馆] 格子（索引 5）
[2026-06-04 21:17:57] [INFO] ====== 第 0 回合 ======
[2026-06-04 21:17:57] [INFO] 轮到 naiLong（对方） 行动
[2026-06-04 21:17:57] [INFO] ====== 第 0 回合 ======
[2026-06-04 21:17:57] [INFO] 轮到 naiLong（我） 行动
[2026-06-04 21:17:59] [INFO] naiLong 投掷出了 1 点
[2026-06-04 21:17:59] [INFO] ====== 第 0 回合 ======
[2026-06-04 21:17:59] [INFO] naiLong 投掷出了 1 点
[2026-06-04 21:17:59] [INFO] naiLong 走了 1 步，到达格子 #6
[2026-06-04 21:18:00] [INFO] naiLong 进入 [空地] 格子（索引 6）
[2026-06-04 21:18:00] [INFO] ====== 第 0 回合 ======
[2026-06-04 21:18:00] [INFO] 轮到 xiaoMei（我） 行动
[2026-06-04 21:18:00] [INFO] ====== 第 0 回合 ======
[2026-06-04 21:18:00] [INFO] 轮到 xiaoMei（对方） 行动
[2026-06-04 21:18:07] [INFO] xiaoMei 投掷出了 6 点
[2026-06-04 21:18:07] [INFO] ====== 第 0 回合 ======
[2026-06-04 21:18:07] [INFO] xiaoMei 投掷出了 6 点
[2026-06-04 21:18:07] [INFO] xiaoMei 走了 6 步，到达格子 #11
[2026-06-04 21:18:09] [INFO] xiaoMei 进入 [公园] 格子（索引 11）
[2026-06-04 21:18:10] [INFO] ====== 第 0 回合 ======
[2026-06-04 21:18:10] [INFO] 轮到 naiLong（对方） 行动
[2026-06-04 21:18:10] [INFO] ====== 第 0 回合 ======
[2026-06-04 21:18:10] [INFO] 轮到 naiLong（我） 行动
[2026-06-04 21:18:12] [INFO] naiLong 投掷出了 4 点
[2026-06-04 21:18:12] [INFO] ====== 第 0 回合 ======
[2026-06-04 21:18:12] [INFO] naiLong 投掷出了 4 点
[2026-06-04 21:18:12] [INFO] naiLong 走了 4 步，到达格子 #10
[2026-06-04 21:18:13] [INFO] naiLong 进入 [居民楼3] 格子（索引 10）
[2026-06-04 21:18:14] [INFO] ====== 第 0 回合 ======
[2026-06-04 21:18:14] [INFO] 轮到 xiaoMei（我） 行动
[2026-06-04 21:18:14] [INFO] ====== 第 0 回合 ======
[2026-06-04 21:18:14] [INFO] 轮到 xiaoMei（对方） 行动
[2026-06-04 21:21:51] [INFO] 开场动画播放完毕
[2026-06-04 21:21:51] [INFO] 模式选择面板加载完毕
[2026-06-04 21:21:51] [INFO] 联机对战面板加载完毕
[2026-06-04 21:21:51] [INFO] 已切换到游戏菜单
[2026-06-04 21:21:51] [INFO] 游戏菜单加载完毕
[2026-06-04 21:21:52] [INFO] 开始游戏按钮被点击 → 进入模式选择
[2026-06-04 21:21:52] [INFO] 开场动画播放完毕
[2026-06-04 21:21:53] [INFO] 模式选择面板加载完毕
[2026-06-04 21:21:53] [INFO] 联机对战面板加载完毕
[2026-06-04 21:21:53] [INFO] 已切换到游戏菜单
[2026-06-04 21:21:53] [INFO] 游戏菜单加载完毕
[2026-06-04 21:21:54] [INFO] 开始游戏按钮被点击 → 进入模式选择
[2026-06-04 21:21:55] [INFO] 选择模式：联机对战
[2026-06-04 21:21:55] [INFO] 选择模式：联机对战
[2026-06-04 21:21:56] [INFO] 联机：创建房间
[2026-06-04 21:21:56] [INFO] 服务端已在运行（端口 8080 被占用），跳过启动
[2026-06-04 21:22:25] [INFO] 联机：加入房间 3776
[2026-06-04 21:22:29] [INFO] naiLong 投掷出了 6 点
[2026-06-04 21:22:29] [INFO] naiLong 投掷出了 6 点
[2026-06-04 21:22:29] [INFO] naiLong 走了 6 步，到达格子 #6
[2026-06-04 21:22:31] [INFO] naiLong 进入 [空地] 格子（索引 6）
[2026-06-04 21:22:31] [INFO] ====== 第 0 回合 ======
[2026-06-04 21:22:31] [INFO] 轮到 xiaoMei（我） 行动
[2026-06-04 21:22:31] [INFO] ====== 第 0 回合 ======
[2026-06-04 21:22:31] [INFO] 轮到 xiaoMei（对方） 行动
[2026-06-04 21:22:33] [INFO] xiaoMei 投掷出了 3 点
[2026-06-04 21:22:33] [INFO] xiaoMei 投掷出了 3 点
[2026-06-04 21:22:33] [INFO] xiaoMei 走了 3 步，到达格子 #3
[2026-06-04 21:22:34] [INFO] xiaoMei 进入 [居民楼2] 格子（索引 3）
[2026-06-04 21:22:35] [INFO] ====== 第 0 回合 ======
[2026-06-04 21:22:35] [INFO] ====== 第 0 回合 ======
[2026-06-04 21:22:35] [INFO] 轮到 naiLong（对方） 行动
[2026-06-04 21:22:35] [INFO] 轮到 naiLong（我） 行动
[2026-06-04 21:28:46] [INFO] 开场动画播放完毕
[2026-06-04 21:28:46] [INFO] 模式选择面板加载完毕
[2026-06-04 21:28:46] [INFO] 联机对战面板加载完毕
[2026-06-04 21:28:46] [INFO] 已切换到游戏菜单
[2026-06-04 21:28:46] [INFO] 游戏菜单加载完毕
[2026-06-04 21:28:52] [INFO] 开场动画播放完毕
[2026-06-04 21:28:52] [INFO] 模式选择面板加载完毕
[2026-06-04 21:28:52] [INFO] 联机对战面板加载完毕
[2026-06-04 21:28:52] [INFO] 已切换到游戏菜单
[2026-06-04 21:28:52] [INFO] 游戏菜单加载完毕
[2026-06-04 21:28:53] [INFO] 开场动画播放完毕
[2026-06-04 21:28:53] [INFO] 模式选择面板加载完毕
[2026-06-04 21:28:53] [INFO] 联机对战面板加载完毕
[2026-06-04 21:28:53] [INFO] 已切换到游戏菜单
[2026-06-04 21:28:53] [INFO] 游戏菜单加载完毕
[2026-06-04 21:29:45] [INFO] 开始游戏按钮被点击 → 进入模式选择
[2026-06-04 21:29:47] [INFO] 开始游戏按钮被点击 → 进入模式选择
[2026-06-04 21:29:48] [INFO] 选择模式：联机对战
[2026-06-04 21:29:49] [INFO] 选择模式：联机对战
[2026-06-04 21:29:49] [INFO] 联机：创建房间
[2026-06-04 21:29:50] [INFO] 服务端已在运行（端口 8080 被占用），跳过启动
[2026-06-04 21:29:56] [INFO] 联机：加入房间 6471
[2026-06-04 21:30:03] [INFO] naiLong 投掷出了 1 点
[2026-06-04 21:30:03] [INFO] naiLong 投掷出了 1 点
[2026-06-04 21:30:03] [INFO] naiLong 走了 1 步，到达格子 #1
[2026-06-04 21:30:03] [INFO] naiLong 进入 [小吃街] 格子（索引 1）
[2026-06-04 21:30:03] [INFO] naiLong 触发事件：学动物叫 —— +$800
[2026-06-04 21:30:05] [INFO] naiLong 金钱增加 800，当前 $10800
[2026-06-04 21:30:05] [INFO] ====== 第 0 回合 ======
[2026-06-04 21:30:05] [INFO] 轮到 xiaoMei（我） 行动
[2026-06-04 21:30:05] [INFO] ====== 第 0 回合 ======
[2026-06-04 21:30:05] [INFO] 轮到 xiaoMei（对方） 行动
[2026-06-04 21:30:09] [INFO] xiaoMei 投掷出了 1 点
[2026-06-04 21:30:09] [INFO] xiaoMei 走了 1 步，到达格子 #1
[2026-06-04 21:30:09] [INFO] xiaoMei 投掷出了 1 点
[2026-06-04 21:30:09] [INFO] xiaoMei 进入 [小吃街] 格子（索引 1）
[2026-06-04 21:30:09] [INFO] xiaoMei 触发事件：大亨投资 —— 随机地产升级
[2026-06-04 21:30:12] [INFO] ====== 第 0 回合 ======
[2026-06-04 21:30:12] [INFO] 轮到 naiLong（我） 行动
[2026-06-04 21:30:12] [INFO] ====== 第 0 回合 ======
[2026-06-04 21:30:12] [INFO] 轮到 naiLong（对方） 行动
[2026-06-04 21:30:14] [INFO] naiLong 投掷出了 1 点
[2026-06-04 21:30:14] [INFO] naiLong 投掷出了 1 点
[2026-06-04 21:30:14] [INFO] naiLong 走了 1 步，到达格子 #2
[2026-06-04 21:30:15] [INFO] naiLong 进入 [居民楼1] 格子（索引 2）
[2026-06-04 21:30:16] [INFO] ====== 第 0 回合 ======
[2026-06-04 21:30:16] [INFO] 轮到 xiaoMei（我） 行动
[2026-06-04 21:30:16] [INFO] ====== 第 0 回合 ======
[2026-06-04 21:30:16] [INFO] 轮到 xiaoMei（对方） 行动
[2026-06-04 21:37:50] [INFO] 开场动画播放完毕
[2026-06-04 21:37:50] [INFO] 模式选择面板加载完毕
[2026-06-04 21:37:50] [INFO] 联机对战面板加载完毕
[2026-06-04 21:37:50] [INFO] 已切换到游戏菜单
[2026-06-04 21:37:50] [INFO] 游戏菜单加载完毕
[2026-06-04 21:37:51] [INFO] 开始游戏按钮被点击 → 进入模式选择
[2026-06-04 21:38:03] [INFO] 开场动画播放完毕
[2026-06-04 21:38:03] [INFO] 模式选择面板加载完毕
[2026-06-04 21:38:03] [INFO] 联机对战面板加载完毕
[2026-06-04 21:38:03] [INFO] 已切换到游戏菜单
[2026-06-04 21:38:03] [INFO] 游戏菜单加载完毕
[2026-06-04 21:38:04] [INFO] 选择模式：联机对战
[2026-06-04 21:38:06] [INFO] 开始游戏按钮被点击 → 进入模式选择
[2026-06-04 21:38:06] [INFO] 选择模式：联机对战
[2026-06-04 21:38:07] [INFO] 联机：创建房间
[2026-06-04 21:38:07] [INFO] 自动启动本地服务端...
[2026-06-04 21:38:09] [INFO] 联机：创建房间
[2026-06-04 21:38:09] [INFO] 服务端已在运行（端口 8080 被占用），跳过启动
[2026-06-04 21:38:13] [INFO] 联机：加入房间 4103
[2026-06-04 21:38:17] [INFO] naiLong 投掷出了 3 点
[2026-06-04 21:38:17] [INFO] naiLong 投掷出了 3 点
[2026-06-04 21:38:17] [INFO] naiLong 走了 3 步，到达格子 #3
[2026-06-04 21:38:19] [INFO] naiLong 进入 [居民楼2] 格子（索引 3）
[2026-06-04 21:38:20] [INFO] ====== 第 1 回合 ======
[2026-06-04 21:38:20] [INFO] 轮到 xiaoMei（对方） 行动
[2026-06-04 21:38:20] [INFO] ====== 第 1 回合 ======
[2026-06-04 21:38:20] [INFO] 轮到 xiaoMei（我） 行动
[2026-06-04 21:38:22] [INFO] xiaoMei 投掷出了 6 点
[2026-06-04 21:38:23] [INFO] xiaoMei 投掷出了 6 点
[2026-06-04 21:38:23] [INFO] xiaoMei 走了 6 步，到达格子 #6
[2026-06-04 21:38:24] [INFO] xiaoMei 进入 [空地] 格子（索引 6）
[2026-06-04 21:38:24] [INFO] ====== 第 2 回合 ======
[2026-06-04 21:38:24] [INFO] 轮到 naiLong（我） 行动
[2026-06-04 21:38:25] [INFO] ====== 第 2 回合 ======
[2026-06-04 21:38:25] [INFO] 轮到 naiLong（对方） 行动
[2026-06-04 21:38:26] [INFO] naiLong 投掷出了 6 点
[2026-06-04 21:38:26] [INFO] naiLong 投掷出了 6 点
[2026-06-04 21:38:26] [INFO] naiLong 走了 6 步，到达格子 #9
[2026-06-04 21:38:28] [INFO] naiLong 进入 [医院] 格子（索引 9）
[2026-06-04 21:38:29] [INFO] 轮到 xiaoMei（我） 行动
[2026-06-04 21:38:29] [INFO] 轮到 xiaoMei（对方） 行动
[2026-06-04 21:38:31] [INFO] xiaoMei 投掷出了 2 点
[2026-06-04 21:38:31] [INFO] xiaoMei 投掷出了 2 点
[2026-06-04 21:38:31] [INFO] xiaoMei 走了 2 步，到达格子 #8
[2026-06-04 21:38:32] [INFO] xiaoMei 进入 [商店] 格子（索引 8）
[2026-06-04 21:38:33] [WARN] xiaoMei 金钱减少 1000，当前 $9000
[2026-06-04 21:38:34] [INFO] ====== 第 3 回合 ======
[2026-06-04 21:38:34] [INFO] 轮到 naiLong（我） 行动
[2026-06-04 21:38:34] [INFO] ====== 第 3 回合 ======
[2026-06-04 21:38:34] [INFO] 轮到 naiLong（对方） 行动
[2026-06-04 21:38:37] [INFO] naiLong 投掷出了 1 点
[2026-06-04 21:38:37] [INFO] naiLong 投掷出了 1 点
[2026-06-04 21:38:37] [INFO] naiLong 走了 1 步，到达格子 #10
[2026-06-04 21:38:38] [INFO] naiLong 进入 [居民楼3] 格子（索引 10）
[2026-06-04 21:38:40] [INFO] 轮到 xiaoMei（对方） 行动
[2026-06-04 21:38:40] [INFO] 轮到 xiaoMei（我） 行动
[2026-06-04 21:38:41] [INFO] xiaoMei 投掷出了 1 点
[2026-06-04 21:38:41] [INFO] xiaoMei 投掷出了 1 点
[2026-06-04 21:38:41] [INFO] xiaoMei 走了 1 步，到达格子 #9
[2026-06-04 21:38:42] [INFO] xiaoMei 进入 [医院] 格子（索引 9）
[2026-06-04 21:38:43] [INFO] ====== 第 4 回合 ======
[2026-06-04 21:38:43] [INFO] 轮到 naiLong（我） 行动
[2026-06-04 21:38:43] [INFO] ====== 第 4 回合 ======
[2026-06-04 21:38:43] [INFO] 轮到 naiLong（对方） 行动
[2026-06-04 21:38:44] [INFO] naiLong 投掷出了 6 点
[2026-06-04 21:38:44] [INFO] naiLong 投掷出了 6 点
[2026-06-04 21:38:44] [INFO] naiLong 走了 6 步，到达格子 #16
[2026-06-04 21:38:46] [INFO] naiLong 进入 [抽卡点2] 格子（索引 16）
[2026-06-04 21:38:46] [INFO] naiLong 抽到了 [偷取]
[2026-06-04 21:38:47] [INFO] 轮到 xiaoMei（我） 行动
[2026-06-04 21:38:47] [INFO] 轮到 xiaoMei（对方） 行动
[2026-06-04 21:38:55] [INFO] xiaoMei 投掷出了 6 点
[2026-06-04 21:38:55] [INFO] xiaoMei 投掷出了 6 点
[2026-06-04 21:38:55] [INFO] xiaoMei 走了 6 步，到达格子 #15
[2026-06-04 21:38:57] [INFO] xiaoMei 进入 [牢中] 格子（索引 15）
[2026-06-04 21:38:58] [INFO] ====== 第 5 回合 ======
[2026-06-04 21:38:58] [INFO] 轮到 naiLong（我） 行动
[2026-06-04 21:38:58] [INFO] ====== 第 5 回合 ======
[2026-06-04 21:38:58] [INFO] 轮到 naiLong（对方） 行动
[2026-06-04 21:38:58] [INFO] naiLong 投掷出了 2 点
[2026-06-04 21:38:58] [INFO] naiLong 投掷出了 2 点
[2026-06-04 21:38:58] [INFO] naiLong 走了 2 步，到达格子 #18
[2026-06-04 21:39:00] [INFO] naiLong 进入 [居民楼5] 格子（索引 18）
[2026-06-04 21:39:00] [INFO] 轮到 xiaoMei（对方） 行动
[2026-06-04 21:39:00] [INFO] 轮到 xiaoMei（我） 行动
[2026-06-04 21:39:04] [INFO] xiaoMei 投掷出了 4 点
[2026-06-04 21:39:04] [INFO] xiaoMei 投掷出了 4 点
[2026-06-04 21:39:04] [INFO] xiaoMei 走了 4 步，到达格子 #19
[2026-06-04 21:39:05] [INFO] xiaoMei 进入 [居民楼6] 格子（索引 19）
[2026-06-04 21:39:06] [INFO] ====== 第 6 回合 ======
[2026-06-04 21:39:06] [INFO] 轮到 naiLong（对方） 行动
[2026-06-04 21:39:06] [INFO] ====== 第 6 回合 ======
[2026-06-04 21:39:06] [INFO] 轮到 naiLong（我） 行动
[2026-06-04 21:39:18] [INFO] naiLong 投掷出了 4 点
[2026-06-04 21:39:18] [INFO] naiLong 投掷出了 4 点
[2026-06-04 21:39:18] [INFO] naiLong 走了 4 步，到达格子 #22
[2026-06-04 21:39:19] [INFO] naiLong 进入 [抽卡点3] 格子（索引 22）
[2026-06-04 21:39:19] [INFO] naiLong 抽到了 [升级卡]
[2026-06-04 21:39:20] [INFO] 轮到 xiaoMei（我） 行动
[2026-06-04 21:39:20] [INFO] 轮到 xiaoMei（对方） 行动
[2026-06-04 22:12:24] [INFO] 开场动画播放完毕
[2026-06-04 22:12:24] [INFO] 模式选择面板加载完毕
[2026-06-04 22:12:24] [INFO] 联机对战面板加载完毕
[2026-06-04 22:12:24] [INFO] 已切换到游戏菜单
[2026-06-04 22:12:24] [INFO] 游戏菜单加载完毕
[2026-06-04 22:12:26] [INFO] 开场动画播放完毕
[2026-06-04 22:12:26] [INFO] 模式选择面板加载完毕
[2026-06-04 22:12:26] [INFO] 联机对战面板加载完毕
[2026-06-04 22:12:26] [INFO] 已切换到游戏菜单
[2026-06-04 22:12:26] [INFO] 游戏菜单加载完毕
[2026-06-04 22:12:28] [INFO] 开始游戏按钮被点击 → 进入模式选择
[2026-06-04 22:12:29] [INFO] 开始游戏按钮被点击 → 进入模式选择
[2026-06-04 22:12:30] [INFO] 选择模式：双人对战
[2026-06-04 22:12:30] [INFO] 选择模式：双人对战
[2026-06-04 22:12:40] [INFO] 开场动画播放完毕
[2026-06-04 22:12:40] [INFO] 模式选择面板加载完毕
[2026-06-04 22:12:40] [INFO] 联机对战面板加载完毕
[2026-06-04 22:12:40] [INFO] 已切换到游戏菜单
[2026-06-04 22:12:40] [INFO] 游戏菜单加载完毕
[2026-06-04 22:12:46] [INFO] 开始游戏按钮被点击 → 进入模式选择
[2026-06-04 22:12:47] [INFO] 开场动画播放完毕
[2026-06-04 22:12:47] [INFO] 模式选择面板加载完毕
[2026-06-04 22:12:47] [INFO] 选择模式：人机对战
[2026-06-04 22:12:47] [INFO] 联机对战面板加载完毕
[2026-06-04 22:12:47] [INFO] 已切换到游戏菜单
[2026-06-04 22:12:47] [INFO] 游戏菜单加载完毕
[2026-06-04 22:12:47] [INFO] AI 模式已开启：玩家2（AI·xiaoMei）由 AI 控制
[2026-06-04 22:12:49] [INFO] 开始游戏按钮被点击 → 进入模式选择
[2026-06-04 22:12:50] [INFO] 选择模式：联机对战
[2026-06-04 22:12:51] [INFO] 联机：创建房间
[2026-06-04 22:12:51] [INFO] 服务端已在运行（端口 8080 被占用），跳过启动
[2026-06-04 22:12:57] [INFO] 开场动画播放完毕
[2026-06-04 22:12:57] [INFO] 模式选择面板加载完毕
[2026-06-04 22:12:57] [INFO] 联机对战面板加载完毕
[2026-06-04 22:12:57] [INFO] 已切换到游戏菜单
[2026-06-04 22:12:57] [INFO] 游戏菜单加载完毕
[2026-06-04 22:12:59] [INFO] 开始游戏按钮被点击 → 进入模式选择
[2026-06-04 22:13:00] [INFO] 选择模式：联机对战
[2026-06-04 22:13:04] [INFO] 联机：加入房间 1900
[2026-06-04 22:13:10] [INFO] naiLong 投掷出了 1 点
[2026-06-04 22:13:10] [INFO] naiLong 投掷出了 1 点
[2026-06-04 22:13:10] [INFO] naiLong 走了 1 步，到达格子 #1
[2026-06-04 22:13:11] [INFO] naiLong 进入 [小吃街] 格子（索引 1）
[2026-06-04 22:13:11] [INFO] naiLong 触发事件：大亨投资 —— 随机地产升级
[2026-06-04 22:13:14] [INFO] ====== 第 1 回合 ======
[2026-06-04 22:13:14] [INFO] 轮到 xiaoMei（我） 行动
[2026-06-04 22:13:14] [INFO] ====== 第 1 回合 ======
[2026-06-04 22:13:14] [INFO] 轮到 xiaoMei（对方） 行动
[2026-06-04 22:13:16] [INFO] xiaoMei 投掷出了 3 点
[2026-06-04 22:13:16] [INFO] xiaoMei 投掷出了 3 点
[2026-06-04 22:13:16] [INFO] xiaoMei 走了 3 步，到达格子 #3
[2026-06-04 22:13:17] [INFO] xiaoMei 进入 [居民楼2] 格子（索引 3）
[2026-06-04 22:13:18] [INFO] ====== 第 2 回合 ======
[2026-06-04 22:13:18] [INFO] 轮到 naiLong（对方） 行动
[2026-06-04 22:13:18] [INFO] ====== 第 2 回合 ======
[2026-06-04 22:13:18] [INFO] 轮到 naiLong（我） 行动
[2026-06-04 22:13:22] [INFO] naiLong 投掷出了 5 点
[2026-06-04 22:13:22] [INFO] naiLong 投掷出了 5 点
[2026-06-04 22:13:22] [INFO] naiLong 走了 5 步，到达格子 #6
[2026-06-04 22:13:24] [INFO] naiLong 进入 [空地] 格子（索引 6）
[2026-06-04 22:13:24] [INFO] 轮到 xiaoMei（我） 行动
[2026-06-04 22:13:24] [INFO] 轮到 xiaoMei（对方） 行动
[2026-06-04 22:13:26] [INFO] xiaoMei 投掷出了 6 点
[2026-06-04 22:13:26] [INFO] xiaoMei 投掷出了 6 点
[2026-06-04 22:13:26] [INFO] xiaoMei 走了 6 步，到达格子 #9
[2026-06-04 22:13:28] [INFO] xiaoMei 进入 [医院] 格子（索引 9）
[2026-06-04 22:13:29] [INFO] ====== 第 3 回合 ======
[2026-06-04 22:13:29] [INFO] 轮到 naiLong（我） 行动
[2026-06-04 22:13:29] [INFO] ====== 第 3 回合 ======
[2026-06-04 22:13:29] [INFO] 轮到 naiLong（对方） 行动
[2026-06-04 22:13:31] [INFO] naiLong 投掷出了 3 点
[2026-06-04 22:13:31] [INFO] naiLong 投掷出了 3 点
[2026-06-04 22:13:31] [INFO] naiLong 走了 3 步，到达格子 #9
[2026-06-04 22:13:33] [INFO] naiLong 进入 [医院] 格子（索引 9）
[2026-06-04 22:13:35] [INFO] 轮到 xiaoMei（我） 行动
[2026-06-04 22:13:35] [INFO] 轮到 xiaoMei（对方） 行动
[2026-06-04 22:13:36] [INFO] xiaoMei 投掷出了 2 点
[2026-06-04 22:13:36] [INFO] xiaoMei 投掷出了 2 点
[2026-06-04 22:13:36] [INFO] xiaoMei 走了 2 步，到达格子 #11
[2026-06-04 22:13:37] [INFO] xiaoMei 进入 [公园] 格子（索引 11）
[2026-06-04 22:13:39] [INFO] ====== 第 4 回合 ======
[2026-06-04 22:13:39] [INFO] 轮到 naiLong（对方） 行动
[2026-06-04 22:13:39] [INFO] ====== 第 4 回合 ======
[2026-06-04 22:13:39] [INFO] 轮到 naiLong（我） 行动
[2026-06-04 22:13:40] [INFO] naiLong 投掷出了 5 点
[2026-06-04 22:13:40] [INFO] naiLong 投掷出了 5 点
[2026-06-04 22:13:40] [INFO] naiLong 走了 5 步，到达格子 #14
[2026-06-04 22:13:41] [INFO] naiLong 进入 [市民公园] 格子（索引 14）
[2026-06-04 22:13:41] [WARN] naiLong 触发事件：食物中毒 —— 每回合 HP-3
[2026-06-04 22:13:43] [INFO] 轮到 xiaoMei（我） 行动
[2026-06-04 22:13:43] [INFO] 轮到 xiaoMei（对方） 行动
[2026-06-04 22:13:44] [INFO] xiaoMei 投掷出了 3 点
[2026-06-04 22:13:44] [INFO] xiaoMei 投掷出了 3 点
[2026-06-04 22:13:44] [INFO] xiaoMei 走了 3 步，到达格子 #14
[2026-06-04 22:13:45] [INFO] xiaoMei 进入 [市民公园] 格子（索引 14）
[2026-06-04 22:13:45] [INFO] xiaoMei 触发事件：520红包 —— +$1314
[2026-06-04 22:13:46] [INFO] xiaoMei 金钱增加 1314，当前 $11314
[2026-06-04 22:13:47] [INFO] ====== 第 5 回合 ======
[2026-06-04 22:13:47] [INFO] 轮到 naiLong（我） 行动
[2026-06-04 22:13:47] [INFO] ====== 第 5 回合 ======
[2026-06-04 22:13:47] [INFO] 轮到 naiLong（对方） 行动
[2026-06-04 22:13:50] [INFO] naiLong 投掷出了 6 点
[2026-06-04 22:13:50] [WARN] naiLong 生命减少 3，当前 HP=97
[2026-06-04 22:13:50] [INFO] naiLong 投掷出了 6 点
[2026-06-04 22:13:50] [INFO] naiLong 走了 6 步，到达格子 #20
[2026-06-04 22:13:52] [INFO] naiLong 进入 [居民楼7] 格子（索引 20）
[2026-06-04 22:13:54] [INFO] 轮到 xiaoMei（对方） 行动
[2026-06-04 22:13:54] [INFO] 轮到 xiaoMei（我） 行动
[2026-06-04 22:13:55] [INFO] xiaoMei 投掷出了 3 点
[2026-06-04 22:13:55] [INFO] xiaoMei 投掷出了 3 点
[2026-06-04 22:13:55] [INFO] xiaoMei 走了 3 步，到达格子 #17
[2026-06-04 22:13:56] [INFO] xiaoMei 进入 [体育馆2] 格子（索引 17）
[2026-06-04 22:13:58] [INFO] ====== 第 6 回合 ======
[2026-06-04 22:13:58] [INFO] 轮到 naiLong（对方） 行动
[2026-06-04 22:13:58] [INFO] ====== 第 6 回合 ======
[2026-06-04 22:13:58] [INFO] 轮到 naiLong（我） 行动
[2026-06-04 22:13:59] [INFO] naiLong 投掷出了 3 点
[2026-06-04 22:13:59] [WARN] naiLong 生命减少 3，当前 HP=94
[2026-06-04 22:13:59] [INFO] naiLong 投掷出了 3 点
[2026-06-04 22:13:59] [INFO] naiLong 走了 3 步，到达格子 #23
[2026-06-04 22:14:00] [INFO] naiLong 进入 [美食城] 格子（索引 23）
[2026-06-04 22:14:00] [INFO] naiLong 触发事件：被讹 —— -$500
[2026-06-04 22:14:02] [WARN] naiLong 金钱减少 500，当前 $9500
[2026-06-04 22:14:02] [INFO] 轮到 xiaoMei（我） 行动
[2026-06-04 22:14:02] [INFO] 轮到 xiaoMei（对方） 行动
[2026-06-04 22:14:03] [INFO] xiaoMei 投掷出了 1 点
[2026-06-04 22:14:03] [INFO] xiaoMei 投掷出了 1 点
[2026-06-04 22:14:03] [INFO] xiaoMei 走了 1 步，到达格子 #18
[2026-06-04 22:14:04] [INFO] xiaoMei 进入 [居民楼5] 格子（索引 18）
[2026-06-04 22:14:05] [INFO] ====== 第 7 回合 ======
[2026-06-04 22:14:05] [INFO] 轮到 naiLong（对方） 行动
[2026-06-04 22:14:05] [INFO] ====== 第 7 回合 ======
[2026-06-04 22:14:05] [INFO] 轮到 naiLong（我） 行动
[2026-06-04 22:14:10] [INFO] naiLong 投掷出了 5 点
[2026-06-04 22:14:10] [INFO] naiLong 投掷出了 5 点
[2026-06-04 22:14:10] [WARN] naiLong 生命减少 3，当前 HP=91
[2026-06-04 22:14:10] [INFO] naiLong 走了 5 步，到达格子 #28
[2026-06-04 22:14:11] [INFO] naiLong 进入 [居民楼9] 格子（索引 28）
[2026-06-04 22:14:12] [INFO] 轮到 xiaoMei（对方） 行动
[2026-06-04 22:14:13] [INFO] 轮到 xiaoMei（我） 行动
[2026-06-04 22:14:14] [INFO] xiaoMei 投掷出了 6 点
[2026-06-04 22:14:14] [INFO] xiaoMei 投掷出了 6 点
[2026-06-04 22:14:14] [INFO] xiaoMei 走了 6 步，到达格子 #24
[2026-06-04 22:14:16] [INFO] xiaoMei 进入 [皇家赌场] 格子（索引 24）
[2026-06-04 22:14:22] [WARN] xiaoMei 金钱减少 1000，当前 $10314
[2026-06-04 22:14:26] [INFO] xiaoMei 金钱增加 4000，当前 $14314
[2026-06-04 22:14:28] [INFO] ====== 第 8 回合 ======
[2026-06-04 22:14:28] [INFO] 轮到 naiLong（我） 行动
[2026-06-04 22:14:28] [INFO] ====== 第 8 回合 ======
[2026-06-04 22:14:28] [INFO] 轮到 naiLong（对方） 行动
[2026-06-04 22:14:31] [INFO] naiLong 投掷出了 6 点
[2026-06-04 22:14:31] [INFO] naiLong 投掷出了 6 点
[2026-06-04 22:14:31] [WARN] naiLong 生命减少 3，当前 HP=88
[2026-06-04 22:14:31] [INFO] naiLong 走了 6 步，到达格子 #4
[2026-06-04 22:14:33] [INFO] naiLong 进入 [体育馆1] 格子（索引 4）
[2026-06-04 22:14:34] [INFO] 轮到 xiaoMei（对方） 行动
[2026-06-04 22:14:34] [INFO] 轮到 xiaoMei（我） 行动
