[2026-05-31 12:29:25] [INFO] 开场动画播放完毕
[2026-05-31 12:29:25] [INFO] 已切换到游戏菜单
[2026-05-31 12:29:25] [INFO] 游戏菜单加载完毕
[2026-05-31 12:29:27] [INFO] 开始游戏按钮被点击
[2026-05-31 12:29:29] [INFO] naiLong 投掷出了 1 点
[2026-05-31 12:29:30] [INFO] naiLong 进入 [小吃街] 格子（索引 1）
[2026-05-31 12:29:30] [INFO] naiLong 触发事件：学动物叫 —— +$800
[2026-05-31 12:29:32] [INFO] naiLong 金钱增加 800，当前 $10800
[2026-05-31 12:29:46] [INFO] xiaoMei 投掷出了 4 点
[2026-05-31 12:29:47] [INFO] xiaoMei 进入 [体育馆1] 格子（索引 4）
[2026-05-31 12:29:49] [WARN] xiaoMei 金钱减少 2000，当前 $8000
[2026-05-31 12:29:50] [INFO] naiLong 投掷出了 1 点
[2026-05-31 12:29:50] [INFO] naiLong 进入 [居民楼1] 格子（索引 2）
[2026-05-31 12:29:51] [WARN] naiLong 金钱减少 1500，当前 $9300
[2026-05-31 12:29:52] [INFO] xiaoMei 投掷出了 2 点
[2026-05-31 12:29:53] [INFO] xiaoMei 进入 [空地] 格子（索引 6）
[2026-05-31 12:29:54] [INFO] naiLong 投掷出了 5 点
[2026-05-31 12:29:56] [INFO] naiLong 进入 [抽卡点] 格子（索引 7）
[2026-05-31 12:29:56] [INFO] naiLong 抽到了 [路障]
[2026-05-31 12:29:58] [INFO] xiaoMei 投掷出了 5 点
[2026-05-31 12:30:00] [INFO] xiaoMei 进入 [公园] 格子（索引 11）
[2026-05-31 12:30:01] [WARN] xiaoMei 金钱减少 8000，当前 $0
[2026-05-31 12:30:01] [INFO] naiLong 投掷出了 6 点
[2026-05-31 12:30:03] [INFO] naiLong 进入 [居民楼4] 格子（索引 13）
[2026-05-31 12:30:06] [WARN] naiLong 金钱减少 1500，当前 $7800
[2026-05-31 12:30:07] [INFO] xiaoMei 投掷出了 6 点
[2026-05-31 12:30:09] [INFO] xiaoMei 进入 [体育馆2] 格子（索引 17）
[2026-05-31 12:30:17] [INFO] naiLong 投掷出了 4 点
[2026-05-31 12:30:18] [INFO] naiLong 进入 [体育馆2] 格子（索引 17）
[2026-05-31 12:30:19] [WARN] naiLong 金钱减少 2000，当前 $5800
[2026-05-31 12:30:20] [INFO] xiaoMei 投掷出了 4 点
[2026-05-31 12:30:22] [INFO] xiaoMei 进入 [医院2] 格子（索引 21）
[2026-05-31 12:30:25] [INFO] [体育馆2] 埋雷成功
[2026-05-31 12:30:26] [INFO] naiLong 投掷出了 6 点
[2026-05-31 12:30:28] [INFO] naiLong 进入 [美食城] 格子（索引 23）
[2026-05-31 12:30:28] [INFO] naiLong 触发事件：学动物叫 —— +$800
[2026-05-31 12:30:30] [INFO] naiLong 金钱增加 800，当前 $6600
[2026-05-31 12:30:33] [WARN] naiLong 金钱减少 660，当前 $5940
[2026-05-31 12:30:33] [INFO] xiaoMei 金钱增加 660，当前 $660
[2026-05-31 12:30:35] [INFO] xiaoMei 投掷出了 5 点
[2026-05-31 12:30:37] [INFO] xiaoMei 进入 [超市] 格子（索引 26）
[2026-05-31 12:30:39] [INFO] naiLong 投掷出了 5 点
[2026-05-31 12:30:41] [INFO] naiLong 进入 [居民楼9] 格子（索引 28）
[2026-05-31 12:30:42] [WARN] naiLong 金钱减少 1500，当前 $4440
[2026-05-31 12:30:43] [INFO] xiaoMei 投掷出了 1 点
[2026-05-31 12:30:43] [INFO] xiaoMei 进入 [空地] 格子（索引 27）
[2026-05-31 12:30:44] [INFO] naiLong 投掷出了 2 点
[2026-05-31 12:30:45] [INFO] naiLong 进入 [null] 格子（索引 0）
[2026-05-31 12:30:45] [INFO] xiaoMei 投掷出了 3 点
[2026-05-31 12:30:47] [INFO] xiaoMei 进入 [null] 格子（索引 0）
[2026-05-31 12:30:47] [INFO] naiLong 投掷出了 5 点
[2026-05-31 12:30:49] [INFO] naiLong 进入 [旅馆] 格子（索引 5）
[2026-05-31 12:30:51] [WARN] naiLong 金钱减少 3000，当前 $3440
[2026-05-31 12:30:52] [INFO] xiaoMei 投掷出了 4 点
[2026-05-31 12:30:53] [INFO] xiaoMei 进入 [体育馆1] 格子（索引 4）
[2026-05-31 12:30:54] [WARN] xiaoMei 金钱减少 2000，当前 $660
[2026-05-31 12:30:56] [INFO] naiLong 投掷出了 4 点
[2026-05-31 12:30:57] [INFO] naiLong 进入 [医院] 格子（索引 9）
[2026-05-31 12:30:59] [INFO] xiaoMei 投掷出了 6 点
[2026-05-31 12:31:01] [INFO] xiaoMei 进入 [居民楼3] 格子（索引 10）
[2026-05-31 12:31:03] [INFO] naiLong 投掷出了 4 点
[2026-05-31 12:31:05] [INFO] naiLong 进入 [居民楼4] 格子（索引 13）
[2026-05-31 12:31:06] [WARN] naiLong 金钱减少 1500，当前 $1940
[2026-05-31 12:31:07] [INFO] xiaoMei 投掷出了 1 点
[2026-05-31 12:31:08] [INFO] xiaoMei 进入 [公园] 格子（索引 11）
[2026-05-31 12:31:14] [INFO] naiLong 投掷出了 6 点
[2026-05-31 12:31:15] [WARN] [体育馆2] 地雷引爆！
[2026-05-31 12:31:15] [WARN] naiLong 生命减少 40，当前 HP=60
[2026-05-31 12:31:17] [INFO] naiLong 进入 [居民楼6] 格子（索引 19）
[2026-05-31 12:31:17] [WARN] naiLong 金钱减少 1500，当前 $440
[2026-05-31 12:31:18] [INFO] xiaoMei 投掷出了 4 点
[2026-05-31 12:31:19] [INFO] xiaoMei 进入 [体育馆1] 格子（索引 4）
[2026-05-31 12:31:22] [INFO] naiLong 投掷出了 5 点
[2026-05-31 12:31:24] [INFO] naiLong 进入 [皇家赌场] 格子（索引 24）
[2026-05-31 12:31:29] [WARN] naiLong 金钱减少 400，当前 $40
[2026-05-31 12:31:39] [INFO] xiaoMei 投掷出了 5 点
[2026-05-31 12:31:40] [INFO] xiaoMei 进入 [医院] 格子（索引 9）
[2026-05-31 12:31:43] [INFO] naiLong 投掷出了 1 点
[2026-05-31 12:31:43] [INFO] naiLong 进入 [居民楼8] 格子（索引 25）
[2026-05-31 12:31:46] [INFO] xiaoMei 投掷出了 3 点
[2026-05-31 12:31:47] [INFO] xiaoMei 进入 [空地] 格子（索引 12）
[2026-05-31 12:31:47] [INFO] naiLong 投掷出了 6 点
[2026-05-31 12:31:49] [INFO] naiLong 进入 [小吃街] 格子（索引 1）
[2026-05-31 12:31:49] [INFO] naiLong 触发事件：捡到地雷 —— 地雷卡+1
[2026-05-31 12:31:54] [INFO] [空地] 埋雷成功
[2026-05-31 12:32:05] [INFO] xiaoMei 投掷出了 4 点
[2026-05-31 12:32:07] [INFO] xiaoMei 进入 [抽卡点2] 格子（索引 16）
[2026-05-31 12:32:07] [INFO] xiaoMei 抽到了 [偷取]
[2026-05-31 12:32:24] [INFO] 路障放置，选中索引：17
[2026-05-31 12:32:28] [INFO] naiLong 投掷出了 6 点
[2026-05-31 12:32:30] [INFO] naiLong 进入 [抽卡点] 格子（索引 7）
[2026-05-31 12:32:30] [INFO] naiLong 抽到了 [万能骰子]
[2026-05-31 12:32:32] [INFO] xiaoMei 投掷出了 6 点
[2026-05-31 12:32:34] [INFO] xiaoMei 进入 [体育馆2] 格子（索引 17）
[2026-05-31 12:32:35] [WARN] xiaoMei 金钱减少 400，当前 $260
[2026-05-31 12:32:35] [INFO] naiLong 金钱增加 400，当前 $2440
[2026-05-31 12:32:47] [INFO] naiLong 投掷出了 1 点
[2026-05-31 12:32:48] [INFO] naiLong 进入 [商店] 格子（索引 8）
[2026-05-31 12:32:53] [WARN] naiLong 金钱减少 2000，当前 $440
[2026-05-31 12:33:02] [INFO] xiaoMei 投掷出了 5 点
[2026-05-31 12:33:03] [INFO] xiaoMei 进入 [抽卡点3] 格子（索引 22）
[2026-05-31 12:33:03] [INFO] xiaoMei 抽到了 [包子]
[2026-05-31 12:33:09] [INFO] naiLong 投掷出了 5 点
[2026-05-31 12:33:11] [WARN] [空地] 地雷引爆！
[2026-05-31 12:33:11] [WARN] naiLong 生命减少 40，当前 HP=20
[2026-05-31 12:33:12] [INFO] naiLong 进入 [居民楼4] 格子（索引 13）
[2026-05-31 12:35:17] [INFO] 开场动画播放完毕
[2026-05-31 12:35:17] [INFO] 已切换到游戏菜单
[2026-05-31 12:35:17] [INFO] 游戏菜单加载完毕
[2026-05-31 12:35:20] [INFO] 开始游戏按钮被点击
[2026-05-31 12:36:51] [INFO] 开场动画播放完毕
[2026-05-31 12:36:51] [INFO] 已切换到游戏菜单
[2026-05-31 12:36:51] [INFO] 游戏菜单加载完毕
[2026-05-31 12:36:52] [INFO] 制作团队按钮被点击
[2026-05-31 12:36:54] [INFO] 游戏说明按钮被点击
[2026-05-31 12:36:56] [INFO] 开始游戏按钮被点击
[2026-05-31 12:38:44] [DEBUG] 点击坐标: [1482, 30]
[2026-05-31 13:37:29] [DEBUG] 点击坐标: [1229, 410]
[2026-05-31 13:39:58] [INFO] 开场动画播放完毕
[2026-05-31 13:39:58] [INFO] 已切换到游戏菜单
[2026-05-31 13:39:58] [INFO] 游戏菜单加载完毕
[2026-05-31 13:39:59] [INFO] 游戏说明按钮被点击
[2026-05-31 13:40:46] [INFO] 开场动画播放完毕
[2026-05-31 13:40:46] [INFO] 已切换到游戏菜单
[2026-05-31 13:40:46] [INFO] 游戏菜单加载完毕
[2026-05-31 13:40:47] [INFO] 游戏说明按钮被点击
[2026-05-31 13:40:50] [INFO] 制作团队按钮被点击
[2026-05-31 13:40:55] [INFO] 开始游戏按钮被点击
