[2026-06-02 15:26:06] [INFO] 开场动画播放完毕
[2026-06-02 15:26:06] [INFO] 模式选择面板加载完毕
[2026-06-02 15:26:06] [INFO] 联机对战面板加载完毕
[2026-06-02 15:26:06] [INFO] 已切换到游戏菜单
[2026-06-02 15:26:06] [INFO] 游戏菜单加载完毕
[2026-06-02 15:26:08] [INFO] 开始游戏按钮被点击 → 进入模式选择
[2026-06-02 15:26:19] [INFO] 选择模式：双人对战
[2026-06-02 16:49:58] [INFO] 开场动画播放完毕
[2026-06-02 16:49:58] [INFO] 模式选择面板加载完毕
[2026-06-02 16:49:58] [INFO] 联机对战面板加载完毕
[2026-06-02 16:49:58] [INFO] 已切换到游戏菜单
[2026-06-02 16:49:58] [INFO] 游戏菜单加载完毕
[2026-06-02 16:50:00] [INFO] 开始游戏按钮被点击 → 进入模式选择
[2026-06-02 16:50:00] [INFO] 选择模式：双人对战
[2026-06-02 17:08:31] [INFO] 开场动画播放完毕
[2026-06-02 17:08:31] [INFO] 模式选择面板加载完毕
[2026-06-02 17:08:31] [INFO] 联机对战面板加载完毕
[2026-06-02 17:08:31] [INFO] 已切换到游戏菜单
[2026-06-02 17:08:31] [INFO] 游戏菜单加载完毕
[2026-06-02 17:08:32] [INFO] 开始游戏按钮被点击 → 进入模式选择
[2026-06-02 17:08:33] [INFO] 选择模式：联机对战
[2026-06-02 17:08:35] [INFO] 联机：创建房间
[2026-06-02 17:08:37] [INFO] 联机：创建房间
[2026-06-02 17:08:37] [INFO] 联机：创建房间
[2026-06-02 17:08:41] [INFO] 开始游戏按钮被点击 → 进入模式选择
[2026-06-02 17:08:41] [INFO] 选择模式：联机对战
[2026-06-02 17:08:43] [INFO] 联机：创建房间
[2026-06-02 17:22:28] [INFO] 开场动画播放完毕
[2026-06-02 17:22:28] [INFO] 模式选择面板加载完毕
[2026-06-02 17:22:28] [INFO] 联机对战面板加载完毕
[2026-06-02 17:22:28] [INFO] 已切换到游戏菜单
[2026-06-02 17:22:28] [INFO] 游戏菜单加载完毕
[2026-06-02 17:22:33] [INFO] 开始游戏按钮被点击 → 进入模式选择
[2026-06-02 17:22:34] [INFO] 选择模式：联机对战
[2026-06-02 17:22:35] [INFO] 联机：创建房间
[2026-06-02 17:22:35] [INFO] 自动启动本地服务端...
[2026-06-02 17:22:42] [INFO] 联机：创建房间
[2026-06-02 17:22:42] [INFO] 服务端已在运行（端口 8080 被占用），跳过启动
[2026-06-02 17:23:11] [INFO] 开始游戏按钮被点击 → 进入模式选择
[2026-06-02 17:23:11] [INFO] 选择模式：联机对战
[2026-06-02 17:23:13] [INFO] 联机：创建房间
[2026-06-02 17:23:13] [INFO] 服务端已在运行（端口 8080 被占用），跳过启动
[2026-06-02 17:28:25] [INFO] 开场动画播放完毕
[2026-06-02 17:28:25] [INFO] 已切换到游戏菜单
[2026-06-02 17:28:25] [INFO] 游戏菜单加载完毕
[2026-06-02 17:28:26] [INFO] 开场动画播放完毕
[2026-06-02 17:28:26] [INFO] 已切换到游戏菜单
[2026-06-02 17:28:26] [INFO] 游戏菜单加载完毕
[2026-06-02 17:28:26] [INFO] 开始游戏按钮被点击
[2026-06-02 17:29:12] [INFO] 开场动画播放完毕
[2026-06-02 17:29:12] [INFO] 已切换到游戏菜单
[2026-06-02 17:29:12] [INFO] 游戏菜单加载完毕
[2026-06-02 17:29:12] [INFO] 开始游戏按钮被点击
[2026-06-02 17:43:17] [INFO] 开场动画播放完毕
[2026-06-02 17:43:17] [INFO] 模式选择面板加载完毕
[2026-06-02 17:43:17] [INFO] 联机对战面板加载完毕
[2026-06-02 17:43:17] [INFO] 已切换到游戏菜单
[2026-06-02 17:43:17] [INFO] 游戏菜单加载完毕
[2026-06-02 17:43:26] [INFO] 开始游戏按钮被点击 → 进入模式选择
[2026-06-02 17:43:28] [INFO] 选择模式：联机对战
[2026-06-02 17:43:29] [INFO] 联机：创建房间
[2026-06-02 17:43:29] [INFO] 服务端已在运行（端口 8080 被占用），跳过启动
[2026-06-02 17:44:02] [INFO] 开始游戏按钮被点击 → 进入模式选择
[2026-06-02 17:44:02] [INFO] 选择模式：联机对战
[2026-06-02 17:44:06] [INFO] 联机：加入房间 5901
[2026-06-02 17:44:07] [INFO] 联机：创建房间
[2026-06-02 17:44:07] [INFO] 服务端已在运行（端口 8080 被占用），跳过启动
[2026-06-02 17:46:52] [INFO] 开场动画播放完毕
[2026-06-02 17:46:52] [INFO] 模式选择面板加载完毕
[2026-06-02 17:46:52] [INFO] 联机对战面板加载完毕
[2026-06-02 17:46:53] [INFO] 已切换到游戏菜单
[2026-06-02 17:46:53] [INFO] 游戏菜单加载完毕
[2026-06-02 17:46:54] [INFO] 开始游戏按钮被点击 → 进入模式选择
[2026-06-02 17:46:55] [INFO] 选择模式：联机对战
[2026-06-02 17:46:59] [INFO] 联机：创建房间
[2026-06-02 17:46:59] [INFO] 服务端已在运行（端口 8080 被占用），跳过启动
[2026-06-02 17:47:09] [INFO] naiLong 投掷出了 3 点
[2026-06-02 17:47:09] [INFO] ====== 第 1 回合 ======
[2026-06-02 17:47:10] [INFO] naiLong 进入 [居民楼2] 格子（索引 3）
[2026-06-02 17:47:11] [WARN] naiLong 金钱减少 1500，当前 $8500
