[2026-06-06 15:34:14] [INFO] 开场动画播放完毕
[2026-06-06 15:34:15] [INFO] 模式选择面板加载完毕
[2026-06-06 15:34:15] [INFO] 联机对战面板加载完毕
[2026-06-06 15:34:15] [INFO] 已切换到游戏菜单
[2026-06-06 15:34:15] [INFO] 游戏菜单加载完毕
[2026-06-06 15:34:17] [INFO] 开场动画播放完毕
[2026-06-06 15:34:17] [INFO] 模式选择面板加载完毕
[2026-06-06 15:34:17] [INFO] 联机对战面板加载完毕
[2026-06-06 15:34:17] [INFO] 已切换到游戏菜单
[2026-06-06 15:34:17] [INFO] 游戏菜单加载完毕
[2026-06-06 15:34:18] [INFO] 开始游戏按钮被点击 → 进入模式选择
[2026-06-06 15:34:20] [INFO] 开始游戏按钮被点击 → 进入模式选择
[2026-06-06 15:34:20] [INFO] 选择模式：联机对战
[2026-06-06 15:34:21] [INFO] 选择模式：联机对战
[2026-06-06 15:34:24] [INFO] 联机：创建房间
[2026-06-06 15:34:24] [INFO] 服务端已在运行（端口 8080 被占用），跳过启动
[2026-06-06 15:34:24] [INFO] 联机：创建房间
[2026-06-06 15:34:24] [INFO] 服务端已在运行（端口 8080 被占用），跳过启动
[2026-06-06 15:34:28] [INFO] 开始游戏按钮被点击 → 进入模式选择
[2026-06-06 15:34:29] [INFO] 选择模式：联机对战
[2026-06-06 15:34:40] [INFO] 联机：加入房间 0548
[2026-06-06 15:34:45] [INFO] naiLong 投掷出了 5 点
[2026-06-06 15:34:45] [INFO] naiLong 投掷出了 5 点
[2026-06-06 15:34:45] [INFO] naiLong 走了 5 步，到达格子 #5
[2026-06-06 15:34:47] [INFO] naiLong 进入 [旅馆] 格子（索引 5）
[2026-06-06 15:34:48] [INFO] ====== 第 1 回合 ======
[2026-06-06 15:34:48] [INFO] 轮到 xiaoMei（对方） 行动
[2026-06-06 15:34:48] [INFO] ====== 第 1 回合 ======
[2026-06-06 15:34:48] [INFO] 轮到 xiaoMei（我） 行动
[2026-06-06 15:34:53] [INFO] xiaoMei 投掷出了 6 点
[2026-06-06 15:34:53] [INFO] xiaoMei 投掷出了 6 点
[2026-06-06 15:34:53] [INFO] xiaoMei 走了 6 步，到达格子 #6
[2026-06-06 15:34:55] [INFO] xiaoMei 进入 [空地] 格子（索引 6）
[2026-06-06 15:34:55] [INFO] ====== 第 2 回合 ======
[2026-06-06 15:34:55] [INFO] 轮到 naiLong（我） 行动
[2026-06-06 15:34:55] [INFO] ====== 第 2 回合 ======
[2026-06-06 15:34:55] [INFO] 轮到 naiLong（对方） 行动
[2026-06-06 15:34:57] [INFO] naiLong 投掷出了 4 点
[2026-06-06 15:34:57] [INFO] naiLong 投掷出了 4 点
[2026-06-06 15:34:57] [INFO] naiLong 走了 4 步，到达格子 #9
[2026-06-06 15:34:59] [INFO] naiLong 进入 [医院] 格子（索引 9）
[2026-06-06 15:35:01] [INFO] 轮到 xiaoMei（我） 行动
[2026-06-06 15:35:01] [INFO] 轮到 xiaoMei（对方） 行动
[2026-06-06 15:35:03] [INFO] xiaoMei 投掷出了 6 点
[2026-06-06 15:35:03] [INFO] xiaoMei 走了 6 步，到达格子 #12
[2026-06-06 15:35:03] [INFO] xiaoMei 投掷出了 6 点
[2026-06-06 15:35:05] [INFO] xiaoMei 进入 [空地] 格子（索引 12）
[2026-06-06 15:35:05] [INFO] ====== 第 3 回合 ======
[2026-06-06 15:35:05] [INFO] 轮到 naiLong（我） 行动
[2026-06-06 15:35:05] [INFO] ====== 第 3 回合 ======
[2026-06-06 15:35:05] [INFO] 轮到 naiLong（对方） 行动
[2026-06-06 15:35:06] [INFO] naiLong 投掷出了 5 点
[2026-06-06 15:35:06] [INFO] naiLong 投掷出了 5 点
[2026-06-06 15:35:06] [INFO] naiLong 走了 5 步，到达格子 #14
[2026-06-06 15:35:08] [INFO] naiLong 进入 [市民公园] 格子（索引 14）
[2026-06-06 15:35:08] [INFO] naiLong 触发事件：大亨投资 —— 随机地产升级
[2026-06-06 15:35:10] [INFO] 轮到 xiaoMei（我） 行动
[2026-06-06 15:35:10] [INFO] 轮到 xiaoMei（对方） 行动
[2026-06-06 15:35:12] [INFO] xiaoMei 投掷出了 2 点
[2026-06-06 15:35:12] [INFO] xiaoMei 投掷出了 2 点
[2026-06-06 15:35:12] [INFO] xiaoMei 走了 2 步，到达格子 #14
[2026-06-06 15:35:13] [INFO] xiaoMei 进入 [市民公园] 格子（索引 14）
[2026-06-06 15:35:13] [INFO] xiaoMei 触发事件：大亨投资 —— 随机地产升级
[2026-06-06 15:35:15] [INFO] ====== 第 4 回合 ======
[2026-06-06 15:35:15] [INFO] 轮到 naiLong（我） 行动
[2026-06-06 15:35:15] [INFO] ====== 第 4 回合 ======
[2026-06-06 15:35:15] [INFO] 轮到 naiLong（对方） 行动
[2026-06-06 15:35:17] [INFO] naiLong 投掷出了 5 点
[2026-06-06 15:35:17] [INFO] naiLong 投掷出了 5 点
[2026-06-06 15:35:17] [INFO] naiLong 走了 5 步，到达格子 #19
[2026-06-06 15:35:18] [INFO] naiLong 进入 [居民楼6] 格子（索引 19）
[2026-06-06 15:35:19] [INFO] 轮到 xiaoMei（对方） 行动
[2026-06-06 15:35:19] [INFO] 轮到 xiaoMei（我） 行动
[2026-06-06 15:35:24] [INFO] xiaoMei 投掷出了 6 点
[2026-06-06 15:35:24] [INFO] xiaoMei 投掷出了 6 点
[2026-06-06 15:35:24] [INFO] xiaoMei 走了 6 步，到达格子 #20
[2026-06-06 15:35:26] [INFO] xiaoMei 进入 [居民楼7] 格子（索引 20）
[2026-06-06 15:35:27] [INFO] ====== 第 5 回合 ======
[2026-06-06 15:35:27] [INFO] 轮到 naiLong（对方） 行动
[2026-06-06 15:35:27] [INFO] ====== 第 5 回合 ======
[2026-06-06 15:35:27] [INFO] 轮到 naiLong（我） 行动
[2026-06-06 15:35:28] [INFO] naiLong 投掷出了 5 点
[2026-06-06 15:35:28] [INFO] naiLong 投掷出了 5 点
[2026-06-06 15:35:28] [INFO] naiLong 走了 5 步，到达格子 #24
[2026-06-06 15:35:30] [INFO] naiLong 进入 [皇家赌场] 格子（索引 24）
[2026-06-06 15:35:34] [WARN] naiLong 金钱减少 1555，当前 $8445
[2026-06-06 15:35:39] [INFO] 轮到 xiaoMei（我） 行动
[2026-06-06 15:35:39] [INFO] 轮到 xiaoMei（对方） 行动
[2026-06-06 16:20:55] [INFO] 开场动画播放完毕
[2026-06-06 16:20:55] [INFO] 模式选择面板加载完毕
[2026-06-06 16:20:55] [INFO] 联机对战面板加载完毕
[2026-06-06 16:20:55] [INFO] 已切换到游戏菜单
[2026-06-06 16:20:55] [INFO] 游戏菜单加载完毕
[2026-06-06 16:20:56] [INFO] 开场动画播放完毕
[2026-06-06 16:20:56] [INFO] 模式选择面板加载完毕
[2026-06-06 16:20:56] [INFO] 联机对战面板加载完毕
[2026-06-06 16:20:56] [INFO] 已切换到游戏菜单
[2026-06-06 16:20:56] [INFO] 游戏菜单加载完毕
[2026-06-06 16:21:00] [INFO] 开始游戏按钮被点击 → 进入模式选择
[2026-06-06 16:21:02] [INFO] 开始游戏按钮被点击 → 进入模式选择
[2026-06-06 16:21:03] [INFO] 选择模式：双人对战
[2026-06-06 16:21:06] [INFO] naiLong 投掷出了 3 点
[2026-06-06 16:21:06] [INFO] ====== 第 1 回合 ======
[2026-06-06 16:21:08] [INFO] naiLong 进入 [居民楼2] 格子（索引 3）
[2026-06-06 16:21:09] [WARN] naiLong 金钱减少 1500，当前 $8500
[2026-06-06 16:21:10] [INFO] xiaoMei 投掷出了 3 点
[2026-06-06 16:21:10] [INFO] ====== 第 2 回合 ======
[2026-06-06 16:21:16] [INFO] 开场动画播放完毕
[2026-06-06 16:21:16] [INFO] 模式选择面板加载完毕
[2026-06-06 16:21:16] [INFO] 联机对战面板加载完毕
[2026-06-06 16:21:16] [INFO] 已切换到游戏菜单
[2026-06-06 16:21:17] [INFO] 游戏菜单加载完毕
[2026-06-06 16:21:18] [INFO] 开始游戏按钮被点击 → 进入模式选择
[2026-06-06 16:21:18] [INFO] 开场动画播放完毕
[2026-06-06 16:21:18] [INFO] 模式选择面板加载完毕
[2026-06-06 16:21:18] [INFO] 联机对战面板加载完毕
[2026-06-06 16:21:18] [INFO] 已切换到游戏菜单
[2026-06-06 16:21:18] [INFO] 游戏菜单加载完毕
[2026-06-06 16:21:19] [INFO] 开始游戏按钮被点击 → 进入模式选择
[2026-06-06 16:21:19] [INFO] 选择模式：联机对战
[2026-06-06 16:21:20] [INFO] 选择模式：联机对战
[2026-06-06 16:21:21] [INFO] 联机：创建房间
[2026-06-06 16:21:21] [INFO] 自动启动本地服务端...
[2026-06-06 16:21:23] [INFO] 联机：创建房间
[2026-06-06 16:21:23] [INFO] 服务端已在运行（端口 8080 被占用），跳过启动
[2026-06-06 16:21:27] [INFO] 联机：加入房间 5175
[2026-06-06 16:21:33] [INFO] naiLong 投掷出了 1 点
[2026-06-06 16:21:33] [INFO] naiLong 投掷出了 1 点
[2026-06-06 16:21:33] [INFO] naiLong 走了 1 步，到达格子 #1
[2026-06-06 16:21:34] [INFO] naiLong 进入 [小吃街] 格子（索引 1）
[2026-06-06 16:21:34] [INFO] naiLong 触发事件：股票亏损 —— -$2000
[2026-06-06 16:21:35] [WARN] naiLong 金钱减少 2000，当前 $8000
[2026-06-06 16:21:35] [INFO] ====== 第 1 回合 ======
[2026-06-06 16:21:35] [INFO] 轮到 xiaoMei（我） 行动
[2026-06-06 16:21:36] [INFO] ====== 第 1 回合 ======
[2026-06-06 16:21:36] [INFO] 轮到 xiaoMei（对方） 行动
[2026-06-06 16:21:38] [INFO] xiaoMei 投掷出了 2 点
[2026-06-06 16:21:38] [INFO] xiaoMei 投掷出了 2 点
[2026-06-06 16:21:38] [INFO] xiaoMei 走了 2 步，到达格子 #2
[2026-06-06 16:21:39] [INFO] xiaoMei 进入 [居民楼1] 格子（索引 2）
[2026-06-06 16:21:40] [WARN] xiaoMei 金钱减少 1500，当前 $8500
[2026-06-06 16:21:40] [WARN] xiaoMei 金钱减少 1500，当前 $8500
[2026-06-06 16:21:40] [INFO] xiaoMei 购买了 居民楼1，花费 $1500
[2026-06-06 16:21:40] [INFO] ====== 第 2 回合 ======
[2026-06-06 16:21:40] [INFO] 轮到 naiLong（我） 行动
[2026-06-06 16:21:40] [INFO] ====== 第 2 回合 ======
[2026-06-06 16:21:40] [INFO] 轮到 naiLong（对方） 行动
[2026-06-06 16:21:42] [INFO] naiLong 投掷出了 3 点
[2026-06-06 16:21:42] [INFO] naiLong 投掷出了 3 点
[2026-06-06 16:21:42] [INFO] naiLong 走了 3 步，到达格子 #4
[2026-06-06 16:21:43] [INFO] naiLong 进入 [体育馆1] 格子（索引 4）
[2026-06-06 16:21:44] [WARN] naiLong 金钱减少 2000，当前 $6000
[2026-06-06 16:21:44] [WARN] naiLong 金钱减少 2000，当前 $8000
[2026-06-06 16:21:44] [INFO] naiLong 购买了 体育馆1，花费 $2000
[2026-06-06 16:21:44] [INFO] 轮到 xiaoMei（我） 行动
[2026-06-06 16:21:44] [INFO] 轮到 xiaoMei（对方） 行动
[2026-06-06 16:21:46] [INFO] xiaoMei 投掷出了 5 点
[2026-06-06 16:21:46] [INFO] xiaoMei 投掷出了 5 点
[2026-06-06 16:21:46] [INFO] xiaoMei 走了 5 步，到达格子 #7
[2026-06-06 16:21:47] [INFO] xiaoMei 进入 [抽卡点] 格子（索引 7）
[2026-06-06 16:21:47] [INFO] xiaoMei 抽到了 [偷取]
[2026-06-06 16:21:48] [INFO] ====== 第 3 回合 ======
[2026-06-06 16:21:48] [INFO] 轮到 naiLong（我） 行动
[2026-06-06 16:21:49] [INFO] ====== 第 3 回合 ======
[2026-06-06 16:21:49] [INFO] 轮到 naiLong（对方） 行动
[2026-06-06 16:21:58] [INFO] naiLong 投掷出了 2 点
[2026-06-06 16:21:58] [INFO] naiLong 投掷出了 2 点
[2026-06-06 16:21:58] [INFO] naiLong 走了 2 步，到达格子 #6
[2026-06-06 16:21:59] [INFO] naiLong 进入 [空地] 格子（索引 6）
[2026-06-06 16:21:59] [INFO] 轮到 xiaoMei（我） 行动
[2026-06-06 16:21:59] [INFO] 轮到 xiaoMei（对方） 行动
[2026-06-06 16:22:01] [INFO] xiaoMei 投掷出了 3 点
[2026-06-06 16:22:01] [INFO] xiaoMei 投掷出了 3 点
[2026-06-06 16:22:01] [INFO] xiaoMei 走了 3 步，到达格子 #10
[2026-06-06 16:22:03] [INFO] xiaoMei 进入 [居民楼3] 格子（索引 10）
[2026-06-06 16:22:03] [WARN] xiaoMei 金钱减少 1500，当前 $7000
[2026-06-06 16:22:03] [WARN] xiaoMei 金钱减少 1500，当前 $7000
[2026-06-06 16:22:03] [INFO] xiaoMei 购买了 居民楼3，花费 $1500
[2026-06-06 16:22:03] [INFO] ====== 第 4 回合 ======
[2026-06-06 16:22:03] [INFO] 轮到 naiLong（我） 行动
[2026-06-06 16:22:03] [INFO] ====== 第 4 回合 ======
[2026-06-06 16:22:03] [INFO] 轮到 naiLong（对方） 行动
[2026-06-06 16:22:04] [INFO] naiLong 投掷出了 2 点
[2026-06-06 16:22:04] [INFO] naiLong 投掷出了 2 点
[2026-06-06 16:22:04] [INFO] naiLong 走了 2 步，到达格子 #8
[2026-06-06 16:22:05] [INFO] naiLong 进入 [商店] 格子（索引 8）
[2026-06-06 16:22:13] [WARN] naiLong 金钱减少 1000，当前 $5000
[2026-06-06 16:22:13] [INFO] 轮到 xiaoMei（我） 行动
[2026-06-06 16:22:13] [INFO] 轮到 xiaoMei（对方） 行动
[2026-06-06 16:22:16] [WARN] naiLong 金钱减少 800，当前 $7200
[2026-06-06 16:22:16] [INFO] xiaoMei 金钱增加 800，当前 $7800
[2026-06-06 16:22:20] [INFO] xiaoMei 投掷出了 4 点
[2026-06-06 16:22:20] [INFO] xiaoMei 投掷出了 4 点
[2026-06-06 16:22:20] [INFO] xiaoMei 走了 4 步，到达格子 #14
[2026-06-06 16:22:22] [INFO] xiaoMei 进入 [市民公园] 格子（索引 14）
[2026-06-06 16:22:22] [INFO] xiaoMei 触发事件：股票亏损 —— -$2000
[2026-06-06 16:22:23] [WARN] xiaoMei 金钱减少 2000，当前 $5800
[2026-06-06 16:22:23] [INFO] ====== 第 5 回合 ======
[2026-06-06 16:22:23] [INFO] 轮到 naiLong（我） 行动
[2026-06-06 16:22:23] [INFO] ====== 第 5 回合 ======
[2026-06-06 16:22:23] [INFO] 轮到 naiLong（对方） 行动
[2026-06-06 16:22:27] [INFO] naiLong 投掷出了 6 点
[2026-06-06 16:22:27] [INFO] naiLong 投掷出了 6 点
[2026-06-06 16:22:27] [INFO] naiLong 走了 6 步，到达格子 #14
[2026-06-06 16:22:29] [INFO] naiLong 进入 [市民公园] 格子（索引 14）
[2026-06-06 16:22:29] [INFO] naiLong 触发事件：重返高中 —— HP-20，停止一回合
[2026-06-06 16:22:30] [WARN] naiLong 生命减少 20，当前 HP=80
[2026-06-06 16:22:30] [INFO] 轮到 xiaoMei（我） 行动
[2026-06-06 16:22:30] [INFO] 轮到 xiaoMei（对方） 行动
[2026-06-06 16:22:35] [INFO] xiaoMei 投掷出了 5 点
[2026-06-06 16:22:35] [INFO] xiaoMei 投掷出了 5 点
[2026-06-06 16:22:35] [INFO] xiaoMei 走了 5 步，到达格子 #19
[2026-06-06 16:22:37] [INFO] xiaoMei 进入 [居民楼6] 格子（索引 19）
[2026-06-06 16:22:38] [WARN] xiaoMei 金钱减少 1500，当前 $4300
[2026-06-06 16:22:38] [WARN] xiaoMei 金钱减少 1500，当前 $5500
[2026-06-06 16:22:38] [INFO] xiaoMei 购买了 居民楼6，花费 $1500
[2026-06-06 16:22:38] [INFO] 轮到 xiaoMei（对方） 行动
[2026-06-06 16:22:38] [INFO] 轮到 xiaoMei（我） 行动
[2026-06-06 16:22:43] [INFO] xiaoMei 投掷出了 2 点
[2026-06-06 16:22:43] [INFO] xiaoMei 投掷出了 2 点
[2026-06-06 16:22:43] [INFO] xiaoMei 走了 2 步，到达格子 #21
[2026-06-06 16:22:44] [INFO] xiaoMei 进入 [医院2] 格子（索引 21）
[2026-06-06 16:22:46] [INFO] ====== 第 6 回合 ======
[2026-06-06 16:22:46] [INFO] 轮到 naiLong（我） 行动
[2026-06-06 16:22:46] [INFO] ====== 第 6 回合 ======
[2026-06-06 16:22:46] [INFO] 轮到 naiLong（对方） 行动
[2026-06-06 16:24:49] [INFO] 开场动画播放完毕
[2026-06-06 16:24:49] [INFO] 模式选择面板加载完毕
[2026-06-06 16:24:49] [INFO] 联机对战面板加载完毕
[2026-06-06 16:24:49] [INFO] 已切换到游戏菜单
[2026-06-06 16:24:49] [INFO] 游戏菜单加载完毕
[2026-06-06 16:24:52] [INFO] 开场动画播放完毕
[2026-06-06 16:24:53] [INFO] 模式选择面板加载完毕
[2026-06-06 16:24:53] [INFO] 联机对战面板加载完毕
[2026-06-06 16:24:53] [INFO] 已切换到游戏菜单
[2026-06-06 16:24:53] [INFO] 游戏菜单加载完毕
[2026-06-06 16:24:53] [INFO] 开始游戏按钮被点击 → 进入模式选择
[2026-06-06 16:24:54] [INFO] 开始游戏按钮被点击 → 进入模式选择
[2026-06-06 16:24:55] [INFO] 选择模式：联机对战
[2026-06-06 16:24:56] [INFO] 选择模式：联机对战
[2026-06-06 16:24:59] [INFO] 联机：创建房间
[2026-06-06 16:24:59] [INFO] 服务端已在运行（端口 8080 被占用），跳过启动
[2026-06-06 16:25:03] [INFO] 联机：加入房间 2537
[2026-06-06 16:25:22] [INFO] naiLong 投掷出了 2 点
[2026-06-06 16:25:22] [INFO] naiLong 投掷出了 2 点
[2026-06-06 16:25:22] [INFO] naiLong 走了 2 步，到达格子 #2
[2026-06-06 16:25:23] [INFO] naiLong 进入 [居民楼1] 格子（索引 2）
[2026-06-06 16:25:24] [WARN] naiLong 金钱减少 1500，当前 $8500
[2026-06-06 16:25:24] [WARN] naiLong 金钱减少 1500，当前 $8500
[2026-06-06 16:25:24] [INFO] naiLong 购买了 居民楼1，花费 $1500
[2026-06-06 16:25:24] [INFO] ====== 第 1 回合 ======
[2026-06-06 16:25:24] [INFO] 轮到 xiaoMei（对方） 行动
[2026-06-06 16:25:24] [INFO] ====== 第 1 回合 ======
[2026-06-06 16:25:24] [INFO] 轮到 xiaoMei（我） 行动
